{"/mnt/c/Users/송용준/Desktop/Dev/projectmanager/vibereport-extension/src/extension.ts": {"path":"/mnt/c/Users/송용준/Desktop/Dev/projectmanager/vibereport-extension/src/extension.ts","statementMap":{"0":{"start":{"line":25,"column":2},"end":{"line":25,"column":null}},"1":{"start":{"line":26,"column":2},"end":{"line":26,"column":null}},"2":{"start":{"line":29,"column":5},"end":{"line":29,"column":null}},"3":{"start":{"line":31,"column":2},"end":{"line":31,"column":null}},"4":{"start":{"line":32,"column":2},"end":{"line":32,"column":null}},"5":{"start":{"line":33,"column":2},"end":{"line":33,"column":null}},"6":{"start":{"line":34,"column":2},"end":{"line":34,"column":null}},"7":{"start":{"line":37,"column":24},"end":{"line":37,"column":null}},"8":{"start":{"line":38,"column":31},"end":{"line":38,"column":null}},"9":{"start":{"line":39,"column":34},"end":{"line":42,"column":null}},"10":{"start":{"line":43,"column":29},"end":{"line":43,"column":null}},"11":{"start":{"line":44,"column":27},"end":{"line":44,"column":null}},"12":{"start":{"line":45,"column":32},"end":{"line":45,"column":null}},"13":{"start":{"line":46,"column":29},"end":{"line":46,"column":null}},"14":{"start":{"line":47,"column":30},"end":{"line":47,"column":null}},"15":{"start":{"line":48,"column":30},"end":{"line":48,"column":null}},"16":{"start":{"line":49,"column":35},"end":{"line":49,"column":null}},"17":{"start":{"line":52,"column":8},"end":{"line":52,"column":null}},"18":{"start":{"line":53,"column":33},"end":{"line":59,"column":null}},"19":{"start":{"line":54,"column":16},"end":{"line":54,"column":null}},"20":{"start":{"line":55,"column":4},"end":{"line":58,"column":null}},"21":{"start":{"line":61,"column":28},"end":{"line":86,"column":null}},"22":{"start":{"line":67,"column":10},"end":{"line":67,"column":null}},"23":{"start":{"line":69,"column":22},"end":{"line":69,"column":null}},"24":{"start":{"line":70,"column":6},"end":{"line":84,"column":null}},"25":{"start":{"line":71,"column":90},"end":{"line":77,"column":null}},"26":{"start":{"line":73,"column":12},"end":{"line":75,"column":null}},"27":{"start":{"line":74,"column":14},"end":{"line":74,"column":null}},"28":{"start":{"line":79,"column":8},"end":{"line":83,"column":null}},"29":{"start":{"line":87,"column":2},"end":{"line":87,"column":null}},"30":{"start":{"line":89,"column":2},"end":{"line":89,"column":null}},"31":{"start":{"line":90,"column":2},"end":{"line":99,"column":null}},"32":{"start":{"line":92,"column":6},"end":{"line":97,"column":null}},"33":{"start":{"line":96,"column":8},"end":{"line":96,"column":null}},"34":{"start":{"line":102,"column":30},"end":{"line":102,"column":null}},"35":{"start":{"line":103,"column":2},"end":{"line":103,"column":null}},"36":{"start":{"line":104,"column":2},"end":{"line":104,"column":null}},"37":{"start":{"line":107,"column":2},"end":{"line":110,"column":null}},"38":{"start":{"line":111,"column":2},"end":{"line":111,"column":null}},"39":{"start":{"line":112,"column":2},"end":{"line":112,"column":null}},"40":{"start":{"line":113,"column":2},"end":{"line":113,"column":null}},"41":{"start":{"line":114,"column":2},"end":{"line":114,"column":null}},"42":{"start":{"line":115,"column":2},"end":{"line":115,"column":null}},"43":{"start":{"line":118,"column":2},"end":{"line":126,"column":null}},"44":{"start":{"line":120,"column":6},"end":{"line":120,"column":null}},"45":{"start":{"line":122,"column":6},"end":{"line":124,"column":null}},"46":{"start":{"line":123,"column":8},"end":{"line":123,"column":null}},"47":{"start":{"line":129,"column":2},"end":{"line":133,"column":null}},"48":{"start":{"line":131,"column":6},"end":{"line":131,"column":null}},"49":{"start":{"line":136,"column":2},"end":{"line":140,"column":null}},"50":{"start":{"line":138,"column":6},"end":{"line":138,"column":null}},"51":{"start":{"line":143,"column":2},"end":{"line":147,"column":null}},"52":{"start":{"line":145,"column":6},"end":{"line":145,"column":null}},"53":{"start":{"line":150,"column":2},"end":{"line":157,"column":null}},"54":{"start":{"line":152,"column":6},"end":{"line":152,"column":null}},"55":{"start":{"line":153,"column":6},"end":{"line":155,"column":null}},"56":{"start":{"line":154,"column":8},"end":{"line":154,"column":null}},"57":{"start":{"line":160,"column":2},"end":{"line":164,"column":null}},"58":{"start":{"line":162,"column":6},"end":{"line":162,"column":null}},"59":{"start":{"line":167,"column":2},"end":{"line":196,"column":null}},"60":{"start":{"line":169,"column":23},"end":{"line":169,"column":null}},"61":{"start":{"line":170,"column":6},"end":{"line":170,"column":null}},"62":{"start":{"line":170,"column":21},"end":{"line":170,"column":null}},"63":{"start":{"line":172,"column":12},"end":{"line":172,"column":null}},"64":{"start":{"line":173,"column":29},"end":{"line":173,"column":null}},"65":{"start":{"line":175,"column":6},"end":{"line":194,"column":null}},"66":{"start":{"line":177,"column":8},"end":{"line":177,"column":null}},"67":{"start":{"line":178,"column":6},"end":{"line":194,"column":null}},"68":{"start":{"line":180,"column":8},"end":{"line":180,"column":null}},"69":{"start":{"line":181,"column":8},"end":{"line":183,"column":null}},"70":{"start":{"line":182,"column":10},"end":{"line":182,"column":null}},"71":{"start":{"line":188,"column":8},"end":{"line":188,"column":null}},"72":{"start":{"line":191,"column":8},"end":{"line":193,"column":null}},"73":{"start":{"line":192,"column":10},"end":{"line":192,"column":null}},"74":{"start":{"line":199,"column":2},"end":{"line":225,"column":null}},"75":{"start":{"line":201,"column":23},"end":{"line":201,"column":null}},"76":{"start":{"line":202,"column":6},"end":{"line":202,"column":null}},"77":{"start":{"line":202,"column":21},"end":{"line":202,"column":null}},"78":{"start":{"line":204,"column":12},"end":{"line":204,"column":null}},"79":{"start":{"line":205,"column":29},"end":{"line":205,"column":null}},"80":{"start":{"line":207,"column":6},"end":{"line":223,"column":null}},"81":{"start":{"line":209,"column":8},"end":{"line":209,"column":null}},"82":{"start":{"line":210,"column":6},"end":{"line":223,"column":null}},"83":{"start":{"line":212,"column":8},"end":{"line":212,"column":null}},"84":{"start":{"line":213,"column":8},"end":{"line":215,"column":null}},"85":{"start":{"line":214,"column":10},"end":{"line":214,"column":null}},"86":{"start":{"line":218,"column":8},"end":{"line":218,"column":null}},"87":{"start":{"line":220,"column":8},"end":{"line":222,"column":null}},"88":{"start":{"line":221,"column":10},"end":{"line":221,"column":null}},"89":{"start":{"line":228,"column":2},"end":{"line":247,"column":null}},"90":{"start":{"line":230,"column":23},"end":{"line":230,"column":null}},"91":{"start":{"line":231,"column":6},"end":{"line":231,"column":null}},"92":{"start":{"line":231,"column":21},"end":{"line":231,"column":null}},"93":{"start":{"line":233,"column":12},"end":{"line":233,"column":null}},"94":{"start":{"line":234,"column":25},"end":{"line":236,"column":null}},"95":{"start":{"line":238,"column":6},"end":{"line":245,"column":null}},"96":{"start":{"line":239,"column":20},"end":{"line":239,"column":null}},"97":{"start":{"line":240,"column":8},"end":{"line":240,"column":null}},"98":{"start":{"line":242,"column":8},"end":{"line":244,"column":null}},"99":{"start":{"line":250,"column":2},"end":{"line":269,"column":null}},"100":{"start":{"line":252,"column":23},"end":{"line":252,"column":null}},"101":{"start":{"line":253,"column":6},"end":{"line":253,"column":null}},"102":{"start":{"line":253,"column":21},"end":{"line":253,"column":null}},"103":{"start":{"line":255,"column":12},"end":{"line":255,"column":null}},"104":{"start":{"line":256,"column":26},"end":{"line":258,"column":null}},"105":{"start":{"line":260,"column":6},"end":{"line":267,"column":null}},"106":{"start":{"line":261,"column":20},"end":{"line":261,"column":null}},"107":{"start":{"line":262,"column":8},"end":{"line":262,"column":null}},"108":{"start":{"line":264,"column":8},"end":{"line":266,"column":null}},"109":{"start":{"line":272,"column":2},"end":{"line":279,"column":null}},"110":{"start":{"line":276,"column":8},"end":{"line":276,"column":null}},"111":{"start":{"line":282,"column":2},"end":{"line":304,"column":null}},"112":{"start":{"line":284,"column":23},"end":{"line":284,"column":null}},"113":{"start":{"line":285,"column":6},"end":{"line":285,"column":null}},"114":{"start":{"line":285,"column":21},"end":{"line":285,"column":null}},"115":{"start":{"line":287,"column":12},"end":{"line":287,"column":null}},"116":{"start":{"line":288,"column":21},"end":{"line":288,"column":null}},"117":{"start":{"line":290,"column":6},"end":{"line":299,"column":null}},"118":{"start":{"line":291,"column":26},"end":{"line":295,"column":null}},"119":{"start":{"line":296,"column":8},"end":{"line":298,"column":null}},"120":{"start":{"line":297,"column":10},"end":{"line":297,"column":null}},"121":{"start":{"line":302,"column":6},"end":{"line":302,"column":null}},"122":{"start":{"line":307,"column":2},"end":{"line":311,"column":null}},"123":{"start":{"line":309,"column":6},"end":{"line":309,"column":null}},"124":{"start":{"line":314,"column":2},"end":{"line":318,"column":null}},"125":{"start":{"line":316,"column":6},"end":{"line":316,"column":null}},"126":{"start":{"line":321,"column":2},"end":{"line":325,"column":null}},"127":{"start":{"line":323,"column":6},"end":{"line":323,"column":null}},"128":{"start":{"line":328,"column":2},"end":{"line":332,"column":null}},"129":{"start":{"line":330,"column":6},"end":{"line":330,"column":null}},"130":{"start":{"line":335,"column":2},"end":{"line":339,"column":null}},"131":{"start":{"line":337,"column":6},"end":{"line":337,"column":null}},"132":{"start":{"line":346,"column":30},"end":{"line":346,"column":null}},"133":{"start":{"line":347,"column":30},"end":{"line":347,"column":null}},"134":{"start":{"line":348,"column":31},"end":{"line":348,"column":null}},"135":{"start":{"line":350,"column":2},"end":{"line":352,"column":null}},"136":{"start":{"line":354,"column":2},"end":{"line":356,"column":null}},"137":{"start":{"line":358,"column":2},"end":{"line":360,"column":null}},"138":{"start":{"line":363,"column":33},"end":{"line":390,"column":null}},"139":{"start":{"line":364,"column":21},"end":{"line":364,"column":null}},"140":{"start":{"line":365,"column":24},"end":{"line":365,"column":null}},"141":{"start":{"line":367,"column":4},"end":{"line":387,"column":null}},"142":{"start":{"line":368,"column":6},"end":{"line":368,"column":null}},"143":{"start":{"line":369,"column":6},"end":{"line":369,"column":null}},"144":{"start":{"line":371,"column":27},"end":{"line":371,"column":null}},"145":{"start":{"line":372,"column":27},"end":{"line":374,"column":null}},"146":{"start":{"line":375,"column":24},"end":{"line":375,"column":null}},"147":{"start":{"line":377,"column":8},"end":{"line":381,"column":null}},"148":{"start":{"line":383,"column":6},"end":{"line":385,"column":null}},"149":{"start":{"line":386,"column":6},"end":{"line":386,"column":null}},"150":{"start":{"line":389,"column":4},"end":{"line":389,"column":null}},"151":{"start":{"line":392,"column":2},"end":{"line":394,"column":null}},"152":{"start":{"line":393,"column":50},"end":{"line":393,"column":80}},"153":{"start":{"line":395,"column":2},"end":{"line":395,"column":null}},"154":{"start":{"line":398,"column":2},"end":{"line":405,"column":null}},"155":{"start":{"line":400,"column":6},"end":{"line":400,"column":null}},"156":{"start":{"line":401,"column":6},"end":{"line":401,"column":null}},"157":{"start":{"line":402,"column":6},"end":{"line":402,"column":null}},"158":{"start":{"line":403,"column":6},"end":{"line":403,"column":null}},"159":{"start":{"line":408,"column":8},"end":{"line":408,"column":null}},"160":{"start":{"line":409,"column":24},"end":{"line":409,"column":null}},"161":{"start":{"line":410,"column":20},"end":{"line":410,"column":null}},"162":{"start":{"line":411,"column":20},"end":{"line":411,"column":null}},"163":{"start":{"line":414,"column":24},"end":{"line":416,"column":null}},"164":{"start":{"line":419,"column":23},"end":{"line":424,"column":null}},"165":{"start":{"line":426,"column":23},"end":{"line":430,"column":null}},"166":{"start":{"line":427,"column":4},"end":{"line":427,"column":null}},"167":{"start":{"line":428,"column":4},"end":{"line":428,"column":null}},"168":{"start":{"line":429,"column":4},"end":{"line":429,"column":null}},"169":{"start":{"line":432,"column":2},"end":{"line":432,"column":null}},"170":{"start":{"line":433,"column":2},"end":{"line":433,"column":null}},"171":{"start":{"line":434,"column":2},"end":{"line":434,"column":null}},"172":{"start":{"line":436,"column":2},"end":{"line":436,"column":null}},"173":{"start":{"line":437,"column":2},"end":{"line":437,"column":null}},"174":{"start":{"line":439,"column":2},"end":{"line":439,"column":null}},"175":{"start":{"line":440,"column":2},"end":{"line":440,"column":null}},"176":{"start":{"line":441,"column":2},"end":{"line":441,"column":null}},"177":{"start":{"line":442,"column":2},"end":{"line":442,"column":null}},"178":{"start":{"line":445,"column":2},"end":{"line":508,"column":null}},"179":{"start":{"line":447,"column":20},"end":{"line":452,"column":null}},"180":{"start":{"line":454,"column":6},"end":{"line":500,"column":null}},"181":{"start":{"line":512,"column":2},"end":{"line":512,"column":null}},"182":{"start":{"line":516,"column":2},"end":{"line":519,"column":null}},"183":{"start":{"line":517,"column":4},"end":{"line":517,"column":null}},"184":{"start":{"line":518,"column":4},"end":{"line":518,"column":null}},"185":{"start":{"line":525,"column":14},"end":{"line":525,"column":null}},"186":{"start":{"line":527,"column":2},"end":{"line":548,"column":null}},"187":{"start":{"line":528,"column":16},"end":{"line":528,"column":null}},"188":{"start":{"line":529,"column":19},"end":{"line":529,"column":null}},"189":{"start":{"line":531,"column":4},"end":{"line":544,"column":null}},"190":{"start":{"line":532,"column":22},"end":{"line":535,"column":null}},"191":{"start":{"line":536,"column":21},"end":{"line":536,"column":null}},"192":{"start":{"line":537,"column":6},"end":{"line":543,"column":null}},"193":{"start":{"line":538,"column":22},"end":{"line":538,"column":null}},"194":{"start":{"line":539,"column":8},"end":{"line":539,"column":null}},"195":{"start":{"line":540,"column":8},"end":{"line":540,"column":null}},"196":{"start":{"line":542,"column":8},"end":{"line":542,"column":null}},"197":{"start":{"line":546,"column":4},"end":{"line":546,"column":null}},"198":{"start":{"line":547,"column":4},"end":{"line":547,"column":null}},"199":{"start":{"line":555,"column":2},"end":{"line":563,"column":null}},"200":{"start":{"line":556,"column":4},"end":{"line":558,"column":null}},"201":{"start":{"line":557,"column":6},"end":{"line":557,"column":null}},"202":{"start":{"line":559,"column":4},"end":{"line":562,"column":null}},"203":{"start":{"line":560,"column":20},"end":{"line":560,"column":null}},"204":{"start":{"line":561,"column":6},"end":{"line":561,"column":null}},"205":{"start":{"line":561,"column":17},"end":{"line":561,"column":null}},"206":{"start":{"line":564,"column":2},"end":{"line":564,"column":null}}},"fnMap":{"0":{"name":"activate","decl":{"start":{"line":23,"column":22},"end":{"line":23,"column":31}},"loc":{"start":{"line":23,"column":80},"end":{"line":513,"column":null}},"line":23},"1":{"name":"(anonymous_1)","decl":{"start":{"line":53,"column":33},"end":{"line":53,"column":81}},"loc":{"start":{"line":53,"column":81},"end":{"line":59,"column":null}},"line":53},"2":{"name":"(anonymous_2)","decl":{"start":{"line":67,"column":4},"end":{"line":67,"column":10}},"loc":{"start":{"line":67,"column":10},"end":{"line":67,"column":null}},"line":67},"3":{"name":"(anonymous_3)","decl":{"start":{"line":68,"column":4},"end":{"line":68,"column":16}},"loc":{"start":{"line":68,"column":16},"end":{"line":85,"column":null}},"line":68},"4":{"name":"(anonymous_4)","decl":{"start":{"line":72,"column":18},"end":{"line":72,"column":19}},"loc":{"start":{"line":72,"column":35},"end":{"line":76,"column":null}},"line":72},"5":{"name":"(anonymous_5)","decl":{"start":{"line":91,"column":46},"end":{"line":91,"column":55}},"loc":{"start":{"line":91,"column":55},"end":{"line":98,"column":5}},"line":91},"6":{"name":"(anonymous_6)","decl":{"start":{"line":119,"column":64},"end":{"line":119,"column":76}},"loc":{"start":{"line":119,"column":76},"end":{"line":125,"column":5}},"line":119},"7":{"name":"(anonymous_7)","decl":{"start":{"line":122,"column":17},"end":{"line":122,"column":23}},"loc":{"start":{"line":122,"column":23},"end":{"line":124,"column":9}},"line":122},"8":{"name":"(anonymous_8)","decl":{"start":{"line":130,"column":67},"end":{"line":130,"column":79}},"loc":{"start":{"line":130,"column":79},"end":{"line":132,"column":5}},"line":130},"9":{"name":"(anonymous_9)","decl":{"start":{"line":137,"column":65},"end":{"line":137,"column":77}},"loc":{"start":{"line":137,"column":77},"end":{"line":139,"column":5}},"line":137},"10":{"name":"(anonymous_10)","decl":{"start":{"line":144,"column":65},"end":{"line":144,"column":77}},"loc":{"start":{"line":144,"column":77},"end":{"line":146,"column":5}},"line":144},"11":{"name":"(anonymous_11)","decl":{"start":{"line":151,"column":63},"end":{"line":151,"column":75}},"loc":{"start":{"line":151,"column":75},"end":{"line":156,"column":5}},"line":151},"12":{"name":"(anonymous_12)","decl":{"start":{"line":153,"column":17},"end":{"line":153,"column":23}},"loc":{"start":{"line":153,"column":23},"end":{"line":155,"column":9}},"line":153},"13":{"name":"(anonymous_13)","decl":{"start":{"line":161,"column":63},"end":{"line":161,"column":75}},"loc":{"start":{"line":161,"column":75},"end":{"line":163,"column":5}},"line":161},"14":{"name":"(anonymous_14)","decl":{"start":{"line":168,"column":71},"end":{"line":168,"column":83}},"loc":{"start":{"line":168,"column":83},"end":{"line":195,"column":5}},"line":168},"15":{"name":"(anonymous_15)","decl":{"start":{"line":181,"column":19},"end":{"line":181,"column":25}},"loc":{"start":{"line":181,"column":25},"end":{"line":183,"column":11}},"line":181},"16":{"name":"(anonymous_16)","decl":{"start":{"line":191,"column":19},"end":{"line":191,"column":25}},"loc":{"start":{"line":191,"column":25},"end":{"line":193,"column":11}},"line":191},"17":{"name":"(anonymous_17)","decl":{"start":{"line":200,"column":72},"end":{"line":200,"column":84}},"loc":{"start":{"line":200,"column":84},"end":{"line":224,"column":5}},"line":200},"18":{"name":"(anonymous_18)","decl":{"start":{"line":213,"column":19},"end":{"line":213,"column":25}},"loc":{"start":{"line":213,"column":25},"end":{"line":215,"column":11}},"line":213},"19":{"name":"(anonymous_19)","decl":{"start":{"line":220,"column":19},"end":{"line":220,"column":25}},"loc":{"start":{"line":220,"column":25},"end":{"line":222,"column":11}},"line":220},"20":{"name":"(anonymous_20)","decl":{"start":{"line":229,"column":61},"end":{"line":229,"column":73}},"loc":{"start":{"line":229,"column":73},"end":{"line":246,"column":5}},"line":229},"21":{"name":"(anonymous_21)","decl":{"start":{"line":251,"column":69},"end":{"line":251,"column":81}},"loc":{"start":{"line":251,"column":81},"end":{"line":268,"column":5}},"line":251},"22":{"name":"(anonymous_22)","decl":{"start":{"line":275,"column":6},"end":{"line":275,"column":13}},"loc":{"start":{"line":275,"column":55},"end":{"line":277,"column":null}},"line":275},"23":{"name":"(anonymous_23)","decl":{"start":{"line":283,"column":68},"end":{"line":283,"column":80}},"loc":{"start":{"line":283,"column":80},"end":{"line":303,"column":5}},"line":283},"24":{"name":"(anonymous_24)","decl":{"start":{"line":308,"column":62},"end":{"line":308,"column":74}},"loc":{"start":{"line":308,"column":74},"end":{"line":310,"column":5}},"line":308},"25":{"name":"(anonymous_25)","decl":{"start":{"line":315,"column":67},"end":{"line":315,"column":79}},"loc":{"start":{"line":315,"column":79},"end":{"line":317,"column":5}},"line":315},"26":{"name":"(anonymous_26)","decl":{"start":{"line":322,"column":65},"end":{"line":322,"column":77}},"loc":{"start":{"line":322,"column":77},"end":{"line":324,"column":5}},"line":322},"27":{"name":"(anonymous_27)","decl":{"start":{"line":329,"column":62},"end":{"line":329,"column":74}},"loc":{"start":{"line":329,"column":74},"end":{"line":331,"column":5}},"line":329},"28":{"name":"(anonymous_28)","decl":{"start":{"line":336,"column":68},"end":{"line":336,"column":80}},"loc":{"start":{"line":336,"column":80},"end":{"line":338,"column":5}},"line":336},"29":{"name":"(anonymous_29)","decl":{"start":{"line":363,"column":33},"end":{"line":363,"column":34}},"loc":{"start":{"line":363,"column":69},"end":{"line":390,"column":null}},"line":363},"30":{"name":"(anonymous_30)","decl":{"start":{"line":393,"column":40},"end":{"line":393,"column":50}},"loc":{"start":{"line":393,"column":50},"end":{"line":393,"column":80}},"line":393},"31":{"name":"(anonymous_31)","decl":{"start":{"line":399,"column":63},"end":{"line":399,"column":69}},"loc":{"start":{"line":399,"column":69},"end":{"line":404,"column":5}},"line":399},"32":{"name":"(anonymous_32)","decl":{"start":{"line":426,"column":23},"end":{"line":426,"column":29}},"loc":{"start":{"line":426,"column":29},"end":{"line":430,"column":null}},"line":426},"33":{"name":"(anonymous_33)","decl":{"start":{"line":446,"column":68},"end":{"line":446,"column":69}},"loc":{"start":{"line":446,"column":124},"end":{"line":507,"column":5}},"line":446},"34":{"name":"deactivate","decl":{"start":{"line":515,"column":16},"end":{"line":515,"column":35}},"loc":{"start":{"line":515,"column":35},"end":{"line":520,"column":null}},"line":515},"35":{"name":"openFunctionInFile","decl":{"start":{"line":524,"column":15},"end":{"line":524,"column":34}},"loc":{"start":{"line":524,"column":88},"end":{"line":549,"column":null}},"line":524},"36":{"name":"findSymbolByName","decl":{"start":{"line":551,"column":9},"end":{"line":551,"column":null}},"loc":{"start":{"line":554,"column":37},"end":{"line":565,"column":null}},"line":554}},"branchMap":{"0":{"loc":{"start":{"line":29,"column":5},"end":{"line":29,"column":null}},"type":"binary-expr","locations":[{"start":{"line":29,"column":5},"end":{"line":29,"column":68}},{"start":{"line":29,"column":68},"end":{"line":29,"column":null}}],"line":29},"1":{"loc":{"start":{"line":67,"column":10},"end":{"line":67,"column":null}},"type":"binary-expr","locations":[{"start":{"line":67,"column":10},"end":{"line":67,"column":47}},{"start":{"line":67,"column":47},"end":{"line":67,"column":null}}],"line":67},"2":{"loc":{"start":{"line":69,"column":22},"end":{"line":69,"column":null}},"type":"binary-expr","locations":[{"start":{"line":69,"column":22},"end":{"line":69,"column":59}},{"start":{"line":69,"column":59},"end":{"line":69,"column":null}}],"line":69},"3":{"loc":{"start":{"line":73,"column":12},"end":{"line":75,"column":null}},"type":"if","locations":[{"start":{"line":73,"column":12},"end":{"line":75,"column":null}},{"start":{},"end":{}}],"line":73},"4":{"loc":{"start":{"line":92,"column":6},"end":{"line":97,"column":null}},"type":"if","locations":[{"start":{"line":92,"column":6},"end":{"line":97,"column":null}},{"start":{},"end":{}}],"line":92},"5":{"loc":{"start":{"line":93,"column":8},"end":{"line":94,"column":null}},"type":"binary-expr","locations":[{"start":{"line":93,"column":8},"end":{"line":93,"column":null}},{"start":{"line":94,"column":8},"end":{"line":94,"column":null}}],"line":93},"6":{"loc":{"start":{"line":170,"column":6},"end":{"line":170,"column":null}},"type":"if","locations":[{"start":{"line":170,"column":6},"end":{"line":170,"column":null}},{"start":{},"end":{}}],"line":170},"7":{"loc":{"start":{"line":175,"column":6},"end":{"line":194,"column":null}},"type":"if","locations":[{"start":{"line":175,"column":6},"end":{"line":194,"column":null}},{"start":{"line":178,"column":6},"end":{"line":194,"column":null}}],"line":175},"8":{"loc":{"start":{"line":178,"column":6},"end":{"line":194,"column":null}},"type":"if","locations":[{"start":{"line":178,"column":6},"end":{"line":194,"column":null}},{"start":{"line":184,"column":13},"end":{"line":194,"column":null}}],"line":178},"9":{"loc":{"start":{"line":202,"column":6},"end":{"line":202,"column":null}},"type":"if","locations":[{"start":{"line":202,"column":6},"end":{"line":202,"column":null}},{"start":{},"end":{}}],"line":202},"10":{"loc":{"start":{"line":207,"column":6},"end":{"line":223,"column":null}},"type":"if","locations":[{"start":{"line":207,"column":6},"end":{"line":223,"column":null}},{"start":{"line":210,"column":6},"end":{"line":223,"column":null}}],"line":207},"11":{"loc":{"start":{"line":210,"column":6},"end":{"line":223,"column":null}},"type":"if","locations":[{"start":{"line":210,"column":6},"end":{"line":223,"column":null}},{"start":{"line":216,"column":13},"end":{"line":223,"column":null}}],"line":210},"12":{"loc":{"start":{"line":231,"column":6},"end":{"line":231,"column":null}},"type":"if","locations":[{"start":{"line":231,"column":6},"end":{"line":231,"column":null}},{"start":{},"end":{}}],"line":231},"13":{"loc":{"start":{"line":253,"column":6},"end":{"line":253,"column":null}},"type":"if","locations":[{"start":{"line":253,"column":6},"end":{"line":253,"column":null}},{"start":{},"end":{}}],"line":253},"14":{"loc":{"start":{"line":285,"column":6},"end":{"line":285,"column":null}},"type":"if","locations":[{"start":{"line":285,"column":6},"end":{"line":285,"column":null}},{"start":{},"end":{}}],"line":285},"15":{"loc":{"start":{"line":290,"column":6},"end":{"line":299,"column":null}},"type":"if","locations":[{"start":{"line":290,"column":6},"end":{"line":299,"column":null}},{"start":{},"end":{}}],"line":290},"16":{"loc":{"start":{"line":296,"column":8},"end":{"line":298,"column":null}},"type":"if","locations":[{"start":{"line":296,"column":8},"end":{"line":298,"column":null}},{"start":{},"end":{}}],"line":296},"17":{"loc":{"start":{"line":367,"column":4},"end":{"line":387,"column":null}},"type":"if","locations":[{"start":{"line":367,"column":4},"end":{"line":387,"column":null}},{"start":{"line":370,"column":11},"end":{"line":387,"column":null}}],"line":367},"18":{"loc":{"start":{"line":371,"column":27},"end":{"line":371,"column":null}},"type":"cond-expr","locations":[{"start":{"line":371,"column":46},"end":{"line":371,"column":55}},{"start":{"line":371,"column":55},"end":{"line":371,"column":null}}],"line":371},"19":{"loc":{"start":{"line":372,"column":27},"end":{"line":374,"column":null}},"type":"cond-expr","locations":[{"start":{"line":373,"column":10},"end":{"line":373,"column":null}},{"start":{"line":374,"column":10},"end":{"line":374,"column":null}}],"line":372},"20":{"loc":{"start":{"line":375,"column":24},"end":{"line":375,"column":null}},"type":"binary-expr","locations":[{"start":{"line":375,"column":24},"end":{"line":375,"column":44}},{"start":{"line":375,"column":44},"end":{"line":375,"column":null}}],"line":375},"21":{"loc":{"start":{"line":377,"column":8},"end":{"line":381,"column":null}},"type":"cond-expr","locations":[{"start":{"line":378,"column":12},"end":{"line":378,"column":null}},{"start":{"line":379,"column":12},"end":{"line":381,"column":null}}],"line":377},"22":{"loc":{"start":{"line":379,"column":12},"end":{"line":381,"column":null}},"type":"cond-expr","locations":[{"start":{"line":380,"column":14},"end":{"line":380,"column":null}},{"start":{"line":381,"column":14},"end":{"line":381,"column":null}}],"line":379},"23":{"loc":{"start":{"line":383,"column":27},"end":{"line":385,"column":null}},"type":"cond-expr","locations":[{"start":{"line":384,"column":10},"end":{"line":384,"column":null}},{"start":{"line":385,"column":10},"end":{"line":385,"column":null}}],"line":383},"24":{"loc":{"start":{"line":409,"column":24},"end":{"line":409,"column":null}},"type":"binary-expr","locations":[{"start":{"line":409,"column":24},"end":{"line":409,"column":78}},{"start":{"line":409,"column":78},"end":{"line":409,"column":null}}],"line":409},"25":{"loc":{"start":{"line":500,"column":34},"end":{"line":500,"column":79}},"type":"binary-expr","locations":[{"start":{"line":500,"column":34},"end":{"line":500,"column":78}},{"start":{"line":500,"column":78},"end":{"line":500,"column":79}}],"line":500},"26":{"loc":{"start":{"line":516,"column":2},"end":{"line":519,"column":null}},"type":"if","locations":[{"start":{"line":516,"column":2},"end":{"line":519,"column":null}},{"start":{},"end":{}}],"line":516},"27":{"loc":{"start":{"line":531,"column":4},"end":{"line":544,"column":null}},"type":"if","locations":[{"start":{"line":531,"column":4},"end":{"line":544,"column":null}},{"start":{},"end":{}}],"line":531},"28":{"loc":{"start":{"line":536,"column":38},"end":{"line":536,"column":53}},"type":"binary-expr","locations":[{"start":{"line":536,"column":38},"end":{"line":536,"column":49}},{"start":{"line":536,"column":49},"end":{"line":536,"column":53}}],"line":536},"29":{"loc":{"start":{"line":537,"column":6},"end":{"line":543,"column":null}},"type":"if","locations":[{"start":{"line":537,"column":6},"end":{"line":543,"column":null}},{"start":{"line":541,"column":13},"end":{"line":543,"column":null}}],"line":537},"30":{"loc":{"start":{"line":556,"column":4},"end":{"line":558,"column":null}},"type":"if","locations":[{"start":{"line":556,"column":4},"end":{"line":558,"column":null}},{"start":{},"end":{}}],"line":556},"31":{"loc":{"start":{"line":559,"column":4},"end":{"line":562,"column":null}},"type":"if","locations":[{"start":{"line":559,"column":4},"end":{"line":562,"column":null}},{"start":{},"end":{}}],"line":559},"32":{"loc":{"start":{"line":559,"column":8},"end":{"line":559,"column":49}},"type":"binary-expr","locations":[{"start":{"line":559,"column":8},"end":{"line":559,"column":24}},{"start":{"line":559,"column":24},"end":{"line":559,"column":49}}],"line":559},"33":{"loc":{"start":{"line":561,"column":6},"end":{"line":561,"column":null}},"type":"if","locations":[{"start":{"line":561,"column":6},"end":{"line":561,"column":null}},{"start":{},"end":{}}],"line":561}},"s":{"0":2,"1":2,"2":2,"3":2,"4":2,"5":2,"6":2,"7":2,"8":2,"9":2,"10":2,"11":2,"12":2,"13":2,"14":2,"15":2,"16":2,"17":2,"18":2,"19":2,"20":2,"21":2,"22":1,"23":0,"24":0,"25":0,"26":0,"27":0,"28":0,"29":2,"30":2,"31":2,"32":0,"33":0,"34":2,"35":2,"36":2,"37":2,"38":2,"39":2,"40":2,"41":2,"42":2,"43":2,"44":0,"45":0,"46":0,"47":2,"48":0,"49":2,"50":0,"51":2,"52":0,"53":2,"54":0,"55":0,"56":0,"57":2,"58":0,"59":2,"60":0,"61":0,"62":0,"63":0,"64":0,"65":0,"66":0,"67":0,"68":0,"69":0,"70":0,"71":0,"72":0,"73":0,"74":2,"75":0,"76":0,"77":0,"78":0,"79":0,"80":0,"81":0,"82":0,"83":0,"84":0,"85":0,"86":0,"87":0,"88":0,"89":2,"90":0,"91":0,"92":0,"93":0,"94":0,"95":0,"96":0,"97":0,"98":0,"99":2,"100":0,"101":0,"102":0,"103":0,"104":0,"105":0,"106":0,"107":0,"108":0,"109":2,"110":0,"111":2,"112":0,"113":0,"114":0,"115":0,"116":0,"117":0,"118":0,"119":0,"120":0,"121":0,"122":2,"123":0,"124":2,"125":0,"126":2,"127":0,"128":2,"129":0,"130":2,"131":0,"132":2,"133":2,"134":2,"135":2,"136":2,"137":2,"138":2,"139":2,"140":2,"141":2,"142":1,"143":1,"144":1,"145":1,"146":1,"147":1,"148":1,"149":1,"150":2,"151":2,"152":0,"153":2,"154":2,"155":0,"156":0,"157":0,"158":0,"159":2,"160":2,"161":2,"162":2,"163":2,"164":2,"165":2,"166":0,"167":0,"168":0,"169":2,"170":2,"171":2,"172":2,"173":2,"174":2,"175":2,"176":2,"177":2,"178":2,"179":0,"180":0,"181":2,"182":0,"183":0,"184":0,"185":0,"186":0,"187":0,"188":0,"189":0,"190":0,"191":0,"192":0,"193":0,"194":0,"195":0,"196":0,"197":0,"198":0,"199":0,"200":0,"201":0,"202":0,"203":0,"204":0,"205":0,"206":0},"f":{"0":2,"1":2,"2":1,"3":0,"4":0,"5":0,"6":0,"7":0,"8":0,"9":0,"10":0,"11":0,"12":0,"13":0,"14":0,"15":0,"16":0,"17":0,"18":0,"19":0,"20":0,"21":0,"22":0,"23":0,"24":0,"25":0,"26":0,"27":0,"28":0,"29":2,"30":0,"31":0,"32":0,"33":0,"34":0,"35":0,"36":0},"b":{"0":[2,0],"1":[1,0],"2":[0,0],"3":[0,0],"4":[0,0],"5":[0,0],"6":[0,0],"7":[0,0],"8":[0,0],"9":[0,0],"10":[0,0],"11":[0,0],"12":[0,0],"13":[0,0],"14":[0,0],"15":[0,0],"16":[0,0],"17":[1,1],"18":[0,1],"19":[0,1],"20":[1,1],"21":[0,1],"22":[0,1],"23":[0,1],"24":[2,0],"25":[0,0],"26":[0,0],"27":[0,0],"28":[0,0],"29":[0,0],"30":[0,0],"31":[0,0],"32":[0,0],"33":[0,0]},"meta":{"lastBranch":34,"lastFunction":37,"lastStatement":207,"seen":{"f:23:22:23:31":0,"s:25:2:25:Infinity":0,"s:26:2:26:Infinity":1,"s:29:5:29:Infinity":2,"b:29:5:29:68:29:68:29:Infinity":0,"s:31:2:31:Infinity":3,"s:32:2:32:Infinity":4,"s:33:2:33:Infinity":5,"s:34:2:34:Infinity":6,"s:37:24:37:Infinity":7,"s:38:31:38:Infinity":8,"s:39:34:42:Infinity":9,"s:43:29:43:Infinity":10,"s:44:27:44:Infinity":11,"s:45:32:45:Infinity":12,"s:46:29:46:Infinity":13,"s:47:30:47:Infinity":14,"s:48:30:48:Infinity":15,"s:49:35:49:Infinity":16,"s:52:8:52:Infinity":17,"s:53:33:59:Infinity":18,"f:53:33:53:81":1,"s:54:16:54:Infinity":19,"s:55:4:58:Infinity":20,"s:61:28:86:Infinity":21,"f:67:4:67:10":2,"s:67:10:67:Infinity":22,"b:67:10:67:47:67:47:67:Infinity":1,"f:68:4:68:16":3,"s:69:22:69:Infinity":23,"b:69:22:69:59:69:59:69:Infinity":2,"s:70:6:84:Infinity":24,"s:71:90:77:Infinity":25,"f:72:18:72:19":4,"b:73:12:75:Infinity:undefined:undefined:undefined:undefined":3,"s:73:12:75:Infinity":26,"s:74:14:74:Infinity":27,"s:79:8:83:Infinity":28,"s:87:2:87:Infinity":29,"s:89:2:89:Infinity":30,"s:90:2:99:Infinity":31,"f:91:46:91:55":5,"b:92:6:97:Infinity:undefined:undefined:undefined:undefined":4,"s:92:6:97:Infinity":32,"b:93:8:93:Infinity:94:8:94:Infinity":5,"s:96:8:96:Infinity":33,"s:102:30:102:Infinity":34,"s:103:2:103:Infinity":35,"s:104:2:104:Infinity":36,"s:107:2:110:Infinity":37,"s:111:2:111:Infinity":38,"s:112:2:112:Infinity":39,"s:113:2:113:Infinity":40,"s:114:2:114:Infinity":41,"s:115:2:115:Infinity":42,"s:118:2:126:Infinity":43,"f:119:64:119:76":6,"s:120:6:120:Infinity":44,"s:122:6:124:Infinity":45,"f:122:17:122:23":7,"s:123:8:123:Infinity":46,"s:129:2:133:Infinity":47,"f:130:67:130:79":8,"s:131:6:131:Infinity":48,"s:136:2:140:Infinity":49,"f:137:65:137:77":9,"s:138:6:138:Infinity":50,"s:143:2:147:Infinity":51,"f:144:65:144:77":10,"s:145:6:145:Infinity":52,"s:150:2:157:Infinity":53,"f:151:63:151:75":11,"s:152:6:152:Infinity":54,"s:153:6:155:Infinity":55,"f:153:17:153:23":12,"s:154:8:154:Infinity":56,"s:160:2:164:Infinity":57,"f:161:63:161:75":13,"s:162:6:162:Infinity":58,"s:167:2:196:Infinity":59,"f:168:71:168:83":14,"s:169:23:169:Infinity":60,"b:170:6:170:Infinity:undefined:undefined:undefined:undefined":6,"s:170:6:170:Infinity":61,"s:170:21:170:Infinity":62,"s:172:12:172:Infinity":63,"s:173:29:173:Infinity":64,"b:175:6:194:Infinity:178:6:194:Infinity":7,"s:175:6:194:Infinity":65,"s:177:8:177:Infinity":66,"b:178:6:194:Infinity:184:13:194:Infinity":8,"s:178:6:194:Infinity":67,"s:180:8:180:Infinity":68,"s:181:8:183:Infinity":69,"f:181:19:181:25":15,"s:182:10:182:Infinity":70,"s:188:8:188:Infinity":71,"s:191:8:193:Infinity":72,"f:191:19:191:25":16,"s:192:10:192:Infinity":73,"s:199:2:225:Infinity":74,"f:200:72:200:84":17,"s:201:23:201:Infinity":75,"b:202:6:202:Infinity:undefined:undefined:undefined:undefined":9,"s:202:6:202:Infinity":76,"s:202:21:202:Infinity":77,"s:204:12:204:Infinity":78,"s:205:29:205:Infinity":79,"b:207:6:223:Infinity:210:6:223:Infinity":10,"s:207:6:223:Infinity":80,"s:209:8:209:Infinity":81,"b:210:6:223:Infinity:216:13:223:Infinity":11,"s:210:6:223:Infinity":82,"s:212:8:212:Infinity":83,"s:213:8:215:Infinity":84,"f:213:19:213:25":18,"s:214:10:214:Infinity":85,"s:218:8:218:Infinity":86,"s:220:8:222:Infinity":87,"f:220:19:220:25":19,"s:221:10:221:Infinity":88,"s:228:2:247:Infinity":89,"f:229:61:229:73":20,"s:230:23:230:Infinity":90,"b:231:6:231:Infinity:undefined:undefined:undefined:undefined":12,"s:231:6:231:Infinity":91,"s:231:21:231:Infinity":92,"s:233:12:233:Infinity":93,"s:234:25:236:Infinity":94,"s:238:6:245:Infinity":95,"s:239:20:239:Infinity":96,"s:240:8:240:Infinity":97,"s:242:8:244:Infinity":98,"s:250:2:269:Infinity":99,"f:251:69:251:81":21,"s:252:23:252:Infinity":100,"b:253:6:253:Infinity:undefined:undefined:undefined:undefined":13,"s:253:6:253:Infinity":101,"s:253:21:253:Infinity":102,"s:255:12:255:Infinity":103,"s:256:26:258:Infinity":104,"s:260:6:267:Infinity":105,"s:261:20:261:Infinity":106,"s:262:8:262:Infinity":107,"s:264:8:266:Infinity":108,"s:272:2:279:Infinity":109,"f:275:6:275:13":22,"s:276:8:276:Infinity":110,"s:282:2:304:Infinity":111,"f:283:68:283:80":23,"s:284:23:284:Infinity":112,"b:285:6:285:Infinity:undefined:undefined:undefined:undefined":14,"s:285:6:285:Infinity":113,"s:285:21:285:Infinity":114,"s:287:12:287:Infinity":115,"s:288:21:288:Infinity":116,"b:290:6:299:Infinity:undefined:undefined:undefined:undefined":15,"s:290:6:299:Infinity":117,"s:291:26:295:Infinity":118,"b:296:8:298:Infinity:undefined:undefined:undefined:undefined":16,"s:296:8:298:Infinity":119,"s:297:10:297:Infinity":120,"s:302:6:302:Infinity":121,"s:307:2:311:Infinity":122,"f:308:62:308:74":24,"s:309:6:309:Infinity":123,"s:314:2:318:Infinity":124,"f:315:67:315:79":25,"s:316:6:316:Infinity":125,"s:321:2:325:Infinity":126,"f:322:65:322:77":26,"s:323:6:323:Infinity":127,"s:328:2:332:Infinity":128,"f:329:62:329:74":27,"s:330:6:330:Infinity":129,"s:335:2:339:Infinity":130,"f:336:68:336:80":28,"s:337:6:337:Infinity":131,"s:346:30:346:Infinity":132,"s:347:30:347:Infinity":133,"s:348:31:348:Infinity":134,"s:350:2:352:Infinity":135,"s:354:2:356:Infinity":136,"s:358:2:360:Infinity":137,"s:363:33:390:Infinity":138,"f:363:33:363:34":29,"s:364:21:364:Infinity":139,"s:365:24:365:Infinity":140,"b:367:4:387:Infinity:370:11:387:Infinity":17,"s:367:4:387:Infinity":141,"s:368:6:368:Infinity":142,"s:369:6:369:Infinity":143,"s:371:27:371:Infinity":144,"b:371:46:371:55:371:55:371:Infinity":18,"s:372:27:374:Infinity":145,"b:373:10:373:Infinity:374:10:374:Infinity":19,"s:375:24:375:Infinity":146,"b:375:24:375:44:375:44:375:Infinity":20,"s:377:8:381:Infinity":147,"b:378:12:378:Infinity:379:12:381:Infinity":21,"b:380:14:380:Infinity:381:14:381:Infinity":22,"s:383:6:385:Infinity":148,"b:384:10:384:Infinity:385:10:385:Infinity":23,"s:386:6:386:Infinity":149,"s:389:4:389:Infinity":150,"s:392:2:394:Infinity":151,"f:393:40:393:50":30,"s:393:50:393:80":152,"s:395:2:395:Infinity":153,"s:398:2:405:Infinity":154,"f:399:63:399:69":31,"s:400:6:400:Infinity":155,"s:401:6:401:Infinity":156,"s:402:6:402:Infinity":157,"s:403:6:403:Infinity":158,"s:408:8:408:Infinity":159,"s:409:24:409:Infinity":160,"b:409:24:409:78:409:78:409:Infinity":24,"s:410:20:410:Infinity":161,"s:411:20:411:Infinity":162,"s:414:24:416:Infinity":163,"s:419:23:424:Infinity":164,"s:426:23:430:Infinity":165,"f:426:23:426:29":32,"s:427:4:427:Infinity":166,"s:428:4:428:Infinity":167,"s:429:4:429:Infinity":168,"s:432:2:432:Infinity":169,"s:433:2:433:Infinity":170,"s:434:2:434:Infinity":171,"s:436:2:436:Infinity":172,"s:437:2:437:Infinity":173,"s:439:2:439:Infinity":174,"s:440:2:440:Infinity":175,"s:441:2:441:Infinity":176,"s:442:2:442:Infinity":177,"s:445:2:508:Infinity":178,"f:446:68:446:69":33,"s:447:20:452:Infinity":179,"s:454:6:500:Infinity":180,"b:500:34:500:78:500:78:500:79":25,"s:512:2:512:Infinity":181,"f:515:16:515:35":34,"b:516:2:519:Infinity:undefined:undefined:undefined:undefined":26,"s:516:2:519:Infinity":182,"s:517:4:517:Infinity":183,"s:518:4:518:Infinity":184,"f:524:15:524:34":35,"s:525:14:525:Infinity":185,"s:527:2:548:Infinity":186,"s:528:16:528:Infinity":187,"s:529:19:529:Infinity":188,"b:531:4:544:Infinity:undefined:undefined:undefined:undefined":27,"s:531:4:544:Infinity":189,"s:532:22:535:Infinity":190,"s:536:21:536:Infinity":191,"b:536:38:536:49:536:49:536:53":28,"b:537:6:543:Infinity:541:13:543:Infinity":29,"s:537:6:543:Infinity":192,"s:538:22:538:Infinity":193,"s:539:8:539:Infinity":194,"s:540:8:540:Infinity":195,"s:542:8:542:Infinity":196,"s:546:4:546:Infinity":197,"s:547:4:547:Infinity":198,"f:551:9:551:Infinity":36,"s:555:2:563:Infinity":199,"b:556:4:558:Infinity:undefined:undefined:undefined:undefined":30,"s:556:4:558:Infinity":200,"s:557:6:557:Infinity":201,"b:559:4:562:Infinity:undefined:undefined:undefined:undefined":31,"s:559:4:562:Infinity":202,"b:559:8:559:24:559:24:559:49":32,"s:560:20:560:Infinity":203,"b:561:6:561:Infinity:undefined:undefined:undefined:undefined":33,"s:561:6:561:Infinity":204,"s:561:17:561:Infinity":205,"s:564:2:564:Infinity":206}}}
,"/mnt/c/Users/송용준/Desktop/Dev/projectmanager/vibereport-extension/src/markdownPlugin.ts": {"path":"/mnt/c/Users/송용준/Desktop/Dev/projectmanager/vibereport-extension/src/markdownPlugin.ts","statementMap":{"0":{"start":{"line":11,"column":4},"end":{"line":33,"column":null}},"1":{"start":{"line":13,"column":33},"end":{"line":13,"column":null}},"2":{"start":{"line":15,"column":12},"end":{"line":29,"column":null}},"3":{"start":{"line":16,"column":30},"end":{"line":16,"column":null}},"4":{"start":{"line":18,"column":16},"end":{"line":22,"column":null}},"5":{"start":{"line":21,"column":20},"end":{"line":21,"column":null}},"6":{"start":{"line":25,"column":16},"end":{"line":27,"column":null}},"7":{"start":{"line":26,"column":20},"end":{"line":26,"column":null}},"8":{"start":{"line":28,"column":16},"end":{"line":28,"column":null}},"9":{"start":{"line":31,"column":12},"end":{"line":31,"column":null}}},"fnMap":{"0":{"name":"activate","decl":{"start":{"line":10,"column":16},"end":{"line":10,"column":27}},"loc":{"start":{"line":10,"column":27},"end":{"line":34,"column":null}},"line":10},"1":{"name":"(anonymous_1)","decl":{"start":{"line":12,"column":8},"end":{"line":12,"column":25}},"loc":{"start":{"line":12,"column":41},"end":{"line":32,"column":null}},"line":12},"2":{"name":"(anonymous_2)","decl":{"start":{"line":15,"column":38},"end":{"line":15,"column":39}},"loc":{"start":{"line":15,"column":75},"end":{"line":29,"column":null}},"line":15}},"branchMap":{"0":{"loc":{"start":{"line":18,"column":16},"end":{"line":22,"column":null}},"type":"if","locations":[{"start":{"line":18,"column":16},"end":{"line":22,"column":null}},{"start":{},"end":{}}],"line":18},"1":{"loc":{"start":{"line":25,"column":16},"end":{"line":27,"column":null}},"type":"if","locations":[{"start":{"line":25,"column":16},"end":{"line":27,"column":null}},{"start":{},"end":{}}],"line":25}},"s":{"0":1,"1":1,"2":1,"3":2,"4":2,"5":1,"6":1,"7":1,"8":0,"9":1},"f":{"0":1,"1":1,"2":2},"b":{"0":[1,1],"1":[1,0]},"meta":{"lastBranch":2,"lastFunction":3,"lastStatement":10,"seen":{"f:10:16:10:27":0,"s:11:4:33:Infinity":0,"f:12:8:12:25":1,"s:13:33:13:Infinity":1,"s:15:12:29:Infinity":2,"f:15:38:15:39":2,"s:16:30:16:Infinity":3,"b:18:16:22:Infinity:undefined:undefined:undefined:undefined":0,"s:18:16:22:Infinity":4,"s:21:20:21:Infinity":5,"b:25:16:27:Infinity:undefined:undefined:undefined:undefined":1,"s:25:16:27:Infinity":6,"s:26:20:26:Infinity":7,"s:28:16:28:Infinity":8,"s:31:12:31:Infinity":9}}}
,"/mnt/c/Users/송용준/Desktop/Dev/projectmanager/vibereport-extension/src/commands/cleanHistory.ts": {"path":"/mnt/c/Users/송용준/Desktop/Dev/projectmanager/vibereport-extension/src/commands/cleanHistory.ts","statementMap":{"0":{"start":{"line":19,"column":8},"end":{"line":19,"column":null}},"1":{"start":{"line":20,"column":8},"end":{"line":20,"column":null}},"2":{"start":{"line":25,"column":25},"end":{"line":25,"column":null}},"3":{"start":{"line":26,"column":8},"end":{"line":28,"column":null}},"4":{"start":{"line":27,"column":12},"end":{"line":27,"column":null}},"5":{"start":{"line":31,"column":29},"end":{"line":36,"column":null}},"6":{"start":{"line":38,"column":8},"end":{"line":41,"column":null}},"7":{"start":{"line":39,"column":12},"end":{"line":39,"column":null}},"8":{"start":{"line":40,"column":12},"end":{"line":40,"column":null}},"9":{"start":{"line":43,"column":8},"end":{"line":56,"column":null}},"10":{"start":{"line":44,"column":18},"end":{"line":44,"column":null}},"11":{"start":{"line":45,"column":12},"end":{"line":45,"column":null}},"12":{"start":{"line":47,"column":12},"end":{"line":47,"column":null}},"13":{"start":{"line":48,"column":12},"end":{"line":48,"column":null}},"14":{"start":{"line":51,"column":12},"end":{"line":51,"column":null}},"15":{"start":{"line":53,"column":28},"end":{"line":53,"column":null}},"16":{"start":{"line":54,"column":12},"end":{"line":54,"column":null}},"17":{"start":{"line":55,"column":12},"end":{"line":55,"column":null}},"18":{"start":{"line":60,"column":14},"end":{"line":60,"column":null}},"19":{"start":{"line":61,"column":8},"end":{"line":61,"column":null}}},"fnMap":{"0":{"name":"(anonymous_0)","decl":{"start":{"line":18,"column":4},"end":{"line":18,"column":16}},"loc":{"start":{"line":18,"column":53},"end":{"line":21,"column":null}},"line":18},"1":{"name":"(anonymous_1)","decl":{"start":{"line":23,"column":10},"end":{"line":23,"column":35}},"loc":{"start":{"line":23,"column":35},"end":{"line":57,"column":null}},"line":23},"2":{"name":"(anonymous_2)","decl":{"start":{"line":59,"column":12},"end":{"line":59,"column":16}},"loc":{"start":{"line":59,"column":39},"end":{"line":62,"column":null}},"line":59}},"branchMap":{"0":{"loc":{"start":{"line":26,"column":8},"end":{"line":28,"column":null}},"type":"if","locations":[{"start":{"line":26,"column":8},"end":{"line":28,"column":null}},{"start":{},"end":{}}],"line":26},"1":{"loc":{"start":{"line":38,"column":8},"end":{"line":41,"column":null}},"type":"if","locations":[{"start":{"line":38,"column":8},"end":{"line":41,"column":null}},{"start":{},"end":{}}],"line":38},"2":{"loc":{"start":{"line":53,"column":28},"end":{"line":53,"column":null}},"type":"cond-expr","locations":[{"start":{"line":53,"column":53},"end":{"line":53,"column":69}},{"start":{"line":53,"column":69},"end":{"line":53,"column":null}}],"line":53}},"s":{"0":4,"1":4,"2":4,"3":4,"4":1,"5":3,"6":3,"7":1,"8":1,"9":2,"10":2,"11":2,"12":1,"13":1,"14":1,"15":1,"16":1,"17":1,"18":3,"19":3},"f":{"0":4,"1":4,"2":3},"b":{"0":[1,3],"1":[1,2],"2":[1,0]},"meta":{"lastBranch":3,"lastFunction":3,"lastStatement":20,"seen":{"f:18:4:18:16":0,"s:19:8:19:Infinity":0,"s:20:8:20:Infinity":1,"f:23:10:23:35":1,"s:25:25:25:Infinity":2,"b:26:8:28:Infinity:undefined:undefined:undefined:undefined":0,"s:26:8:28:Infinity":3,"s:27:12:27:Infinity":4,"s:31:29:36:Infinity":5,"b:38:8:41:Infinity:undefined:undefined:undefined:undefined":1,"s:38:8:41:Infinity":6,"s:39:12:39:Infinity":7,"s:40:12:40:Infinity":8,"s:43:8:56:Infinity":9,"s:44:18:44:Infinity":10,"s:45:12:45:Infinity":11,"s:47:12:47:Infinity":12,"s:48:12:48:Infinity":13,"s:51:12:51:Infinity":14,"s:53:28:53:Infinity":15,"b:53:53:53:69:53:69:53:Infinity":2,"s:54:12:54:Infinity":16,"s:55:12:55:Infinity":17,"f:59:12:59:16":2,"s:60:14:60:Infinity":18,"s:61:8:61:Infinity":19}}}
,"/mnt/c/Users/송용준/Desktop/Dev/projectmanager/vibereport-extension/src/commands/generatePrompt.ts": {"path":"/mnt/c/Users/송용준/Desktop/Dev/projectmanager/vibereport-extension/src/commands/generatePrompt.ts","statementMap":{"0":{"start":{"line":50,"column":4},"end":{"line":50,"column":null}},"1":{"start":{"line":57,"column":21},"end":{"line":57,"column":null}},"2":{"start":{"line":58,"column":4},"end":{"line":61,"column":null}},"3":{"start":{"line":59,"column":6},"end":{"line":59,"column":null}},"4":{"start":{"line":60,"column":6},"end":{"line":60,"column":null}},"5":{"start":{"line":62,"column":10},"end":{"line":62,"column":null}},"6":{"start":{"line":63,"column":23},"end":{"line":63,"column":null}},"7":{"start":{"line":66,"column":44},"end":{"line":66,"column":null}},"8":{"start":{"line":67,"column":39},"end":{"line":67,"column":null}},"9":{"start":{"line":69,"column":4},"end":{"line":78,"column":null}},"10":{"start":{"line":70,"column":28},"end":{"line":70,"column":null}},"11":{"start":{"line":71,"column":6},"end":{"line":71,"column":null}},"12":{"start":{"line":72,"column":6},"end":{"line":72,"column":null}},"13":{"start":{"line":74,"column":6},"end":{"line":76,"column":null}},"14":{"start":{"line":77,"column":6},"end":{"line":77,"column":null}},"15":{"start":{"line":80,"column":4},"end":{"line":85,"column":null}},"16":{"start":{"line":81,"column":6},"end":{"line":83,"column":null}},"17":{"start":{"line":84,"column":6},"end":{"line":84,"column":null}},"18":{"start":{"line":88,"column":4},"end":{"line":88,"column":null}},"19":{"start":{"line":100,"column":81},"end":{"line":100,"column":null}},"20":{"start":{"line":103,"column":27},"end":{"line":103,"column":null}},"21":{"start":{"line":103,"column":47},"end":{"line":103,"column":66}},"22":{"start":{"line":104,"column":26},"end":{"line":108,"column":null}},"23":{"start":{"line":105,"column":6},"end":{"line":105,"column":null}},"24":{"start":{"line":105,"column":68},"end":{"line":105,"column":null}},"25":{"start":{"line":106,"column":6},"end":{"line":106,"column":null}},"26":{"start":{"line":106,"column":68},"end":{"line":106,"column":null}},"27":{"start":{"line":107,"column":6},"end":{"line":107,"column":null}},"28":{"start":{"line":110,"column":4},"end":{"line":117,"column":null}},"29":{"start":{"line":111,"column":6},"end":{"line":116,"column":null}},"30":{"start":{"line":120,"column":28},"end":{"line":120,"column":null}},"31":{"start":{"line":120,"column":51},"end":{"line":120,"column":72}},"32":{"start":{"line":121,"column":27},"end":{"line":125,"column":null}},"33":{"start":{"line":122,"column":6},"end":{"line":122,"column":null}},"34":{"start":{"line":122,"column":68},"end":{"line":122,"column":null}},"35":{"start":{"line":123,"column":6},"end":{"line":123,"column":null}},"36":{"start":{"line":123,"column":68},"end":{"line":123,"column":null}},"37":{"start":{"line":124,"column":6},"end":{"line":124,"column":null}},"38":{"start":{"line":127,"column":4},"end":{"line":135,"column":null}},"39":{"start":{"line":128,"column":6},"end":{"line":134,"column":null}},"40":{"start":{"line":137,"column":4},"end":{"line":144,"column":null}},"41":{"start":{"line":138,"column":6},"end":{"line":143,"column":null}},"42":{"start":{"line":146,"column":21},"end":{"line":153,"column":null}},"43":{"start":{"line":147,"column":36},"end":{"line":147,"column":84}},"44":{"start":{"line":155,"column":4},"end":{"line":155,"column":null}},"45":{"start":{"line":155,"column":44},"end":{"line":155,"column":null}},"46":{"start":{"line":158,"column":31},"end":{"line":158,"column":null}},"47":{"start":{"line":159,"column":30},"end":{"line":159,"column":null}},"48":{"start":{"line":161,"column":4},"end":{"line":171,"column":null}},"49":{"start":{"line":162,"column":27},"end":{"line":162,"column":null}},"50":{"start":{"line":164,"column":6},"end":{"line":170,"column":null}},"51":{"start":{"line":165,"column":8},"end":{"line":165,"column":null}},"52":{"start":{"line":166,"column":8},"end":{"line":166,"column":null}},"53":{"start":{"line":168,"column":8},"end":{"line":168,"column":null}},"54":{"start":{"line":169,"column":8},"end":{"line":169,"column":null}},"55":{"start":{"line":174,"column":28},"end":{"line":174,"column":null}},"56":{"start":{"line":175,"column":4},"end":{"line":175,"column":null}},"57":{"start":{"line":177,"column":21},"end":{"line":177,"column":null}},"58":{"start":{"line":178,"column":21},"end":{"line":178,"column":null}},"59":{"start":{"line":180,"column":22},"end":{"line":182,"column":null}},"60":{"start":{"line":184,"column":19},"end":{"line":188,"column":null}},"61":{"start":{"line":190,"column":4},"end":{"line":195,"column":null}},"62":{"start":{"line":191,"column":6},"end":{"line":191,"column":null}},"63":{"start":{"line":192,"column":4},"end":{"line":195,"column":null}},"64":{"start":{"line":193,"column":18},"end":{"line":193,"column":null}},"65":{"start":{"line":194,"column":6},"end":{"line":194,"column":null}},"66":{"start":{"line":197,"column":4},"end":{"line":197,"column":null}},"67":{"start":{"line":206,"column":4},"end":{"line":208,"column":null}},"68":{"start":{"line":207,"column":6},"end":{"line":207,"column":null}},"69":{"start":{"line":211,"column":4},"end":{"line":225,"column":null}},"70":{"start":{"line":241,"column":4},"end":{"line":241,"column":null}},"71":{"start":{"line":248,"column":38},"end":{"line":248,"column":null}},"72":{"start":{"line":251,"column":22},"end":{"line":251,"column":null}},"73":{"start":{"line":255,"column":27},"end":{"line":255,"column":null}},"74":{"start":{"line":257,"column":4},"end":{"line":270,"column":null}},"75":{"start":{"line":258,"column":31},"end":{"line":258,"column":null}},"76":{"start":{"line":260,"column":25},"end":{"line":260,"column":null}},"77":{"start":{"line":262,"column":6},"end":{"line":269,"column":null}},"78":{"start":{"line":263,"column":25},"end":{"line":263,"column":null}},"79":{"start":{"line":264,"column":27},"end":{"line":264,"column":null}},"80":{"start":{"line":265,"column":57},"end":{"line":265,"column":null}},"81":{"start":{"line":266,"column":8},"end":{"line":267,"column":null}},"82":{"start":{"line":266,"column":33},"end":{"line":266,"column":null}},"83":{"start":{"line":266,"column":42},"end":{"line":267,"column":null}},"84":{"start":{"line":267,"column":37},"end":{"line":267,"column":null}},"85":{"start":{"line":268,"column":8},"end":{"line":268,"column":null}},"86":{"start":{"line":274,"column":26},"end":{"line":274,"column":null}},"87":{"start":{"line":277,"column":4},"end":{"line":298,"column":null}},"88":{"start":{"line":278,"column":23},"end":{"line":278,"column":null}},"89":{"start":{"line":279,"column":20},"end":{"line":279,"column":null}},"90":{"start":{"line":280,"column":29},"end":{"line":280,"column":null}},"91":{"start":{"line":281,"column":26},"end":{"line":281,"column":null}},"92":{"start":{"line":284,"column":28},"end":{"line":286,"column":null}},"93":{"start":{"line":287,"column":23},"end":{"line":287,"column":null}},"94":{"start":{"line":289,"column":21},"end":{"line":289,"column":null}},"95":{"start":{"line":291,"column":6},"end":{"line":297,"column":null}},"96":{"start":{"line":300,"column":4},"end":{"line":300,"column":null}},"97":{"start":{"line":308,"column":38},"end":{"line":308,"column":null}},"98":{"start":{"line":311,"column":22},"end":{"line":311,"column":null}},"99":{"start":{"line":312,"column":27},"end":{"line":312,"column":null}},"100":{"start":{"line":314,"column":4},"end":{"line":337,"column":null}},"101":{"start":{"line":315,"column":31},"end":{"line":315,"column":null}},"102":{"start":{"line":317,"column":20},"end":{"line":317,"column":null}},"103":{"start":{"line":318,"column":6},"end":{"line":336,"column":null}},"104":{"start":{"line":320,"column":8},"end":{"line":320,"column":null}},"105":{"start":{"line":320,"column":42},"end":{"line":320,"column":null}},"106":{"start":{"line":323,"column":25},"end":{"line":323,"column":null}},"107":{"start":{"line":324,"column":8},"end":{"line":324,"column":null}},"108":{"start":{"line":324,"column":23},"end":{"line":324,"column":null}},"109":{"start":{"line":326,"column":22},"end":{"line":326,"column":null}},"110":{"start":{"line":329,"column":28},"end":{"line":329,"column":null}},"111":{"start":{"line":330,"column":57},"end":{"line":330,"column":null}},"112":{"start":{"line":331,"column":8},"end":{"line":334,"column":null}},"113":{"start":{"line":332,"column":10},"end":{"line":333,"column":null}},"114":{"start":{"line":332,"column":39},"end":{"line":332,"column":null}},"115":{"start":{"line":332,"column":48},"end":{"line":333,"column":null}},"116":{"start":{"line":333,"column":43},"end":{"line":333,"column":null}},"117":{"start":{"line":335,"column":8},"end":{"line":335,"column":null}},"118":{"start":{"line":339,"column":4},"end":{"line":339,"column":null}},"119":{"start":{"line":343,"column":26},"end":{"line":343,"column":null}},"120":{"start":{"line":346,"column":4},"end":{"line":348,"column":null}},"121":{"start":{"line":347,"column":6},"end":{"line":347,"column":null}},"122":{"start":{"line":351,"column":4},"end":{"line":357,"column":null}},"123":{"start":{"line":352,"column":29},"end":{"line":352,"column":null}},"124":{"start":{"line":353,"column":6},"end":{"line":356,"column":null}},"125":{"start":{"line":354,"column":8},"end":{"line":354,"column":null}},"126":{"start":{"line":355,"column":8},"end":{"line":355,"column":null}},"127":{"start":{"line":359,"column":4},"end":{"line":362,"column":null}},"128":{"start":{"line":360,"column":6},"end":{"line":360,"column":null}},"129":{"start":{"line":361,"column":6},"end":{"line":361,"column":null}},"130":{"start":{"line":364,"column":23},"end":{"line":364,"column":null}},"131":{"start":{"line":368,"column":23},"end":{"line":368,"column":null}},"132":{"start":{"line":371,"column":4},"end":{"line":403,"column":null}},"133":{"start":{"line":372,"column":20},"end":{"line":372,"column":null}},"134":{"start":{"line":373,"column":20},"end":{"line":376,"column":null}},"135":{"start":{"line":377,"column":29},"end":{"line":377,"column":null}},"136":{"start":{"line":380,"column":28},"end":{"line":380,"column":null}},"137":{"start":{"line":381,"column":23},"end":{"line":381,"column":null}},"138":{"start":{"line":384,"column":31},"end":{"line":384,"column":null}},"139":{"start":{"line":385,"column":26},"end":{"line":385,"column":null}},"140":{"start":{"line":388,"column":21},"end":{"line":388,"column":null}},"141":{"start":{"line":391,"column":26},"end":{"line":391,"column":null}},"142":{"start":{"line":393,"column":6},"end":{"line":393,"column":null}},"143":{"start":{"line":395,"column":6},"end":{"line":402,"column":null}},"144":{"start":{"line":405,"column":4},"end":{"line":405,"column":null}},"145":{"start":{"line":407,"column":4},"end":{"line":407,"column":null}},"146":{"start":{"line":414,"column":38},"end":{"line":414,"column":null}},"147":{"start":{"line":417,"column":28},"end":{"line":417,"column":null}},"148":{"start":{"line":418,"column":4},"end":{"line":420,"column":null}},"149":{"start":{"line":419,"column":6},"end":{"line":419,"column":null}},"150":{"start":{"line":422,"column":23},"end":{"line":422,"column":null}},"151":{"start":{"line":425,"column":23},"end":{"line":425,"column":null}},"152":{"start":{"line":428,"column":4},"end":{"line":452,"column":null}},"153":{"start":{"line":429,"column":20},"end":{"line":429,"column":null}},"154":{"start":{"line":430,"column":20},"end":{"line":430,"column":null}},"155":{"start":{"line":431,"column":29},"end":{"line":431,"column":null}},"156":{"start":{"line":434,"column":28},"end":{"line":434,"column":null}},"157":{"start":{"line":435,"column":23},"end":{"line":435,"column":null}},"158":{"start":{"line":438,"column":31},"end":{"line":438,"column":null}},"159":{"start":{"line":439,"column":26},"end":{"line":439,"column":null}},"160":{"start":{"line":442,"column":26},"end":{"line":442,"column":null}},"161":{"start":{"line":444,"column":6},"end":{"line":451,"column":null}},"162":{"start":{"line":454,"column":4},"end":{"line":454,"column":null}},"163":{"start":{"line":458,"column":4},"end":{"line":462,"column":null}},"164":{"start":{"line":459,"column":22},"end":{"line":459,"column":null}},"165":{"start":{"line":460,"column":26},"end":{"line":460,"column":null}},"166":{"start":{"line":461,"column":19},"end":{"line":461,"column":null}},"167":{"start":{"line":466,"column":4},"end":{"line":470,"column":null}},"168":{"start":{"line":467,"column":22},"end":{"line":467,"column":null}},"169":{"start":{"line":468,"column":26},"end":{"line":468,"column":null}},"170":{"start":{"line":469,"column":19},"end":{"line":469,"column":null}},"171":{"start":{"line":474,"column":4},"end":{"line":474,"column":null}}},"fnMap":{"0":{"name":"(anonymous_0)","decl":{"start":{"line":49,"column":2},"end":{"line":49,"column":14}},"loc":{"start":{"line":49,"column":51},"end":{"line":51,"column":null}},"line":49},"1":{"name":"(anonymous_1)","decl":{"start":{"line":56,"column":8},"end":{"line":56,"column":33}},"loc":{"start":{"line":56,"column":33},"end":{"line":89,"column":null}},"line":56},"2":{"name":"(anonymous_2)","decl":{"start":{"line":94,"column":16},"end":{"line":94,"column":null}},"loc":{"start":{"line":98,"column":19},"end":{"line":198,"column":null}},"line":98},"3":{"name":"(anonymous_3)","decl":{"start":{"line":103,"column":42},"end":{"line":103,"column":47}},"loc":{"start":{"line":103,"column":47},"end":{"line":103,"column":66}},"line":103},"4":{"name":"(anonymous_4)","decl":{"start":{"line":104,"column":51},"end":{"line":104,"column":52}},"loc":{"start":{"line":104,"column":61},"end":{"line":108,"column":5}},"line":104},"5":{"name":"(anonymous_5)","decl":{"start":{"line":120,"column":44},"end":{"line":120,"column":51}},"loc":{"start":{"line":120,"column":51},"end":{"line":120,"column":72}},"line":120},"6":{"name":"(anonymous_6)","decl":{"start":{"line":121,"column":53},"end":{"line":121,"column":54}},"loc":{"start":{"line":121,"column":63},"end":{"line":125,"column":5}},"line":121},"7":{"name":"(anonymous_7)","decl":{"start":{"line":147,"column":28},"end":{"line":147,"column":36}},"loc":{"start":{"line":147,"column":36},"end":{"line":147,"column":84}},"line":147},"8":{"name":"(anonymous_8)","decl":{"start":{"line":204,"column":10},"end":{"line":204,"column":28}},"loc":{"start":{"line":204,"column":59},"end":{"line":235,"column":null}},"line":204},"9":{"name":"(anonymous_9)","decl":{"start":{"line":240,"column":16},"end":{"line":240,"column":37}},"loc":{"start":{"line":240,"column":99},"end":{"line":242,"column":null}},"line":240},"10":{"name":"(anonymous_10)","decl":{"start":{"line":247,"column":10},"end":{"line":247,"column":31}},"loc":{"start":{"line":247,"column":66},"end":{"line":301,"column":null}},"line":247},"11":{"name":"(anonymous_11)","decl":{"start":{"line":307,"column":10},"end":{"line":307,"column":45}},"loc":{"start":{"line":307,"column":82},"end":{"line":408,"column":null}},"line":307},"12":{"name":"(anonymous_12)","decl":{"start":{"line":413,"column":10},"end":{"line":413,"column":33}},"loc":{"start":{"line":413,"column":70},"end":{"line":455,"column":null}},"line":413},"13":{"name":"(anonymous_13)","decl":{"start":{"line":457,"column":10},"end":{"line":457,"column":24}},"loc":{"start":{"line":457,"column":76},"end":{"line":463,"column":null}},"line":457},"14":{"name":"(anonymous_14)","decl":{"start":{"line":465,"column":10},"end":{"line":465,"column":24}},"loc":{"start":{"line":465,"column":76},"end":{"line":471,"column":null}},"line":465},"15":{"name":"(anonymous_15)","decl":{"start":{"line":473,"column":10},"end":{"line":473,"column":14}},"loc":{"start":{"line":473,"column":37},"end":{"line":475,"column":null}},"line":473}},"branchMap":{"0":{"loc":{"start":{"line":58,"column":4},"end":{"line":61,"column":null}},"type":"if","locations":[{"start":{"line":58,"column":4},"end":{"line":61,"column":null}},{"start":{},"end":{}}],"line":58},"1":{"loc":{"start":{"line":80,"column":4},"end":{"line":85,"column":null}},"type":"if","locations":[{"start":{"line":80,"column":4},"end":{"line":85,"column":null}},{"start":{},"end":{}}],"line":80},"2":{"loc":{"start":{"line":80,"column":8},"end":{"line":80,"column":63}},"type":"binary-expr","locations":[{"start":{"line":80,"column":8},"end":{"line":80,"column":40}},{"start":{"line":80,"column":40},"end":{"line":80,"column":63}}],"line":80},"3":{"loc":{"start":{"line":105,"column":6},"end":{"line":105,"column":null}},"type":"if","locations":[{"start":{"line":105,"column":6},"end":{"line":105,"column":null}},{"start":{},"end":{}}],"line":105},"4":{"loc":{"start":{"line":105,"column":10},"end":{"line":105,"column":68}},"type":"binary-expr","locations":[{"start":{"line":105,"column":10},"end":{"line":105,"column":40}},{"start":{"line":105,"column":40},"end":{"line":105,"column":68}}],"line":105},"5":{"loc":{"start":{"line":106,"column":6},"end":{"line":106,"column":null}},"type":"if","locations":[{"start":{"line":106,"column":6},"end":{"line":106,"column":null}},{"start":{},"end":{}}],"line":106},"6":{"loc":{"start":{"line":106,"column":10},"end":{"line":106,"column":68}},"type":"binary-expr","locations":[{"start":{"line":106,"column":10},"end":{"line":106,"column":40}},{"start":{"line":106,"column":40},"end":{"line":106,"column":68}}],"line":106},"7":{"loc":{"start":{"line":122,"column":6},"end":{"line":122,"column":null}},"type":"if","locations":[{"start":{"line":122,"column":6},"end":{"line":122,"column":null}},{"start":{},"end":{}}],"line":122},"8":{"loc":{"start":{"line":122,"column":10},"end":{"line":122,"column":68}},"type":"binary-expr","locations":[{"start":{"line":122,"column":10},"end":{"line":122,"column":40}},{"start":{"line":122,"column":40},"end":{"line":122,"column":68}}],"line":122},"9":{"loc":{"start":{"line":123,"column":6},"end":{"line":123,"column":null}},"type":"if","locations":[{"start":{"line":123,"column":6},"end":{"line":123,"column":null}},{"start":{},"end":{}}],"line":123},"10":{"loc":{"start":{"line":123,"column":10},"end":{"line":123,"column":68}},"type":"binary-expr","locations":[{"start":{"line":123,"column":10},"end":{"line":123,"column":40}},{"start":{"line":123,"column":40},"end":{"line":123,"column":68}}],"line":123},"11":{"loc":{"start":{"line":127,"column":4},"end":{"line":135,"column":null}},"type":"if","locations":[{"start":{"line":127,"column":4},"end":{"line":135,"column":null}},{"start":{},"end":{}}],"line":127},"12":{"loc":{"start":{"line":127,"column":8},"end":{"line":127,"column":64}},"type":"binary-expr","locations":[{"start":{"line":127,"column":8},"end":{"line":127,"column":37}},{"start":{"line":127,"column":37},"end":{"line":127,"column":64}}],"line":127},"13":{"loc":{"start":{"line":155,"column":4},"end":{"line":155,"column":null}},"type":"if","locations":[{"start":{"line":155,"column":4},"end":{"line":155,"column":null}},{"start":{},"end":{}}],"line":155},"14":{"loc":{"start":{"line":155,"column":8},"end":{"line":155,"column":44}},"type":"binary-expr","locations":[{"start":{"line":155,"column":8},"end":{"line":155,"column":21}},{"start":{"line":155,"column":21},"end":{"line":155,"column":44}}],"line":155},"15":{"loc":{"start":{"line":164,"column":6},"end":{"line":170,"column":null}},"type":"if","locations":[{"start":{"line":164,"column":6},"end":{"line":170,"column":null}},{"start":{"line":167,"column":13},"end":{"line":170,"column":null}}],"line":164},"16":{"loc":{"start":{"line":180,"column":22},"end":{"line":182,"column":null}},"type":"cond-expr","locations":[{"start":{"line":181,"column":8},"end":{"line":181,"column":null}},{"start":{"line":182,"column":8},"end":{"line":182,"column":null}}],"line":180},"17":{"loc":{"start":{"line":182,"column":66},"end":{"line":182,"column":97}},"type":"cond-expr","locations":[{"start":{"line":182,"column":87},"end":{"line":182,"column":95}},{"start":{"line":182,"column":95},"end":{"line":182,"column":97}}],"line":182},"18":{"loc":{"start":{"line":190,"column":4},"end":{"line":195,"column":null}},"type":"if","locations":[{"start":{"line":190,"column":4},"end":{"line":195,"column":null}},{"start":{"line":192,"column":4},"end":{"line":195,"column":null}}],"line":190},"19":{"loc":{"start":{"line":192,"column":4},"end":{"line":195,"column":null}},"type":"if","locations":[{"start":{"line":192,"column":4},"end":{"line":195,"column":null}},{"start":{},"end":{}}],"line":192},"20":{"loc":{"start":{"line":206,"column":4},"end":{"line":208,"column":null}},"type":"if","locations":[{"start":{"line":206,"column":4},"end":{"line":208,"column":null}},{"start":{},"end":{}}],"line":206},"21":{"loc":{"start":{"line":257,"column":4},"end":{"line":270,"column":null}},"type":"if","locations":[{"start":{"line":257,"column":4},"end":{"line":270,"column":null}},{"start":{},"end":{}}],"line":257},"22":{"loc":{"start":{"line":266,"column":8},"end":{"line":267,"column":null}},"type":"if","locations":[{"start":{"line":266,"column":8},"end":{"line":267,"column":null}},{"start":{"line":266,"column":42},"end":{"line":267,"column":null}}],"line":266},"23":{"loc":{"start":{"line":266,"column":42},"end":{"line":267,"column":null}},"type":"if","locations":[{"start":{"line":266,"column":42},"end":{"line":267,"column":null}},{"start":{},"end":{}}],"line":266},"24":{"loc":{"start":{"line":284,"column":28},"end":{"line":286,"column":null}},"type":"binary-expr","locations":[{"start":{"line":284,"column":28},"end":{"line":284,"column":null}},{"start":{"line":285,"column":8},"end":{"line":285,"column":null}},{"start":{"line":286,"column":8},"end":{"line":286,"column":null}}],"line":284},"25":{"loc":{"start":{"line":287,"column":23},"end":{"line":287,"column":null}},"type":"cond-expr","locations":[{"start":{"line":287,"column":39},"end":{"line":287,"column":72}},{"start":{"line":287,"column":72},"end":{"line":287,"column":null}}],"line":287},"26":{"loc":{"start":{"line":289,"column":21},"end":{"line":289,"column":null}},"type":"binary-expr","locations":[{"start":{"line":289,"column":21},"end":{"line":289,"column":48}},{"start":{"line":289,"column":48},"end":{"line":289,"column":null}}],"line":289},"27":{"loc":{"start":{"line":314,"column":4},"end":{"line":337,"column":null}},"type":"if","locations":[{"start":{"line":314,"column":4},"end":{"line":337,"column":null}},{"start":{},"end":{}}],"line":314},"28":{"loc":{"start":{"line":320,"column":8},"end":{"line":320,"column":null}},"type":"if","locations":[{"start":{"line":320,"column":8},"end":{"line":320,"column":null}},{"start":{},"end":{}}],"line":320},"29":{"loc":{"start":{"line":324,"column":8},"end":{"line":324,"column":null}},"type":"if","locations":[{"start":{"line":324,"column":8},"end":{"line":324,"column":null}},{"start":{},"end":{}}],"line":324},"30":{"loc":{"start":{"line":331,"column":8},"end":{"line":334,"column":null}},"type":"if","locations":[{"start":{"line":331,"column":8},"end":{"line":334,"column":null}},{"start":{},"end":{}}],"line":331},"31":{"loc":{"start":{"line":332,"column":10},"end":{"line":333,"column":null}},"type":"if","locations":[{"start":{"line":332,"column":10},"end":{"line":333,"column":null}},{"start":{"line":332,"column":48},"end":{"line":333,"column":null}}],"line":332},"32":{"loc":{"start":{"line":332,"column":48},"end":{"line":333,"column":null}},"type":"if","locations":[{"start":{"line":332,"column":48},"end":{"line":333,"column":null}},{"start":{},"end":{}}],"line":332},"33":{"loc":{"start":{"line":346,"column":4},"end":{"line":348,"column":null}},"type":"if","locations":[{"start":{"line":346,"column":4},"end":{"line":348,"column":null}},{"start":{},"end":{}}],"line":346},"34":{"loc":{"start":{"line":351,"column":4},"end":{"line":357,"column":null}},"type":"if","locations":[{"start":{"line":351,"column":4},"end":{"line":357,"column":null}},{"start":{},"end":{}}],"line":351},"35":{"loc":{"start":{"line":353,"column":6},"end":{"line":356,"column":null}},"type":"if","locations":[{"start":{"line":353,"column":6},"end":{"line":356,"column":null}},{"start":{},"end":{}}],"line":353},"36":{"loc":{"start":{"line":359,"column":4},"end":{"line":362,"column":null}},"type":"if","locations":[{"start":{"line":359,"column":4},"end":{"line":362,"column":null}},{"start":{},"end":{}}],"line":359},"37":{"loc":{"start":{"line":381,"column":23},"end":{"line":381,"column":null}},"type":"cond-expr","locations":[{"start":{"line":381,"column":39},"end":{"line":381,"column":65}},{"start":{"line":381,"column":65},"end":{"line":381,"column":null}}],"line":381},"38":{"loc":{"start":{"line":385,"column":26},"end":{"line":385,"column":null}},"type":"cond-expr","locations":[{"start":{"line":385,"column":45},"end":{"line":385,"column":74}},{"start":{"line":385,"column":74},"end":{"line":385,"column":null}}],"line":385},"39":{"loc":{"start":{"line":388,"column":21},"end":{"line":388,"column":null}},"type":"binary-expr","locations":[{"start":{"line":388,"column":21},"end":{"line":388,"column":45}},{"start":{"line":388,"column":45},"end":{"line":388,"column":null}}],"line":388},"40":{"loc":{"start":{"line":418,"column":4},"end":{"line":420,"column":null}},"type":"if","locations":[{"start":{"line":418,"column":4},"end":{"line":420,"column":null}},{"start":{},"end":{}}],"line":418},"41":{"loc":{"start":{"line":435,"column":23},"end":{"line":435,"column":null}},"type":"cond-expr","locations":[{"start":{"line":435,"column":39},"end":{"line":435,"column":65}},{"start":{"line":435,"column":65},"end":{"line":435,"column":null}}],"line":435},"42":{"loc":{"start":{"line":439,"column":26},"end":{"line":439,"column":null}},"type":"cond-expr","locations":[{"start":{"line":439,"column":45},"end":{"line":439,"column":74}},{"start":{"line":439,"column":74},"end":{"line":439,"column":null}}],"line":439},"43":{"loc":{"start":{"line":458,"column":4},"end":{"line":462,"column":null}},"type":"switch","locations":[{"start":{"line":459,"column":6},"end":{"line":459,"column":null}},{"start":{"line":460,"column":6},"end":{"line":460,"column":null}},{"start":{"line":461,"column":6},"end":{"line":461,"column":null}}],"line":458},"44":{"loc":{"start":{"line":466,"column":4},"end":{"line":470,"column":null}},"type":"switch","locations":[{"start":{"line":467,"column":6},"end":{"line":467,"column":null}},{"start":{"line":468,"column":6},"end":{"line":468,"column":null}},{"start":{"line":469,"column":6},"end":{"line":469,"column":null}}],"line":466}},"s":{"0":10,"1":10,"2":10,"3":2,"4":2,"5":8,"6":8,"7":8,"8":8,"9":8,"10":8,"11":7,"12":7,"13":1,"14":1,"15":7,"16":1,"17":1,"18":6,"19":6,"20":6,"21":8,"22":6,"23":0,"24":0,"25":0,"26":0,"27":0,"28":6,"29":6,"30":6,"31":0,"32":6,"33":0,"34":0,"35":0,"36":0,"37":0,"38":6,"39":0,"40":6,"41":0,"42":6,"43":6,"44":6,"45":3,"46":3,"47":3,"48":3,"49":3,"50":3,"51":3,"52":3,"53":0,"54":0,"55":3,"56":3,"57":3,"58":3,"59":3,"60":6,"61":3,"62":1,"63":2,"64":1,"65":1,"66":3,"67":0,"68":0,"69":0,"70":0,"71":7,"72":7,"73":7,"74":7,"75":6,"76":6,"77":6,"78":8,"79":8,"80":8,"81":8,"82":0,"83":8,"84":2,"85":8,"86":7,"87":7,"88":8,"89":8,"90":8,"91":8,"92":8,"93":8,"94":8,"95":8,"96":7,"97":7,"98":7,"99":7,"100":7,"101":6,"102":6,"103":6,"104":32,"105":12,"106":20,"107":20,"108":20,"109":0,"110":0,"111":0,"112":0,"113":0,"114":0,"115":0,"116":0,"117":0,"118":7,"119":7,"120":7,"121":7,"122":7,"123":7,"124":7,"125":0,"126":0,"127":7,"128":7,"129":7,"130":0,"131":0,"132":0,"133":0,"134":0,"135":0,"136":0,"137":0,"138":0,"139":0,"140":0,"141":0,"142":0,"143":0,"144":0,"145":0,"146":0,"147":0,"148":0,"149":0,"150":0,"151":0,"152":0,"153":0,"154":0,"155":0,"156":0,"157":0,"158":0,"159":0,"160":0,"161":0,"162":0,"163":6,"164":6,"165":0,"166":0,"167":6,"168":6,"169":0,"170":0,"171":19},"f":{"0":10,"1":10,"2":6,"3":8,"4":0,"5":0,"6":0,"7":6,"8":0,"9":0,"10":7,"11":7,"12":0,"13":6,"14":6,"15":19},"b":{"0":[2,8],"1":[1,6],"2":[7,1],"3":[0,0],"4":[0,0],"5":[0,0],"6":[0,0],"7":[0,0],"8":[0,0],"9":[0,0],"10":[0,0],"11":[0,6],"12":[6,0],"13":[3,3],"14":[6,3],"15":[3,0],"16":[3,0],"17":[0,0],"18":[1,2],"19":[1,1],"20":[0,0],"21":[6,1],"22":[0,8],"23":[2,6],"24":[8,8,6],"25":[2,6],"26":[8,0],"27":[6,1],"28":[12,20],"29":[20,0],"30":[0,0],"31":[0,0],"32":[0,0],"33":[7,0],"34":[7,0],"35":[0,7],"36":[7,0],"37":[0,0],"38":[0,0],"39":[0,0],"40":[0,0],"41":[0,0],"42":[0,0],"43":[6,0,0],"44":[6,0,0]},"meta":{"lastBranch":45,"lastFunction":16,"lastStatement":172,"seen":{"f:49:2:49:14":0,"s:50:4:50:Infinity":0,"f:56:8:56:33":1,"s:57:21:57:Infinity":1,"b:58:4:61:Infinity:undefined:undefined:undefined:undefined":0,"s:58:4:61:Infinity":2,"s:59:6:59:Infinity":3,"s:60:6:60:Infinity":4,"s:62:10:62:Infinity":5,"s:63:23:63:Infinity":6,"s:66:44:66:Infinity":7,"s:67:39:67:Infinity":8,"s:69:4:78:Infinity":9,"s:70:28:70:Infinity":10,"s:71:6:71:Infinity":11,"s:72:6:72:Infinity":12,"s:74:6:76:Infinity":13,"s:77:6:77:Infinity":14,"b:80:4:85:Infinity:undefined:undefined:undefined:undefined":1,"s:80:4:85:Infinity":15,"b:80:8:80:40:80:40:80:63":2,"s:81:6:83:Infinity":16,"s:84:6:84:Infinity":17,"s:88:4:88:Infinity":18,"f:94:16:94:Infinity":2,"s:100:81:100:Infinity":19,"s:103:27:103:Infinity":20,"f:103:42:103:47":3,"s:103:47:103:66":21,"s:104:26:108:Infinity":22,"f:104:51:104:52":4,"b:105:6:105:Infinity:undefined:undefined:undefined:undefined":3,"s:105:6:105:Infinity":23,"b:105:10:105:40:105:40:105:68":4,"s:105:68:105:Infinity":24,"b:106:6:106:Infinity:undefined:undefined:undefined:undefined":5,"s:106:6:106:Infinity":25,"b:106:10:106:40:106:40:106:68":6,"s:106:68:106:Infinity":26,"s:107:6:107:Infinity":27,"s:110:4:117:Infinity":28,"s:111:6:116:Infinity":29,"s:120:28:120:Infinity":30,"f:120:44:120:51":5,"s:120:51:120:72":31,"s:121:27:125:Infinity":32,"f:121:53:121:54":6,"b:122:6:122:Infinity:undefined:undefined:undefined:undefined":7,"s:122:6:122:Infinity":33,"b:122:10:122:40:122:40:122:68":8,"s:122:68:122:Infinity":34,"b:123:6:123:Infinity:undefined:undefined:undefined:undefined":9,"s:123:6:123:Infinity":35,"b:123:10:123:40:123:40:123:68":10,"s:123:68:123:Infinity":36,"s:124:6:124:Infinity":37,"b:127:4:135:Infinity:undefined:undefined:undefined:undefined":11,"s:127:4:135:Infinity":38,"b:127:8:127:37:127:37:127:64":12,"s:128:6:134:Infinity":39,"s:137:4:144:Infinity":40,"s:138:6:143:Infinity":41,"s:146:21:153:Infinity":42,"f:147:28:147:36":7,"s:147:36:147:84":43,"b:155:4:155:Infinity:undefined:undefined:undefined:undefined":13,"s:155:4:155:Infinity":44,"b:155:8:155:21:155:21:155:44":14,"s:155:44:155:Infinity":45,"s:158:31:158:Infinity":46,"s:159:30:159:Infinity":47,"s:161:4:171:Infinity":48,"s:162:27:162:Infinity":49,"b:164:6:170:Infinity:167:13:170:Infinity":15,"s:164:6:170:Infinity":50,"s:165:8:165:Infinity":51,"s:166:8:166:Infinity":52,"s:168:8:168:Infinity":53,"s:169:8:169:Infinity":54,"s:174:28:174:Infinity":55,"s:175:4:175:Infinity":56,"s:177:21:177:Infinity":57,"s:178:21:178:Infinity":58,"s:180:22:182:Infinity":59,"b:181:8:181:Infinity:182:8:182:Infinity":16,"b:182:87:182:95:182:95:182:97":17,"s:184:19:188:Infinity":60,"b:190:4:195:Infinity:192:4:195:Infinity":18,"s:190:4:195:Infinity":61,"s:191:6:191:Infinity":62,"b:192:4:195:Infinity:undefined:undefined:undefined:undefined":19,"s:192:4:195:Infinity":63,"s:193:18:193:Infinity":64,"s:194:6:194:Infinity":65,"s:197:4:197:Infinity":66,"f:204:10:204:28":8,"b:206:4:208:Infinity:undefined:undefined:undefined:undefined":20,"s:206:4:208:Infinity":67,"s:207:6:207:Infinity":68,"s:211:4:225:Infinity":69,"f:240:16:240:37":9,"s:241:4:241:Infinity":70,"f:247:10:247:31":10,"s:248:38:248:Infinity":71,"s:251:22:251:Infinity":72,"s:255:27:255:Infinity":73,"b:257:4:270:Infinity:undefined:undefined:undefined:undefined":21,"s:257:4:270:Infinity":74,"s:258:31:258:Infinity":75,"s:260:25:260:Infinity":76,"s:262:6:269:Infinity":77,"s:263:25:263:Infinity":78,"s:264:27:264:Infinity":79,"s:265:57:265:Infinity":80,"b:266:8:267:Infinity:266:42:267:Infinity":22,"s:266:8:267:Infinity":81,"s:266:33:266:Infinity":82,"b:266:42:267:Infinity:undefined:undefined:undefined:undefined":23,"s:266:42:267:Infinity":83,"s:267:37:267:Infinity":84,"s:268:8:268:Infinity":85,"s:274:26:274:Infinity":86,"s:277:4:298:Infinity":87,"s:278:23:278:Infinity":88,"s:279:20:279:Infinity":89,"s:280:29:280:Infinity":90,"s:281:26:281:Infinity":91,"s:284:28:286:Infinity":92,"b:284:28:284:Infinity:285:8:285:Infinity:286:8:286:Infinity":24,"s:287:23:287:Infinity":93,"b:287:39:287:72:287:72:287:Infinity":25,"s:289:21:289:Infinity":94,"b:289:21:289:48:289:48:289:Infinity":26,"s:291:6:297:Infinity":95,"s:300:4:300:Infinity":96,"f:307:10:307:45":11,"s:308:38:308:Infinity":97,"s:311:22:311:Infinity":98,"s:312:27:312:Infinity":99,"b:314:4:337:Infinity:undefined:undefined:undefined:undefined":27,"s:314:4:337:Infinity":100,"s:315:31:315:Infinity":101,"s:317:20:317:Infinity":102,"s:318:6:336:Infinity":103,"b:320:8:320:Infinity:undefined:undefined:undefined:undefined":28,"s:320:8:320:Infinity":104,"s:320:42:320:Infinity":105,"s:323:25:323:Infinity":106,"b:324:8:324:Infinity:undefined:undefined:undefined:undefined":29,"s:324:8:324:Infinity":107,"s:324:23:324:Infinity":108,"s:326:22:326:Infinity":109,"s:329:28:329:Infinity":110,"s:330:57:330:Infinity":111,"b:331:8:334:Infinity:undefined:undefined:undefined:undefined":30,"s:331:8:334:Infinity":112,"b:332:10:333:Infinity:332:48:333:Infinity":31,"s:332:10:333:Infinity":113,"s:332:39:332:Infinity":114,"b:332:48:333:Infinity:undefined:undefined:undefined:undefined":32,"s:332:48:333:Infinity":115,"s:333:43:333:Infinity":116,"s:335:8:335:Infinity":117,"s:339:4:339:Infinity":118,"
[...]
:99,"s:277:10:277:Infinity":100,"s:279:10:279:Infinity":101,"s:280:10:280:Infinity":102,"s:282:10:282:Infinity":103,"s:283:10:283:Infinity":104,"s:287:4:287:Infinity":105,"f:295:16:295:31":28,"s:296:4:364:Infinity":106,"b:297:6:302:Infinity:undefined:undefined:undefined:undefined":19,"s:297:6:302:Infinity":107,"b:297:10:297:23:297:23:297:55:297:55:297:80":20,"s:298:24:298:Infinity":108,"s:299:8:299:Infinity":109,"s:300:8:300:Infinity":110,"s:301:8:301:Infinity":111,"s:304:22:304:Infinity":112,"s:306:26:306:Infinity":113,"f:306:54:306:55":29,"s:306:63:306:82":114,"b:307:6:312:Infinity:undefined:undefined:undefined:undefined":21,"s:307:6:312:Infinity":115,"s:308:24:308:Infinity":116,"s:309:8:309:Infinity":117,"s:310:8:310:Infinity":118,"s:311:8:311:Infinity":119,"s:314:24:314:Infinity":120,"s:315:6:325:Infinity":121,"b:316:8:316:Infinity:undefined:undefined:undefined:undefined":22,"s:316:8:316:Infinity":122,"s:316:31:316:Infinity":123,"s:317:20:317:Infinity":124,"b:318:8:323:Infinity:undefined:undefined:undefined:undefined":23,"s:318:8:323:Infinity":125,"s:319:26:319:Infinity":126,"s:320:10:320:Infinity":127,"s:321:10:321:Infinity":128,"s:322:10:322:Infinity":129,"s:324:8:324:Infinity":130,"s:327:21:327:Infinity":131,"s:329:67:329:Infinity":132,"s:330:6:348:Infinity":133,"b:331:8:331:Infinity:undefined:undefined:undefined:undefined":24,"s:331:8:331:Infinity":134,"s:331:33:331:Infinity":135,"s:332:22:332:Infinity":136,"s:333:24:333:Infinity":137,"s:336:10:341:Infinity":138,"b:337:14:340:Infinity:341:14:341:Infinity":25,"b:337:14:337:Infinity:338:14:338:Infinity:339:14:339:Infinity:340:14:340:Infinity":26,"f:340:28:340:29":30,"s:340:45:340:66":139,"b:343:8:345:Infinity:undefined:undefined:undefined:undefined":27,"s:343:8:345:Infinity":140,"s:344:10:344:Infinity":141,"s:347:8:347:Infinity":142,"s:350:6:353:Infinity":143,"s:351:8:351:Infinity":144,"s:352:8:352:Infinity":145,"b:355:6:357:Infinity:undefined:undefined:undefined:undefined":28,"s:355:6:357:Infinity":146,"s:356:8:356:Infinity":147,"s:359:6:359:Infinity":148,"s:360:6:360:Infinity":149,"s:362:6:362:Infinity":150,"s:363:6:363:Infinity":151,"f:373:16:373:53":31,"b:374:4:374:Infinity:undefined:undefined:undefined:undefined":29,"s:374:4:374:Infinity":152,"s:374:21:374:Infinity":153,"s:376:19:376:Infinity":154,"s:377:21:396:Infinity":155,"s:398:4:401:Infinity":156,"f:407:16:407:49":32,"s:408:19:408:Infinity":157,"s:410:21:429:Infinity":158,"s:431:4:433:Infinity":159,"s:432:6:432:Infinity":160,"s:435:4:435:Infinity":161,"s:436:4:436:Infinity":162,"f:442:15:442:40":33,"s:443:4:443:Infinity":163,"f:449:16:449:47":34,"b:450:4:450:Infinity:undefined:undefined:undefined:undefined":30,"s:450:4:450:Infinity":164,"s:450:21:450:Infinity":165,"s:451:4:451:Infinity":166,"f:457:10:457:35":35,"s:458:18:458:Infinity":167,"s:459:22:459:Infinity":168,"b:459:22:459:55:459:55:459:Infinity":31,"s:461:4:793:Infinity":169,"f:913:10:913:14":36,"s:914:4:914:Infinity":170}}}
,"/mnt/c/Users/송용준/Desktop/Dev/projectmanager/vibereport-extension/src/views/SummaryViewProvider.ts": {"path":"/mnt/c/Users/송용준/Desktop/Dev/projectmanager/vibereport-extension/src/views/SummaryViewProvider.ts","statementMap":{"0":{"start":{"line":13,"column":36},"end":{"line":13,"column":null}},"1":{"start":{"line":23,"column":4},"end":{"line":23,"column":null}},"2":{"start":{"line":24,"column":4},"end":{"line":24,"column":null}},"3":{"start":{"line":25,"column":4},"end":{"line":25,"column":null}},"4":{"start":{"line":29,"column":4},"end":{"line":29,"column":null}},"5":{"start":{"line":30,"column":4},"end":{"line":30,"column":null}},"6":{"start":{"line":34,"column":4},"end":{"line":36,"column":null}},"7":{"start":{"line":35,"column":6},"end":{"line":35,"column":null}},"8":{"start":{"line":38,"column":4},"end":{"line":40,"column":null}},"9":{"start":{"line":39,"column":6},"end":{"line":39,"column":null}},"10":{"start":{"line":44,"column":15},"end":{"line":44,"column":null}},"11":{"start":{"line":45,"column":21},"end":{"line":45,"column":null}},"12":{"start":{"line":46,"column":4},"end":{"line":48,"column":null}},"13":{"start":{"line":46,"column":17},"end":{"line":46,"column":20}},"14":{"start":{"line":47,"column":6},"end":{"line":47,"column":null}},"15":{"start":{"line":49,"column":4},"end":{"line":49,"column":null}},"16":{"start":{"line":57,"column":4},"end":{"line":57,"column":null}},"17":{"start":{"line":59,"column":4},"end":{"line":62,"column":null}},"18":{"start":{"line":65,"column":4},"end":{"line":86,"column":null}},"19":{"start":{"line":66,"column":6},"end":{"line":85,"column":null}},"20":{"start":{"line":68,"column":10},"end":{"line":68,"column":null}},"21":{"start":{"line":69,"column":10},"end":{"line":69,"column":null}},"22":{"start":{"line":71,"column":10},"end":{"line":71,"column":null}},"23":{"start":{"line":72,"column":10},"end":{"line":72,"column":null}},"24":{"start":{"line":74,"column":10},"end":{"line":74,"column":null}},"25":{"start":{"line":75,"column":10},"end":{"line":75,"column":null}},"26":{"start":{"line":77,"column":10},"end":{"line":77,"column":null}},"27":{"start":{"line":78,"column":10},"end":{"line":78,"column":null}},"28":{"start":{"line":80,"column":10},"end":{"line":80,"column":null}},"29":{"start":{"line":81,"column":10},"end":{"line":81,"column":null}},"30":{"start":{"line":83,"column":10},"end":{"line":83,"column":null}},"31":{"start":{"line":84,"column":10},"end":{"line":84,"column":null}},"32":{"start":{"line":88,"column":4},"end":{"line":88,"column":null}},"33":{"start":{"line":92,"column":4},"end":{"line":92,"column":null}},"34":{"start":{"line":96,"column":4},"end":{"line":98,"column":null}},"35":{"start":{"line":97,"column":6},"end":{"line":97,"column":null}},"36":{"start":{"line":100,"column":18},"end":{"line":100,"column":null}},"37":{"start":{"line":101,"column":4},"end":{"line":101,"column":null}},"38":{"start":{"line":105,"column":21},"end":{"line":105,"column":null}},"39":{"start":{"line":106,"column":4},"end":{"line":106,"column":null}},"40":{"start":{"line":106,"column":19},"end":{"line":106,"column":null}},"41":{"start":{"line":108,"column":10},"end":{"line":108,"column":null}},"42":{"start":{"line":109,"column":4},"end":{"line":109,"column":null}},"43":{"start":{"line":113,"column":18},"end":{"line":113,"column":null}},"44":{"start":{"line":114,"column":22},"end":{"line":114,"column":null}},"45":{"start":{"line":116,"column":26},"end":{"line":116,"column":null}},"46":{"start":{"line":117,"column":25},"end":{"line":117,"column":null}},"47":{"start":{"line":118,"column":23},"end":{"line":120,"column":null}},"48":{"start":{"line":121,"column":24},"end":{"line":121,"column":null}},"49":{"start":{"line":123,"column":23},"end":{"line":123,"column":null}},"50":{"start":{"line":124,"column":35},"end":{"line":124,"column":null}},"51":{"start":{"line":125,"column":35},"end":{"line":125,"column":null}},"52":{"start":{"line":126,"column":25},"end":{"line":128,"column":null}},"53":{"start":{"line":129,"column":22},"end":{"line":131,"column":null}},"54":{"start":{"line":133,"column":6},"end":{"line":137,"column":null}},"55":{"start":{"line":138,"column":27},"end":{"line":140,"column":null}},"56":{"start":{"line":142,"column":24},"end":{"line":142,"column":null}},"57":{"start":{"line":144,"column":6},"end":{"line":150,"column":null}},"58":{"start":{"line":152,"column":4},"end":{"line":293,"column":null}},"59":{"start":{"line":325,"column":4},"end":{"line":325,"column":null}}},"fnMap":{"0":{"name":"(anonymous_0)","decl":{"start":{"line":22,"column":2},"end":{"line":22,"column":14}},"loc":{"start":{"line":22,"column":77},"end":{"line":26,"column":null}},"line":22},"1":{"name":"(anonymous_1)","decl":{"start":{"line":28,"column":9},"end":{"line":28,"column":29}},"loc":{"start":{"line":28,"column":61},"end":{"line":31,"column":null}},"line":28},"2":{"name":"(anonymous_2)","decl":{"start":{"line":33,"column":10},"end":{"line":33,"column":44}},"loc":{"start":{"line":33,"column":44},"end":{"line":41,"column":null}},"line":33},"3":{"name":"(anonymous_3)","decl":{"start":{"line":38,"column":45},"end":{"line":38,"column":51}},"loc":{"start":{"line":38,"column":51},"end":{"line":40,"column":7}},"line":38},"4":{"name":"(anonymous_4)","decl":{"start":{"line":43,"column":10},"end":{"line":43,"column":29}},"loc":{"start":{"line":43,"column":29},"end":{"line":50,"column":null}},"line":43},"5":{"name":"(anonymous_5)","decl":{"start":{"line":52,"column":9},"end":{"line":52,"column":null}},"loc":{"start":{"line":56,"column":10},"end":{"line":89,"column":null}},"line":56},"6":{"name":"(anonymous_6)","decl":{"start":{"line":65,"column":44},"end":{"line":65,"column":51}},"loc":{"start":{"line":65,"column":63},"end":{"line":86,"column":5}},"line":65},"7":{"name":"(anonymous_7)","decl":{"start":{"line":91,"column":15},"end":{"line":91,"column":40}},"loc":{"start":{"line":91,"column":40},"end":{"line":93,"column":null}},"line":91},"8":{"name":"(anonymous_8)","decl":{"start":{"line":95,"column":16},"end":{"line":95,"column":47}},"loc":{"start":{"line":95,"column":47},"end":{"line":102,"column":null}},"line":95},"9":{"name":"(anonymous_9)","decl":{"start":{"line":104,"column":16},"end":{"line":104,"column":61}},"loc":{"start":{"line":104,"column":61},"end":{"line":110,"column":null}},"line":104},"10":{"name":"(anonymous_10)","decl":{"start":{"line":112,"column":10},"end":{"line":112,"column":25}},"loc":{"start":{"line":112,"column":64},"end":{"line":322,"column":null}},"line":112},"11":{"name":"(anonymous_11)","decl":{"start":{"line":324,"column":10},"end":{"line":324,"column":39}},"loc":{"start":{"line":324,"column":39},"end":{"line":326,"column":null}},"line":324}},"branchMap":{"0":{"loc":{"start":{"line":34,"column":4},"end":{"line":36,"column":null}},"type":"if","locations":[{"start":{"line":34,"column":4},"end":{"line":36,"column":null}},{"start":{},"end":{}}],"line":34},"1":{"loc":{"start":{"line":66,"column":6},"end":{"line":85,"column":null}},"type":"switch","locations":[{"start":{"line":67,"column":8},"end":{"line":69,"column":null}},{"start":{"line":70,"column":8},"end":{"line":72,"column":null}},{"start":{"line":73,"column":8},"end":{"line":75,"column":null}},{"start":{"line":76,"column":8},"end":{"line":78,"column":null}},{"start":{"line":79,"column":8},"end":{"line":81,"column":null}},{"start":{"line":82,"column":8},"end":{"line":84,"column":null}}],"line":66},"2":{"loc":{"start":{"line":96,"column":4},"end":{"line":98,"column":null}},"type":"if","locations":[{"start":{"line":96,"column":4},"end":{"line":98,"column":null}},{"start":{},"end":{}}],"line":96},"3":{"loc":{"start":{"line":106,"column":4},"end":{"line":106,"column":null}},"type":"if","locations":[{"start":{"line":106,"column":4},"end":{"line":106,"column":null}},{"start":{},"end":{}}],"line":106},"4":{"loc":{"start":{"line":114,"column":22},"end":{"line":114,"column":null}},"type":"binary-expr","locations":[{"start":{"line":114,"column":22},"end":{"line":114,"column":55}},{"start":{"line":114,"column":55},"end":{"line":114,"column":null}}],"line":114},"5":{"loc":{"start":{"line":116,"column":26},"end":{"line":116,"column":null}},"type":"binary-expr","locations":[{"start":{"line":116,"column":26},"end":{"line":116,"column":52}},{"start":{"line":116,"column":52},"end":{"line":116,"column":null}}],"line":116},"6":{"loc":{"start":{"line":117,"column":25},"end":{"line":117,"column":null}},"type":"binary-expr","locations":[{"start":{"line":117,"column":25},"end":{"line":117,"column":62}},{"start":{"line":117,"column":62},"end":{"line":117,"column":null}}],"line":117},"7":{"loc":{"start":{"line":118,"column":23},"end":{"line":120,"column":null}},"type":"cond-expr","locations":[{"start":{"line":118,"column":30},"end":{"line":119,"column":null}},{"start":{"line":120,"column":8},"end":{"line":120,"column":null}}],"line":118},"8":{"loc":{"start":{"line":121,"column":24},"end":{"line":121,"column":null}},"type":"binary-expr","locations":[{"start":{"line":121,"column":24},"end":{"line":121,"column":60}},{"start":{"line":121,"column":60},"end":{"line":121,"column":null}}],"line":121},"9":{"loc":{"start":{"line":124,"column":35},"end":{"line":124,"column":null}},"type":"cond-expr","locations":[{"start":{"line":124,"column":57},"end":{"line":124,"column":64}},{"start":{"line":124,"column":64},"end":{"line":124,"column":null}}],"line":124},"10":{"loc":{"start":{"line":125,"column":35},"end":{"line":125,"column":null}},"type":"cond-expr","locations":[{"start":{"line":125,"column":59},"end":{"line":125,"column":68}},{"start":{"line":125,"column":68},"end":{"line":125,"column":null}}],"line":125},"11":{"loc":{"start":{"line":126,"column":25},"end":{"line":128,"column":null}},"type":"cond-expr","locations":[{"start":{"line":127,"column":8},"end":{"line":127,"column":null}},{"start":{"line":128,"column":8},"end":{"line":128,"column":null}}],"line":126},"12":{"loc":{"start":{"line":129,"column":22},"end":{"line":131,"column":null}},"type":"cond-expr","locations":[{"start":{"line":129,"column":34},"end":{"line":130,"column":null}},{"start":{"line":131,"column":8},"end":{"line":131,"column":null}}],"line":129},"13":{"loc":{"start":{"line":133,"column":6},"end":{"line":137,"column":null}},"type":"cond-expr","locations":[{"start":{"line":134,"column":10},"end":{"line":134,"column":null}},{"start":{"line":135,"column":10},"end":{"line":137,"column":null}}],"line":133},"14":{"loc":{"start":{"line":135,"column":10},"end":{"line":137,"column":null}},"type":"cond-expr","locations":[{"start":{"line":136,"column":12},"end":{"line":136,"column":null}},{"start":{"line":137,"column":12},"end":{"line":137,"column":null}}],"line":135},"15":{"loc":{"start":{"line":138,"column":27},"end":{"line":140,"column":null}},"type":"cond-expr","locations":[{"start":{"line":139,"column":8},"end":{"line":139,"column":null}},{"start":{"line":140,"column":8},"end":{"line":140,"column":null}}],"line":138},"16":{"loc":{"start":{"line":144,"column":6},"end":{"line":150,"column":null}},"type":"cond-expr","locations":[{"start":{"line":145,"column":10},"end":{"line":149,"column":null}},{"start":{"line":150,"column":10},"end":{"line":150,"column":null}}],"line":144},"17":{"loc":{"start":{"line":144,"column":6},"end":{"line":144,"column":null}},"type":"binary-expr","locations":[{"start":{"line":144,"column":6},"end":{"line":144,"column":60}},{"start":{"line":144,"column":60},"end":{"line":144,"column":null}}],"line":144},"18":{"loc":{"start":{"line":146,"column":19},"end":{"line":146,"column":null}},"type":"binary-expr","locations":[{"start":{"line":146,"column":19},"end":{"line":146,"column":57}},{"start":{"line":146,"column":57},"end":{"line":146,"column":null}}],"line":146},"19":{"loc":{"start":{"line":147,"column":21},"end":{"line":147,"column":null}},"type":"binary-expr","locations":[{"start":{"line":147,"column":21},"end":{"line":147,"column":61}},{"start":{"line":147,"column":61},"end":{"line":147,"column":null}}],"line":147},"20":{"loc":{"start":{"line":239,"column":4},"end":{"line":260,"column":null}},"type":"cond-expr","locations":[{"start":{"line":239,"column":12},"end":{"line":259,"column":null}},{"start":{"line":260,"column":6},"end":{"line":260,"column":null}}],"line":239},"21":{"loc":{"start":{"line":255,"column":6},"end":{"line":259,"column":10}},"type":"cond-expr","locations":[{"start":{"line":255,"column":20},"end":{"line":257,"column":null}},{"start":{"line":259,"column":8},"end":{"line":259,"column":10}}],"line":255},"22":{"loc":{"start":{"line":266,"column":4},"end":{"line":270,"column":8}},"type":"cond-expr","locations":[{"start":{"line":266,"column":21},"end":{"line":268,"column":null}},{"start":{"line":270,"column":6},"end":{"line":270,"column":8}}],"line":266},"23":{"loc":{"start":{"line":325,"column":4},"end":{"line":325,"column":null}},"type":"binary-expr","locations":[{"start":{"line":325,"column":4},"end":{"line":325,"column":45}},{"start":{"line":325,"column":40},"end":{"line":325,"column":null}}],"line":325}},"s":{"0":1,"1":2,"2":2,"3":2,"4":0,"5":0,"6":0,"7":0,"8":0,"9":0,"10":3,"11":3,"12":3,"13":3,"14":96,"15":3,"16":2,"17":2,"18":2,"19":0,"20":0,"21":0,"22":0,"23":0,"24":0,"25":0,"26":0,"27":0,"28":0,"29":0,"30":0,"31":0,"32":2,"33":1,"34":3,"35":0,"36":3,"37":3,"38":3,"39":3,"40":0,"41":3,"42":3,"43":3,"44":3,"45":3,"46":3,"47":3,"48":3,"49":3,"50":3,"51":3,"52":3,"53":3,"54":3,"55":3,"56":3,"57":3,"58":3,"59":3},"f":{"0":2,"1":0,"2":0,"3":0,"4":3,"5":2,"6":0,"7":1,"8":3,"9":3,"10":3,"11":3},"b":{"0":[0,0],"1":[0,0,0,0,0,0],"2":[0,3],"3":[0,3],"4":[3,3],"5":[3,3],"6":[3,3],"7":[3,0],"8":[3,0],"9":[0,3],"10":[0,3],"11":[0,3],"12":[0,3],"13":[0,3],"14":[0,3],"15":[0,3],"16":[0,3],"17":[3,0],"18":[0,0],"19":[0,0],"20":[3,0],"21":[0,3],"22":[0,3],"23":[3,3]},"meta":{"lastBranch":24,"lastFunction":12,"lastStatement":60,"seen":{"s:13:36:13:Infinity":0,"f:22:2:22:14":0,"s:23:4:23:Infinity":1,"s:24:4:24:Infinity":2,"s:25:4:25:Infinity":3,"f:28:9:28:29":1,"s:29:4:29:Infinity":4,"s:30:4:30:Infinity":5,"f:33:10:33:44":2,"b:34:4:36:Infinity:undefined:undefined:undefined:undefined":0,"s:34:4:36:Infinity":6,"s:35:6:35:Infinity":7,"s:38:4:40:Infinity":8,"f:38:45:38:51":3,"s:39:6:39:Infinity":9,"f:43:10:43:29":4,"s:44:15:44:Infinity":10,"s:45:21:45:Infinity":11,"s:46:4:48:Infinity":12,"s:46:17:46:20":13,"s:47:6:47:Infinity":14,"s:49:4:49:Infinity":15,"f:52:9:52:Infinity":5,"s:57:4:57:Infinity":16,"s:59:4:62:Infinity":17,"s:65:4:86:Infinity":18,"f:65:44:65:51":6,"b:67:8:69:Infinity:70:8:72:Infinity:73:8:75:Infinity:76:8:78:Infinity:79:8:81:Infinity:82:8:84:Infinity":1,"s:66:6:85:Infinity":19,"s:68:10:68:Infinity":20,"s:69:10:69:Infinity":21,"s:71:10:71:Infinity":22,"s:72:10:72:Infinity":23,"s:74:10:74:Infinity":24,"s:75:10:75:Infinity":25,"s:77:10:77:Infinity":26,"s:78:10:78:Infinity":27,"s:80:10:80:Infinity":28,"s:81:10:81:Infinity":29,"s:83:10:83:Infinity":30,"s:84:10:84:Infinity":31,"s:88:4:88:Infinity":32,"f:91:15:91:40":7,"s:92:4:92:Infinity":33,"f:95:16:95:47":8,"b:96:4:98:Infinity:undefined:undefined:undefined:undefined":2,"s:96:4:98:Infinity":34,"s:97:6:97:Infinity":35,"s:100:18:100:Infinity":36,"s:101:4:101:Infinity":37,"f:104:16:104:61":9,"s:105:21:105:Infinity":38,"b:106:4:106:Infinity:undefined:undefined:undefined:undefined":3,"s:106:4:106:Infinity":39,"s:106:19:106:Infinity":40,"s:108:10:108:Infinity":41,"s:109:4:109:Infinity":42,"f:112:10:112:25":10,"s:113:18:113:Infinity":43,"s:114:22:114:Infinity":44,"b:114:22:114:55:114:55:114:Infinity":4,"s:116:26:116:Infinity":45,"b:116:26:116:52:116:52:116:Infinity":5,"s:117:25:117:Infinity":46,"b:117:25:117:62:117:62:117:Infinity":6,"s:118:23:120:Infinity":47,"b:118:30:119:Infinity:120:8:120:Infinity":7,"s:121:24:121:Infinity":48,"b:121:24:121:60:121:60:121:Infinity":8,"s:123:23:123:Infinity":49,"s:124:35:124:Infinity":50,"b:124:57:124:64:124:64:124:Infinity":9,"s:125:35:125:Infinity":51,"b:125:59:125:68:125:68:125:Infinity":10,"s:126:25:128:Infinity":52,"b:127:8:127:Infinity:128:8:128:Infinity":11,"s:129:22:131:Infinity":53,"b:129:34:130:Infinity:131:8:131:Infinity":12,"s:133:6:137:Infinity":54,"b:134:10:134:Infinity:135:10:137:Infinity":13,"b:136:12:136:Infinity:137:12:137:Infinity":14,"s:138:27:140:Infinity":55,"b:139:8:139:Infinity:140:8:140:Infinity":15,"s:142:24:142:Infinity":56,"s:144:6:150:Infinity":57,"b:145:10:149:Infinity:150:10:150:Infinity":16,"b:144:6:144:60:144:60:144:Infinity":17,"b:146:19:146:57:146:57:146:Infinity":18,"b:147:21:147:61:147:61:147:Infinity":19,"s:152:4:293:Infinity":58,"b:239:12:259:Infinity:260:6:260:Infinity":20,"b:255:20:257:Infinity:259:8:259:10":21,"b:266:21:268:Infinity:270:6:270:8":22,"f:324:10:324:39":11,"s:325:4:325:Infinity":59,"b:325:4:325:45:325:40:325:Infinity":23}}}
,"/mnt/c/Users/송용준/Desktop/Dev/projectmanager/vibereport-extension/src/views/index.ts": {"path":"/mnt/c/Users/송용준/Desktop/Dev/projectmanager/vibereport-extension/src/views/index.ts","statementMap":{},"fnMap":{},"branchMap":{},"s":{},"f":{},"b":{},"meta":{"lastBranch":0,"lastFunction":0,"lastStatement":0,"seen":{}}}
}
