{"/mnt/c/Users/송용준/Desktop/Dev/projectmanager/vibereport-extension/src/extension.ts": {"path":"/mnt/c/Users/송용준/Desktop/Dev/projectmanager/vibereport-extension/src/extension.ts","statementMap":{"0":{"start":{"line":25,"column":2},"end":{"line":25,"column":null}},"1":{"start":{"line":26,"column":2},"end":{"line":26,"column":null}},"2":{"start":{"line":29,"column":5},"end":{"line":29,"column":null}},"3":{"start":{"line":31,"column":2},"end":{"line":31,"column":null}},"4":{"start":{"line":32,"column":2},"end":{"line":32,"column":null}},"5":{"start":{"line":33,"column":2},"end":{"line":33,"column":null}},"6":{"start":{"line":34,"column":2},"end":{"line":34,"column":null}},"7":{"start":{"line":37,"column":24},"end":{"line":37,"column":null}},"8":{"start":{"line":38,"column":31},"end":{"line":38,"column":null}},"9":{"start":{"line":39,"column":34},"end":{"line":42,"column":null}},"10":{"start":{"line":43,"column":29},"end":{"line":43,"column":null}},"11":{"start":{"line":44,"column":27},"end":{"line":44,"column":null}},"12":{"start":{"line":45,"column":32},"end":{"line":45,"column":null}},"13":{"start":{"line":46,"column":29},"end":{"line":46,"column":null}},"14":{"start":{"line":47,"column":30},"end":{"line":47,"column":null}},"15":{"start":{"line":48,"column":30},"end":{"line":48,"column":null}},"16":{"start":{"line":49,"column":35},"end":{"line":49,"column":null}},"17":{"start":{"line":52,"column":8},"end":{"line":52,"column":null}},"18":{"start":{"line":53,"column":33},"end":{"line":59,"column":null}},"19":{"start":{"line":54,"column":16},"end":{"line":54,"column":null}},"20":{"start":{"line":55,"column":4},"end":{"line":58,"column":null}},"21":{"start":{"line":61,"column":28},"end":{"line":87,"column":null}},"22":{"start":{"line":68,"column":10},"end":{"line":68,"column":null}},"23":{"start":{"line":70,"column":22},"end":{"line":70,"column":null}},"24":{"start":{"line":71,"column":6},"end":{"line":85,"column":null}},"25":{"start":{"line":72,"column":90},"end":{"line":78,"column":null}},"26":{"start":{"line":74,"column":12},"end":{"line":76,"column":null}},"27":{"start":{"line":75,"column":14},"end":{"line":75,"column":null}},"28":{"start":{"line":80,"column":8},"end":{"line":84,"column":null}},"29":{"start":{"line":88,"column":2},"end":{"line":88,"column":null}},"30":{"start":{"line":90,"column":2},"end":{"line":90,"column":null}},"31":{"start":{"line":91,"column":2},"end":{"line":100,"column":null}},"32":{"start":{"line":93,"column":6},"end":{"line":98,"column":null}},"33":{"start":{"line":97,"column":8},"end":{"line":97,"column":null}},"34":{"start":{"line":103,"column":30},"end":{"line":103,"column":null}},"35":{"start":{"line":104,"column":2},"end":{"line":104,"column":null}},"36":{"start":{"line":105,"column":2},"end":{"line":105,"column":null}},"37":{"start":{"line":108,"column":2},"end":{"line":111,"column":null}},"38":{"start":{"line":112,"column":2},"end":{"line":112,"column":null}},"39":{"start":{"line":113,"column":2},"end":{"line":113,"column":null}},"40":{"start":{"line":114,"column":2},"end":{"line":114,"column":null}},"41":{"start":{"line":115,"column":2},"end":{"line":115,"column":null}},"42":{"start":{"line":116,"column":2},"end":{"line":116,"column":null}},"43":{"start":{"line":119,"column":2},"end":{"line":127,"column":null}},"44":{"start":{"line":121,"column":6},"end":{"line":121,"column":null}},"45":{"start":{"line":123,"column":6},"end":{"line":125,"column":null}},"46":{"start":{"line":124,"column":8},"end":{"line":124,"column":null}},"47":{"start":{"line":130,"column":2},"end":{"line":134,"column":null}},"48":{"start":{"line":132,"column":6},"end":{"line":132,"column":null}},"49":{"start":{"line":137,"column":2},"end":{"line":141,"column":null}},"50":{"start":{"line":139,"column":6},"end":{"line":139,"column":null}},"51":{"start":{"line":144,"column":2},"end":{"line":148,"column":null}},"52":{"start":{"line":146,"column":6},"end":{"line":146,"column":null}},"53":{"start":{"line":151,"column":2},"end":{"line":158,"column":null}},"54":{"start":{"line":153,"column":6},"end":{"line":153,"column":null}},"55":{"start":{"line":154,"column":6},"end":{"line":156,"column":null}},"56":{"start":{"line":155,"column":8},"end":{"line":155,"column":null}},"57":{"start":{"line":161,"column":2},"end":{"line":165,"column":null}},"58":{"start":{"line":163,"column":6},"end":{"line":163,"column":null}},"59":{"start":{"line":168,"column":2},"end":{"line":207,"column":null}},"60":{"start":{"line":170,"column":28},"end":{"line":170,"column":null}},"61":{"start":{"line":171,"column":6},"end":{"line":171,"column":null}},"62":{"start":{"line":171,"column":26},"end":{"line":171,"column":null}},"63":{"start":{"line":173,"column":12},"end":{"line":173,"column":null}},"64":{"start":{"line":174,"column":21},"end":{"line":174,"column":null}},"65":{"start":{"line":175,"column":6},"end":{"line":183,"column":null}},"66":{"start":{"line":176,"column":8},"end":{"line":176,"column":null}},"67":{"start":{"line":178,"column":8},"end":{"line":180,"column":null}},"68":{"start":{"line":181,"column":8},"end":{"line":181,"column":null}},"69":{"start":{"line":182,"column":8},"end":{"line":182,"column":null}},"70":{"start":{"line":184,"column":29},"end":{"line":184,"column":null}},"71":{"start":{"line":186,"column":6},"end":{"line":205,"column":null}},"72":{"start":{"line":188,"column":8},"end":{"line":188,"column":null}},"73":{"start":{"line":189,"column":6},"end":{"line":205,"column":null}},"74":{"start":{"line":191,"column":8},"end":{"line":191,"column":null}},"75":{"start":{"line":192,"column":8},"end":{"line":194,"column":null}},"76":{"start":{"line":193,"column":10},"end":{"line":193,"column":null}},"77":{"start":{"line":199,"column":8},"end":{"line":199,"column":null}},"78":{"start":{"line":202,"column":8},"end":{"line":204,"column":null}},"79":{"start":{"line":203,"column":10},"end":{"line":203,"column":null}},"80":{"start":{"line":210,"column":2},"end":{"line":246,"column":null}},"81":{"start":{"line":212,"column":28},"end":{"line":212,"column":null}},"82":{"start":{"line":213,"column":6},"end":{"line":213,"column":null}},"83":{"start":{"line":213,"column":26},"end":{"line":213,"column":null}},"84":{"start":{"line":215,"column":12},"end":{"line":215,"column":null}},"85":{"start":{"line":216,"column":21},"end":{"line":216,"column":null}},"86":{"start":{"line":217,"column":6},"end":{"line":225,"column":null}},"87":{"start":{"line":218,"column":8},"end":{"line":218,"column":null}},"88":{"start":{"line":220,"column":8},"end":{"line":222,"column":null}},"89":{"start":{"line":223,"column":8},"end":{"line":223,"column":null}},"90":{"start":{"line":224,"column":8},"end":{"line":224,"column":null}},"91":{"start":{"line":226,"column":29},"end":{"line":226,"column":null}},"92":{"start":{"line":228,"column":6},"end":{"line":244,"column":null}},"93":{"start":{"line":230,"column":8},"end":{"line":230,"column":null}},"94":{"start":{"line":231,"column":6},"end":{"line":244,"column":null}},"95":{"start":{"line":233,"column":8},"end":{"line":233,"column":null}},"96":{"start":{"line":234,"column":8},"end":{"line":236,"column":null}},"97":{"start":{"line":235,"column":10},"end":{"line":235,"column":null}},"98":{"start":{"line":239,"column":8},"end":{"line":239,"column":null}},"99":{"start":{"line":241,"column":8},"end":{"line":243,"column":null}},"100":{"start":{"line":242,"column":10},"end":{"line":242,"column":null}},"101":{"start":{"line":249,"column":2},"end":{"line":278,"column":null}},"102":{"start":{"line":251,"column":28},"end":{"line":251,"column":null}},"103":{"start":{"line":252,"column":6},"end":{"line":252,"column":null}},"104":{"start":{"line":252,"column":26},"end":{"line":252,"column":null}},"105":{"start":{"line":254,"column":12},"end":{"line":254,"column":null}},"106":{"start":{"line":255,"column":21},"end":{"line":255,"column":null}},"107":{"start":{"line":256,"column":6},"end":{"line":264,"column":null}},"108":{"start":{"line":257,"column":8},"end":{"line":257,"column":null}},"109":{"start":{"line":259,"column":8},"end":{"line":261,"column":null}},"110":{"start":{"line":262,"column":8},"end":{"line":262,"column":null}},"111":{"start":{"line":263,"column":8},"end":{"line":263,"column":null}},"112":{"start":{"line":265,"column":25},"end":{"line":267,"column":null}},"113":{"start":{"line":269,"column":6},"end":{"line":276,"column":null}},"114":{"start":{"line":270,"column":20},"end":{"line":270,"column":null}},"115":{"start":{"line":271,"column":8},"end":{"line":271,"column":null}},"116":{"start":{"line":273,"column":8},"end":{"line":275,"column":null}},"117":{"start":{"line":281,"column":2},"end":{"line":310,"column":null}},"118":{"start":{"line":283,"column":28},"end":{"line":283,"column":null}},"119":{"start":{"line":284,"column":6},"end":{"line":284,"column":null}},"120":{"start":{"line":284,"column":26},"end":{"line":284,"column":null}},"121":{"start":{"line":286,"column":12},"end":{"line":286,"column":null}},"122":{"start":{"line":287,"column":21},"end":{"line":287,"column":null}},"123":{"start":{"line":288,"column":6},"end":{"line":296,"column":null}},"124":{"start":{"line":289,"column":8},"end":{"line":289,"column":null}},"125":{"start":{"line":291,"column":8},"end":{"line":293,"column":null}},"126":{"start":{"line":294,"column":8},"end":{"line":294,"column":null}},"127":{"start":{"line":295,"column":8},"end":{"line":295,"column":null}},"128":{"start":{"line":297,"column":26},"end":{"line":299,"column":null}},"129":{"start":{"line":301,"column":6},"end":{"line":308,"column":null}},"130":{"start":{"line":302,"column":20},"end":{"line":302,"column":null}},"131":{"start":{"line":303,"column":8},"end":{"line":303,"column":null}},"132":{"start":{"line":305,"column":8},"end":{"line":307,"column":null}},"133":{"start":{"line":313,"column":2},"end":{"line":320,"column":null}},"134":{"start":{"line":317,"column":8},"end":{"line":317,"column":null}},"135":{"start":{"line":323,"column":2},"end":{"line":356,"column":null}},"136":{"start":{"line":325,"column":28},"end":{"line":325,"column":null}},"137":{"start":{"line":326,"column":6},"end":{"line":326,"column":null}},"138":{"start":{"line":326,"column":26},"end":{"line":326,"column":null}},"139":{"start":{"line":328,"column":12},"end":{"line":328,"column":null}},"140":{"start":{"line":329,"column":21},"end":{"line":329,"column":null}},"141":{"start":{"line":330,"column":6},"end":{"line":338,"column":null}},"142":{"start":{"line":331,"column":8},"end":{"line":331,"column":null}},"143":{"start":{"line":333,"column":8},"end":{"line":335,"column":null}},"144":{"start":{"line":336,"column":8},"end":{"line":336,"column":null}},"145":{"start":{"line":337,"column":8},"end":{"line":337,"column":null}},"146":{"start":{"line":340,"column":21},"end":{"line":340,"column":null}},"147":{"start":{"line":342,"column":6},"end":{"line":351,"column":null}},"148":{"start":{"line":343,"column":26},"end":{"line":347,"column":null}},"149":{"start":{"line":348,"column":8},"end":{"line":350,"column":null}},"150":{"start":{"line":349,"column":10},"end":{"line":349,"column":null}},"151":{"start":{"line":354,"column":6},"end":{"line":354,"column":null}},"152":{"start":{"line":359,"column":2},"end":{"line":363,"column":null}},"153":{"start":{"line":361,"column":6},"end":{"line":361,"column":null}},"154":{"start":{"line":366,"column":2},"end":{"line":370,"column":null}},"155":{"start":{"line":368,"column":6},"end":{"line":368,"column":null}},"156":{"start":{"line":373,"column":2},"end":{"line":377,"column":null}},"157":{"start":{"line":375,"column":6},"end":{"line":375,"column":null}},"158":{"start":{"line":380,"column":2},"end":{"line":384,"column":null}},"159":{"start":{"line":382,"column":6},"end":{"line":382,"column":null}},"160":{"start":{"line":387,"column":2},"end":{"line":391,"column":null}},"161":{"start":{"line":389,"column":6},"end":{"line":389,"column":null}},"162":{"start":{"line":398,"column":30},"end":{"line":398,"column":null}},"163":{"start":{"line":399,"column":30},"end":{"line":399,"column":null}},"164":{"start":{"line":400,"column":31},"end":{"line":400,"column":null}},"165":{"start":{"line":402,"column":2},"end":{"line":404,"column":null}},"166":{"start":{"line":406,"column":2},"end":{"line":408,"column":null}},"167":{"start":{"line":410,"column":2},"end":{"line":412,"column":null}},"168":{"start":{"line":415,"column":33},"end":{"line":442,"column":null}},"169":{"start":{"line":416,"column":21},"end":{"line":416,"column":null}},"170":{"start":{"line":417,"column":24},"end":{"line":417,"column":null}},"171":{"start":{"line":419,"column":4},"end":{"line":439,"column":null}},"172":{"start":{"line":420,"column":6},"end":{"line":420,"column":null}},"173":{"start":{"line":421,"column":6},"end":{"line":421,"column":null}},"174":{"start":{"line":423,"column":27},"end":{"line":423,"column":null}},"175":{"start":{"line":424,"column":27},"end":{"line":426,"column":null}},"176":{"start":{"line":427,"column":24},"end":{"line":427,"column":null}},"177":{"start":{"line":429,"column":8},"end":{"line":433,"column":null}},"178":{"start":{"line":435,"column":6},"end":{"line":437,"column":null}},"179":{"start":{"line":438,"column":6},"end":{"line":438,"column":null}},"180":{"start":{"line":441,"column":4},"end":{"line":441,"column":null}},"181":{"start":{"line":444,"column":2},"end":{"line":446,"column":null}},"182":{"start":{"line":445,"column":50},"end":{"line":445,"column":80}},"183":{"start":{"line":447,"column":2},"end":{"line":447,"column":null}},"184":{"start":{"line":450,"column":2},"end":{"line":457,"column":null}},"185":{"start":{"line":452,"column":6},"end":{"line":452,"column":null}},"186":{"start":{"line":453,"column":6},"end":{"line":453,"column":null}},"187":{"start":{"line":454,"column":6},"end":{"line":454,"column":null}},"188":{"start":{"line":455,"column":6},"end":{"line":455,"column":null}},"189":{"start":{"line":460,"column":8},"end":{"line":460,"column":null}},"190":{"start":{"line":461,"column":26},"end":{"line":461,"column":null}},"191":{"start":{"line":462,"column":2},"end":{"line":510,"column":null}},"192":{"start":{"line":463,"column":4},"end":{"line":463,"column":null}},"193":{"start":{"line":465,"column":26},"end":{"line":465,"column":null}},"194":{"start":{"line":466,"column":27},"end":{"line":466,"column":null}},"195":{"start":{"line":467,"column":4},"end":{"line":471,"column":null}},"196":{"start":{"line":468,"column":6},"end":{"line":468,"column":null}},"197":{"start":{"line":470,"column":6},"end":{"line":470,"column":null}},"198":{"start":{"line":473,"column":22},"end":{"line":473,"column":null}},"199":{"start":{"line":474,"column":22},"end":{"line":474,"column":null}},"200":{"start":{"line":476,"column":4},"end":{"line":509,"column":null}},"201":{"start":{"line":478,"column":28},"end":{"line":480,"column":null}},"202":{"start":{"line":483,"column":27},"end":{"line":488,"column":null}},"203":{"start":{"line":490,"column":27},"end":{"line":494,"column":null}},"204":{"start":{"line":491,"column":8},"end":{"line":491,"column":null}},"205":{"start":{"line":492,"column":8},"end":{"line":492,"column":null}},"206":{"start":{"line":493,"column":8},"end":{"line":493,"column":null}},"207":{"start":{"line":496,"column":6},"end":{"line":496,"column":null}},"208":{"start":{"line":497,"column":6},"end":{"line":497,"column":null}},"209":{"start":{"line":498,"column":6},"end":{"line":498,"column":null}},"210":{"start":{"line":500,"column":6},"end":{"line":500,"column":null}},"211":{"start":{"line":501,"column":6},"end":{"line":501,"column":null}},"212":{"start":{"line":503,"column":6},"end":{"line":503,"column":null}},"213":{"start":{"line":504,"column":6},"end":{"line":504,"column":null}},"214":{"start":{"line":505,"column":6},"end":{"line":505,"column":null}},"215":{"start":{"line":506,"column":6},"end":{"line":506,"column":null}},"216":{"start":{"line":508,"column":6},"end":{"line":508,"column":null}},"217":{"start":{"line":513,"column":2},"end":{"line":576,"column":null}},"218":{"start":{"line":515,"column":20},"end":{"line":520,"column":null}},"219":{"start":{"line":522,"column":6},"end":{"line":568,"column":null}},"220":{"start":{"line":580,"column":2},"end":{"line":580,"column":null}},"221":{"start":{"line":584,"column":2},"end":{"line":587,"column":null}},"222":{"start":{"line":585,"column":4},"end":{"line":585,"column":null}},"223":{"start":{"line":586,"column":4},"end":{"line":586,"column":null}},"224":{"start":{"line":593,"column":14},"end":{"line":593,"column":null}},"225":{"start":{"line":595,"column":2},"end":{"line":616,"column":null}},"226":{"start":{"line":596,"column":16},"end":{"line":596,"column":null}},"227":{"start":{"line":597,"column":19},"end":{"line":597,"column":null}},"228":{"start":{"line":599,"column":4},"end":{"line":612,"column":null}},"229":{"start":{"line":600,"column":22},"end":{"line":603,"column":null}},"230":{"start":{"line":604,"column":21},"end":{"line":604,"column":null}},"231":{"start":{"line":605,"column":6},"end":{"line":611,"column":null}},"232":{"start":{"line":606,"column":22},"end":{"line":606,"column":null}},"233":{"start":{"line":607,"column":8},"end":{"line":607,"column":null}},"234":{"start":{"line":608,"column":8},"end":{"line":608,"column":null}},"235":{"start":{"line":610,"column":8},"end":{"line":610,"column":null}},"236":{"start":{"line":614,"column":4},"end":{"line":614,"column":null}},"237":{"start":{"line":615,"column":4},"end":{"line":615,"column":null}},"238":{"start":{"line":623,"column":2},"end":{"line":631,"column":null}},"239":{"start":{"line":624,"column":4},"end":{"line":626,"column":null}},"240":{"start":{"line":625,"column":6},"end":{"line":625,"column":null}},"241":{"start":{"line":627,"column":4},"end":{"line":630,"column":null}},"242":{"start":{"line":628,"column":20},"end":{"line":628,"column":null}},"243":{"start":{"line":629,"column":6},"end":{"line":629,"column":null}},"244":{"start":{"line":629,"column":17},"end":{"line":629,"column":null}},"245":{"start":{"line":632,"column":2},"end":{"line":632,"column":null}}},"fnMap":{"0":{"name":"activate","decl":{"start":{"line":23,"column":22},"end":{"line":23,"column":31}},"loc":{"start":{"line":23,"column":80},"end":{"line":581,"column":null}},"line":23},"1":{"name":"(anonymous_1)","decl":{"start":{"line":53,"column":33},"end":{"line":53,"column":81}},"loc":{"start":{"line":53,"column":81},"end":{"line":59,"column":null}},"line":53},"2":{"name":"(anonymous_2)","decl":{"start":{"line":68,"column":4},"end":{"line":68,"column":10}},"loc":{"start":{"line":68,"column":10},"end":{"line":68,"column":null}},"line":68},"3":{"name":"(anonymous_3)","decl":{"start":{"line":69,"column":4},"end":{"line":69,"column":16}},"loc":{"start":{"line":69,"column":16},"end":{"line":86,"column":null}},"line":69},"4":{"name":"(anonymous_4)","decl":{"start":{"line":73,"column":18},"end":{"line":73,"column":19}},"loc":{"start":{"line":73,"column":35},"end":{"line":77,"column":null}},"line":73},"5":{"name":"(anonymous_5)","decl":{"start":{"line":92,"column":46},"end":{"line":92,"column":55}},"loc":{"start":{"line":92,"column":55},"end":{"line":99,"column":5}},"line":92},"6":{"name":"(anonymous_6)","decl":{"start":{"line":120,"column":64},"end":{"line":120,"column":76}},"loc":{"start":{"line":120,"column":76},"end":{"line":126,"column":5}},"line":120},"7":{"name":"(anonymous_7)","decl":{"start":{"line":123,"column":17},"end":{"line":123,"column":23}},"loc":{"start":{"line":123,"column":23},"end":{"line":125,"column":9}},"line":123},"8":{"name":"(anonymous_8)","decl":{"start":{"line":131,"column":67},"end":{"line":131,"column":79}},"loc":{"start":{"line":131,"column":79},"end":{"line":133,"column":5}},"line":131},"9":{"name":"(anonymous_9)","decl":{"start":{"line":138,"column":65},"end":{"line":138,"column":77}},"loc":{"start":{"line":138,"column":77},"end":{"line":140,"column":5}},"line":138},"10":{"name":"(anonymous_10)","decl":{"start":{"line":145,"column":65},"end":{"line":145,"column":77}},"loc":{"start":{"line":145,"column":77},"end":{"line":147,"column":5}},"line":145},"11":{"name":"(anonymous_11)","decl":{"start":{"line":152,"column":63},"end":{"line":152,"column":75}},"loc":{"start":{"line":152,"column":75},"end":{"line":157,"column":5}},"line":152},"12":{"name":"(anonymous_12)","decl":{"start":{"line":154,"column":17},"end":{"line":154,"column":23}},"loc":{"start":{"line":154,"column":23},"end":{"line":156,"column":9}},"line":154},"13":{"name":"(anonymous_13)","decl":{"start":{"line":162,"column":63},"end":{"line":162,"column":75}},"loc":{"start":{"line":162,"column":75},"end":{"line":164,"column":5}},"line":162},"14":{"name":"(anonymous_14)","decl":{"start":{"line":169,"column":71},"end":{"line":169,"column":83}},"loc":{"start":{"line":169,"column":83},"end":{"line":206,"column":5}},"line":169},"15":{"name":"(anonymous_15)","decl":{"start":{"line":192,"column":19},"end":{"line":192,"column":25}},"loc":{"start":{"line":192,"column":25},"end":{"line":194,"column":11}},"line":192},"16":{"name":"(anonymous_16)","decl":{"start":{"line":202,"column":19},"end":{"line":202,"column":25}},"loc":{"start":{"line":202,"column":25},"end":{"line":204,"column":11}},"line":202},"17":{"name":"(anonymous_17)","decl":{"start":{"line":211,"column":72},"end":{"line":211,"column":84}},"loc":{"start":{"line":211,"column":84},"end":{"line":245,"column":5}},"line":211},"18":{"name":"(anonymous_18)","decl":{"start":{"line":234,"column":19},"end":{"line":234,"column":25}},"loc":{"start":{"line":234,"column":25},"end":{"line":236,"column":11}},"line":234},"19":{"name":"(anonymous_19)","decl":{"start":{"line":241,"column":19},"end":{"line":241,"column":25}},"loc":{"start":{"line":241,"column":25},"end":{"line":243,"column":11}},"line":241},"20":{"name":"(anonymous_20)","decl":{"start":{"line":250,"column":61},"end":{"line":250,"column":73}},"loc":{"start":{"line":250,"column":73},"end":{"line":277,"column":5}},"line":250},"21":{"name":"(anonymous_21)","decl":{"start":{"line":282,"column":69},"end":{"line":282,"column":81}},"loc":{"start":{"line":282,"column":81},"end":{"line":309,"column":5}},"line":282},"22":{"name":"(anonymous_22)","decl":{"start":{"line":316,"column":6},"end":{"line":316,"column":13}},"loc":{"start":{"line":316,"column":55},"end":{"line":318,"column":null}},"line":316},"23":{"name":"(anonymous_23)","decl":{"start":{"line":324,"column":68},"end":{"line":324,"column":80}},"loc":{"start":{"line":324,"column":80},"end":{"line":355,"column":5}},"line":324},"24":{"name":"(anonymous_24)","decl":{"start":{"line":360,"column":62},"end":{"line":360,"column":74}},"loc":{"start":{"line":360,"column":74},"end":{"line":362,"column":5}},"line":360},"25":{"name":"(anonymous_25)","decl":{"start":{"line":367,"column":67},"end":{"line":367,"column":79}},"loc":{"start":{"line":367,"column":79},"end":{"line":369,"column":5}},"line":367},"26":{"name":"(anonymous_26)","decl":{"start":{"line":374,"column":65},"end":{"line":374,"column":77}},"loc":{"start":{"line":374,"column":77},"end":{"line":376,"column":5}},"line":374},"27":{"name":"(anonymous_27)","decl":{"start":{"line":381,"column":62},"end":{"line":381,"column":74}},"loc":{"start":{"line":381,"column":74},"end":{"line":383,"column":5}},"line":381},"28":{"name":"(anonymous_28)","decl":{"start":{"line":388,"column":68},"end":{"line":388,"column":80}},"loc":{"start":{"line":388,"column":80},"end":{"line":390,"column":5}},"line":388},"29":{"name":"(anonymous_29)","decl":{"start":{"line":415,"column":33},"end":{"line":415,"column":34}},"loc":{"start":{"line":415,"column":69},"end":{"line":442,"column":null}},"line":415},"30":{"name":"(anonymous_30)","decl":{"start":{"line":445,"column":40},"end":{"line":445,"column":50}},"loc":{"start":{"line":445,"column":50},"end":{"line":445,"column":80}},"line":445},"31":{"name":"(anonymous_31)","decl":{"start":{"line":451,"column":63},"end":{"line":451,"column":69}},"loc":{"start":{"line":451,"column":69},"end":{"line":456,"column":5}},"line":451},"32":{"name":"(anonymous_32)","decl":{"start":{"line":490,"column":27},"end":{"line":490,"column":33}},"loc":{"start":{"line":490,"column":33},"end":{"line":494,"column":null}},"line":490},"33":{"name":"(anonymous_33)","decl":{"start":{"line":514,"column":68},"end":{"line":514,"column":69}},"loc":{"start":{"line":514,"column":124},"end":{"line":575,"column":5}},"line":514},"34":{"name":"deactivate","decl":{"start":{"line":583,"column":16},"end":{"line":583,"column":35}},"loc":{"start":{"line":583,"column":35},"end":{"line":588,"column":null}},"line":583},"35":{"name":"openFunctionInFile","decl":{"start":{"line":592,"column":15},"end":{"line":592,"column":34}},"loc":{"start":{"line":592,"column":88},"end":{"line":617,"column":null}},"line":592},"36":{"name":"findSymbolByName","decl":{"start":{"line":619,"column":9},"end":{"line":619,"column":null}},"loc":{"start":{"line":622,"column":37},"end":{"line":633,"column":null}},"line":622}},"branchMap":{"0":{"loc":{"start":{"line":29,"column":5},"end":{"line":29,"column":null}},"type":"binary-expr","locations":[{"start":{"line":29,"column":5},"end":{"line":29,"column":68}},{"start":{"line":29,"column":68},"end":{"line":29,"column":null}}],"line":29},"1":{"loc":{"start":{"line":68,"column":10},"end":{"line":68,"column":null}},"type":"binary-expr","locations":[{"start":{"line":68,"column":10},"end":{"line":68,"column":47}},{"start":{"line":68,"column":47},"end":{"line":68,"column":null}}],"line":68},"2":{"loc":{"start":{"line":70,"column":22},"end":{"line":70,"column":null}},"type":"binary-expr","locations":[{"start":{"line":70,"column":22},"end":{"line":70,"column":59}},{"start":{"line":70,"column":59},"end":{"line":70,"column":null}}],"line":70},"3":{"loc":{"start":{"line":74,"column":12},"end":{"line":76,"column":null}},"type":"if","locations":[{"start":{"line":74,"column":12},"end":{"line":76,"column":null}},{"start":{},"end":{}}],"line":74},"4":{"loc":{"start":{"line":93,"column":6},"end":{"line":98,"column":null}},"type":"if","locations":[{"start":{"line":93,"column":6},"end":{"line":98,"column":null}},{"start":{},"end":{}}],"line":93},"5":{"loc":{"start":{"line":94,"column":8},"end":{"line":95,"column":null}},"type":"binary-expr","locations":[{"start":{"line":94,"column":8},"end":{"line":94,"column":null}},{"start":{"line":95,"column":8},"end":{"line":95,"column":null}}],"line":94},"6":{"loc":{"start":{"line":171,"column":6},"end":{"line":171,"column":null}},"type":"if","locations":[{"start":{"line":171,"column":6},"end":{"line":171,"column":null}},{"start":{},"end":{}}],"line":171},"7":{"loc":{"start":{"line":186,"column":6},"end":{"line":205,"column":null}},"type":"if","locations":[{"start":{"line":186,"column":6},"end":{"line":205,"column":null}},{"start":{"line":189,"column":6},"end":{"line":205,"column":null}}],"line":186},"8":{"loc":{"start":{"line":189,"column":6},"end":{"line":205,"column":null}},"type":"if","locations":[{"start":{"line":189,"column":6},"end":{"line":205,"column":null}},{"start":{"line":195,"column":13},"end":{"line":205,"column":null}}],"line":189},"9":{"loc":{"start":{"line":213,"column":6},"end":{"line":213,"column":null}},"type":"if","locations":[{"start":{"line":213,"column":6},"end":{"line":213,"column":null}},{"start":{},"end":{}}],"line":213},"10":{"loc":{"start":{"line":228,"column":6},"end":{"line":244,"column":null}},"type":"if","locations":[{"start":{"line":228,"column":6},"end":{"line":244,"column":null}},{"start":{"line":231,"column":6},"end":{"line":244,"column":null}}],"line":228},"11":{"loc":{"start":{"line":231,"column":6},"end":{"line":244,"column":null}},"type":"if","locations":[{"start":{"line":231,"column":6},"end":{"line":244,"column":null}},{"start":{"line":237,"column":13},"end":{"line":244,"column":null}}],"line":231},"12":{"loc":{"start":{"line":252,"column":6},"end":{"line":252,"column":null}},"type":"if","locations":[{"start":{"line":252,"column":6},"end":{"line":252,"column":null}},{"start":{},"end":{}}],"line":252},"13":{"loc":{"start":{"line":284,"column":6},"end":{"line":284,"column":null}},"type":"if","locations":[{"start":{"line":284,"column":6},"end":{"line":284,"column":null}},{"start":{},"end":{}}],"line":284},"14":{"loc":{"start":{"line":326,"column":6},"end":{"line":326,"column":null}},"type":"if","locations":[{"start":{"line":326,"column":6},"end":{"line":326,"column":null}},{"start":{},"end":{}}],"line":326},"15":{"loc":{"start":{"line":342,"column":6},"end":{"line":351,"column":null}},"type":"if","locations":[{"start":{"line":342,"column":6},"end":{"line":351,"column":null}},{"start":{},"end":{}}],"line":342},"16":{"loc":{"start":{"line":348,"column":8},"end":{"line":350,"column":null}},"type":"if","locations":[{"start":{"line":348,"column":8},"end":{"line":350,"column":null}},{"start":{},"end":{}}],"line":348},"17":{"loc":{"start":{"line":419,"column":4},"end":{"line":439,"column":null}},"type":"if","locations":[{"start":{"line":419,"column":4},"end":{"line":439,"column":null}},{"start":{"line":422,"column":11},"end":{"line":439,"column":null}}],"line":419},"18":{"loc":{"start":{"line":423,"column":27},"end":{"line":423,"column":null}},"type":"cond-expr","locations":[{"start":{"line":423,"column":46},"end":{"line":423,"column":55}},{"start":{"line":423,"column":55},"end":{"line":423,"column":null}}],"line":423},"19":{"loc":{"start":{"line":424,"column":27},"end":{"line":426,"column":null}},"type":"cond-expr","locations":[{"start":{"line":425,"column":10},"end":{"line":425,"column":null}},{"start":{"line":426,"column":10},"end":{"line":426,"column":null}}],"line":424},"20":{"loc":{"start":{"line":427,"column":24},"end":{"line":427,"column":null}},"type":"binary-expr","locations":[{"start":{"line":427,"column":24},"end":{"line":427,"column":44}},{"start":{"line":427,"column":44},"end":{"line":427,"column":null}}],"line":427},"21":{"loc":{"start":{"line":429,"column":8},"end":{"line":433,"column":null}},"type":"cond-expr","locations":[{"start":{"line":430,"column":12},"end":{"line":430,"column":null}},{"start":{"line":431,"column":12},"end":{"line":433,"column":null}}],"line":429},"22":{"loc":{"start":{"line":431,"column":12},"end":{"line":433,"column":null}},"type":"cond-expr","locations":[{"start":{"line":432,"column":14},"end":{"line":432,"column":null}},{"start":{"line":433,"column":14},"end":{"line":433,"column":null}}],"line":431},"23":{"loc":{"start":{"line":435,"column":27},"end":{"line":437,"column":null}},"type":"cond-expr","locations":[{"start":{"line":436,"column":10},"end":{"line":436,"column":null}},{"start":{"line":437,"column":10},"end":{"line":437,"column":null}}],"line":435},"24":{"loc":{"start":{"line":462,"column":2},"end":{"line":510,"column":null}},"type":"if","locations":[{"start":{"line":462,"column":2},"end":{"line":510,"column":null}},{"start":{"line":464,"column":9},"end":{"line":510,"column":null}}],"line":462},"25":{"loc":{"start":{"line":568,"column":34},"end":{"line":568,"column":79}},"type":"binary-expr","locations":[{"start":{"line":568,"column":34},"end":{"line":568,"column":78}},{"start":{"line":568,"column":78},"end":{"line":568,"column":79}}],"line":568},"26":{"loc":{"start":{"line":584,"column":2},"end":{"line":587,"column":null}},"type":"if","locations":[{"start":{"line":584,"column":2},"end":{"line":587,"column":null}},{"start":{},"end":{}}],"line":584},"27":{"loc":{"start":{"line":599,"column":4},"end":{"line":612,"column":null}},"type":"if","locations":[{"start":{"line":599,"column":4},"end":{"line":612,"column":null}},{"start":{},"end":{}}],"line":599},"28":{"loc":{"start":{"line":604,"column":38},"end":{"line":604,"column":53}},"type":"binary-expr","locations":[{"start":{"line":604,"column":38},"end":{"line":604,"column":49}},{"start":{"line":604,"column":49},"end":{"line":604,"column":53}}],"line":604},"29":{"loc":{"start":{"line":605,"column":6},"end":{"line":611,"column":null}},"type":"if","locations":[{"start":{"line":605,"column":6},"end":{"line":611,"column":null}},{"start":{"line":609,"column":13},"end":{"line":611,"column":null}}],"line":605},"30":{"loc":{"start":{"line":624,"column":4},"end":{"line":626,"column":null}},"type":"if","locations":[{"start":{"line":624,"column":4},"end":{"line":626,"column":null}},{"start":{},"end":{}}],"line":624},"31":{"loc":{"start":{"line":627,"column":4},"end":{"line":630,"column":null}},"type":"if","locations":[{"start":{"line":627,"column":4},"end":{"line":630,"column":null}},{"start":{},"end":{}}],"line":627},"32":{"loc":{"start":{"line":627,"column":8},"end":{"line":627,"column":49}},"type":"binary-expr","locations":[{"start":{"line":627,"column":8},"end":{"line":627,"column":24}},{"start":{"line":627,"column":24},"end":{"line":627,"column":49}}],"line":627},"33":{"loc":{"start":{"line":629,"column":6},"end":{"line":629,"column":null}},"type":"if","locations":[{"start":{"line":629,"column":6},"end":{"line":629,"column":null}},{"start":{},"end":{}}],"line":629}},"s":{"0":7,"1":7,"2":7,"3":7,"4":7,"5":7,"6":7,"7":7,"8":7,"9":7,"10":7,"11":7,"12":7,"13":7,"14":7,"15":7,"16":7,"17":7,"18":7,"19":6,"20":6,"21":7,"22":1,"23":0,"24":0,"25":0,"26":0,"27":0,"28":0,"29":7,"30":7,"31":7,"32":0,"33":0,"34":7,"35":7,"36":7,"37":7,"38":7,"39":7,"40":7,"41":7,"42":7,"43":7,"44":0,"45":0,"46":0,"47":7,"48":0,"49":7,"50":0,"51":7,"52":0,"53":7,"54":0,"55":0,"56":0,"57":7,"58":0,"59":7,"60":0,"61":0,"62":0,"63":0,"64":0,"65":0,"66":0,"67":0,"68":0,"69":0,"70":0,"71":0,"72":0,"73":0,"74":0,"75":0,"76":0,"77":0,"78":0,"79":0,"80":7,"81":0,"82":0,"83":0,"84":0,"85":0,"86":0,"87":0,"88":0,"89":0,"90":0,"91":0,"92":0,"93":0,"94":0,"95":0,"96":0,"97":0,"98":0,"99":0,"100":0,"101":7,"102":0,"103":0,"104":0,"105":0,"106":0,"107":0,"108":0,"109":0,"110":0,"111":0,"112":0,"113":0,"114":0,"115":0,"116":0,"117":7,"118":0,"119":0,"120":0,"121":0,"122":0,"123":0,"124":0,"125":0,"126":0,"127":0,"128":0,"129":0,"130":0,"131":0,"132":0,"133":7,"134":0,"135":7,"136":0,"137":0,"138":0,"139":0,"140":0,"141":0,"142":0,"143":0,"144":0,"145":0,"146":0,"147":0,"148":0,"149":0,"150":0,"151":0,"152":7,"153":0,"154":7,"155":0,"156":7,"157":0,"158":7,"159":0,"160":7,"161":0,"162":7,"163":7,"164":7,"165":7,"166":7,"167":7,"168":7,"169":6,"170":6,"171":6,"172":5,"173":5,"174":1,"175":1,"176":1,"177":1,"178":1,"179":1,"180":6,"181":7,"182":0,"183":7,"184":7,"185":0,"186":0,"187":0,"188":0,"189":7,"190":7,"191":7,"192":3,"193":3,"194":3,"195":3,"196":3,"197":3,"198":3,"199":3,"200":3,"201":3,"202":3,"203":3,"204":0,"205":0,"206":0,"207":3,"208":3,"209":3,"210":3,"211":3,"212":3,"213":3,"214":3,"215":3,"216":1,"217":6,"218":0,"219":0,"220":6,"221":0,"222":0,"223":0,"224":0,"225":0,"226":0,"227":0,"228":0,"229":0,"230":0,"231":0,"232":0,"233":0,"234":0,"235":0,"236":0,"237":0,"238":0,"239":0,"240":0,"241":0,"242":0,"243":0,"244":0,"245":0},"f":{"0":7,"1":6,"2":1,"3":0,"4":0,"5":0,"6":0,"7":0,"8":0,"9":0,"10":0,"11":0,"12":0,"13":0,"14":0,"15":0,"16":0,"17":0,"18":0,"19":0,"20":0,"21":0,"22":0,"23":0,"24":0,"25":0,"26":0,"27":0,"28":0,"29":6,"30":0,"31":0,"32":0,"33":0,"34":0,"35":0,"36":0},"b":{"0":[7,0],"1":[1,0],"2":[0,0],"3":[0,0],"4":[0,0],"5":[0,0],"6":[0,0],"7":[0,0],"8":[0,0],"9":[0,0],"10":[0,0],"11":[0,0],"12":[0,0],"13":[0,0],"14":[0,0],"15":[0,0],"16":[0,0],"17":[5,1],"18":[0,1],"19":[0,1],"20":[1,1],"21":[0,1],"22":[0,1],"23":[0,1],"24":[3,3],"25":[0,0],"26":[0,0],"27":[0,0],"28":[0,0],"29":[0,0],"30":[0,0],"31":[0,0],"32":[0,0],"33":[0,0]},"meta":{"lastBranch":34,"lastFunction":37,"lastStatement":246,"seen":{"f:23:22:23:31":0,"s:25:2:25:Infinity":0,"s:26:2:26:Infinity":1,"s:29:5:29:Infinity":2,"b:29:5:29:68:29:68:29:Infinity":0,"s:31:2:31:Infinity":3,"s:32:2:32:Infinity":4,"s:33:2:33:Infinity":5,"s:34:2:34:Infinity":6,"s:37:24:37:Infinity":7,"s:38:31:38:Infinity":8,"s:39:34:42:Infinity":9,"s:43:29:43:Infinity":10,"s:44:27:44:Infinity":11,"s:45:32:45:Infinity":12,"s:46:29:46:Infinity":13,"s:47:30:47:Infinity":14,"s:48:30:48:Infinity":15,"s:49:35:49:Infinity":16,"s:52:8:52:Infinity":17,"s:53:33:59:Infinity":18,"f:53:33:53:81":1,"s:54:16:54:Infinity":19,"s:55:4:58:Infinity":20,"s:61:28:87:Infinity":21,"f:68:4:68:10":2,"s:68:10:68:Infinity":22,"b:68:10:68:47:68:47:68:Infinity":1,"f:69:4:69:16":3,"s:70:22:70:Infinity":23,"b:70:22:70:59:70:59:70:Infinity":2,"s:71:6:85:Infinity":24,"s:72:90:78:Infinity":25,"f:73:18:73:19":4,"b:74:12:76:Infinity:undefined:undefined:undefined:undefined":3,"s:74:12:76:Infinity":26,"s:75:14:75:Infinity":27,"s:80:8:84:Infinity":28,"s:88:2:88:Infinity":29,"s:90:2:90:Infinity":30,"s:91:2:100:Infinity":31,"f:92:46:92:55":5,"b:93:6:98:Infinity:undefined:undefined:undefined:undefined":4,"s:93:6:98:Infinity":32,"b:94:8:94:Infinity:95:8:95:Infinity":5,"s:97:8:97:Infinity":33,"s:103:30:103:Infinity":34,"s:104:2:104:Infinity":35,"s:105:2:105:Infinity":36,"s:108:2:111:Infinity":37,"s:112:2:112:Infinity":38,"s:113:2:113:Infinity":39,"s:114:2:114:Infinity":40,"s:115:2:115:Infinity":41,"s:116:2:116:Infinity":42,"s:119:2:127:Infinity":43,"f:120:64:120:76":6,"s:121:6:121:Infinity":44,"s:123:6:125:Infinity":45,"f:123:17:123:23":7,"s:124:8:124:Infinity":46,"s:130:2:134:Infinity":47,"f:131:67:131:79":8,"s:132:6:132:Infinity":48,"s:137:2:141:Infinity":49,"f:138:65:138:77":9,"s:139:6:139:Infinity":50,"s:144:2:148:Infinity":51,"f:145:65:145:77":10,"s:146:6:146:Infinity":52,"s:151:2:158:Infinity":53,"f:152:63:152:75":11,"s:153:6:153:Infinity":54,"s:154:6:156:Infinity":55,"f:154:17:154:23":12,"s:155:8:155:Infinity":56,"s:161:2:165:Infinity":57,"f:162:63:162:75":13,"s:163:6:163:Infinity":58,"s:168:2:207:Infinity":59,"f:169:71:169:83":14,"s:170:28:170:Infinity":60,"b:171:6:171:Infinity:undefined:undefined:undefined:undefined":6,"s:171:6:171:Infinity":61,"s:171:26:171:Infinity":62,"s:173:12:173:Infinity":63,"s:174:21:174:Infinity":64,"s:175:6:183:Infinity":65,"s:176:8:176:Infinity":66,"s:178:8:180:Infinity":67,"s:181:8:181:Infinity":68,"s:182:8:182:Infinity":69,"s:184:29:184:Infinity":70,"b:186:6:205:Infinity:189:6:205:Infinity":7,"s:186:6:205:Infinity":71,"s:188:8:188:Infinity":72,"b:189:6:205:Infinity:195:13:205:Infinity":8,"s:189:6:205:Infinity":73,"s:191:8:191:Infinity":74,"s:192:8:194:Infinity":75,"f:192:19:192:25":15,"s:193:10:193:Infinity":76,"s:199:8:199:Infinity":77,"s:202:8:204:Infinity":78,"f:202:19:202:25":16,"s:203:10:203:Infinity":79,"s:210:2:246:Infinity":80,"f:211:72:211:84":17,"s:212:28:212:Infinity":81,"b:213:6:213:Infinity:undefined:undefined:undefined:undefined":9,"s:213:6:213:Infinity":82,"s:213:26:213:Infinity":83,"s:215:12:215:Infinity":84,"s:216:21:216:Infinity":85,"s:217:6:225:Infinity":86,"s:218:8:218:Infinity":87,"s:220:8:222:Infinity":88,"s:223:8:223:Infinity":89,"s:224:8:224:Infinity":90,"s:226:29:226:Infinity":91,"b:228:6:244:Infinity:231:6:244:Infinity":10,"s:228:6:244:Infinity":92,"s:230:8:230:Infinity":93,"b:231:6:244:Infinity:237:13:244:Infinity":11,"s:231:6:244:Infinity":94,"s:233:8:233:Infinity":95,"s:234:8:236:Infinity":96,"f:234:19:234:25":18,"s:235:10:235:Infinity":97,"s:239:8:239:Infinity":98,"s:241:8:243:Infinity":99,"f:241:19:241:25":19,"s:242:10:242:Infinity":100,"s:249:2:278:Infinity":101,"f:250:61:250:73":20,"s:251:28:251:Infinity":102,"b:252:6:252:Infinity:undefined:undefined:undefined:undefined":12,"s:252:6:252:Infinity":103,"s:252:26:252:Infinity":104,"s:254:12:254:Infinity":105,"s:255:21:255:Infinity":106,"s:256:6:264:Infinity":107,"s:257:8:257:Infinity":108,"s:259:8:261:Infinity":109,"s:262:8:262:Infinity":110,"s:263:8:263:Infinity":111,"s:265:25:267:Infinity":112,"s:269:6:276:Infinity":113,"s:270:20:270:Infinity":114,"s:271:8:271:Infinity":115,"s:273:8:275:Infinity":116,"s:281:2:310:Infinity":117,"f:282:69:282:81":21,"s:283:28:283:Infinity":118,"b:284:6:284:Infinity:undefined:undefined:undefined:undefined":13,"s:284:6:284:Infinity":119,"s:284:26:284:Infinity":120,"s:286:12:286:Infinity":121,"s:287:21:287:Infinity":122,"s:288:6:296:Infinity":123,"s:289:8:289:Infinity":124,"s:291:8:293:Infinity":125,"s:294:8:294:Infinity":126,"s:295:8:295:Infinity":127,"s:297:26:299:Infinity":128,"s:301:6:308:Infinity":129,"s:302:20:302:Infinity":130,"s:303:8:303:Infinity":131,"s:305:8:307:Infinity":132,"s:313:2:320:Infinity":133,"f:316:6:316:13":22,"s:317:8:317:Infinity":134,"s:323:2:356:Infinity":135,"f:324:68:324:80":23,"s:325:28:325:Infinity":136,"b:326:6:326:Infinity:undefined:undefined:undefined:undefined":14,"s:326:6:326:Infinity":137,"s:326:26:326:Infinity":138,"s:328:12:328:Infinity":139,"s:329:21:329:Infinity":140,"s:330:6:338:Infinity":141,"s:331:8:331:Infinity":142,"s:333:8:335:Infinity":143,"s:336:8:336:Infinity":144,"s:337:8:337:Infinity":145,"s:340:21:340:Infinity":146,"b:342:6:351:Infinity:undefined:undefined:undefined:undefined":15,"s:342:6:351:Infinity":147,"s:343:26:347:Infinity":148,"b:348:8:350:Infinity:undefined:undefined:undefined:undefined":16,"s:348:8:350:Infinity":149,"s:349:10:349:Infinity":150,"s:354:6:354:Infinity":151,"s:359:2:363:Infinity":152,"f:360:62:360:74":24,"s:361:6:361:Infinity":153,"s:366:2:370:Infinity":154,"f:367:67:367:79":25,"s:368:6:368:Infinity":155,"s:373:2:377:Infinity":156,"f:374:65:374:77":26,"s:375:6:375:Infinity":157,"s:380:2:384:Infinity":158,"f:381:62:381:74":27,"s:382:6:382:Infinity":159,"s:387:2:391:Infinity":160,"f:388:68:388:80":28,"s:389:6:389:Infinity":161,"s:398:30:398:Infinity":162,"s:399:30:399:Infinity":163,"s:400:31:400:Infinity":164,"s:402:2:404:Infinity":165,"s:406:2:408:Infinity":166,"s:410:2:412:Infinity":167,"s:415:33:442:Infinity":168,"f:415:33:415:34":29,"s:416:21:416:Infinity":169,"s:417:24:417:Infinity":170,"b:419:4:439:Infinity:422:11:439:Infinity":17,"s:419:4:439:Infinity":171,"s:420:6:420:Infinity":172,"s:421:6:421:Infinity":173,"s:423:27:423:Infinity":174,"b:423:46:423:55:423:55:423:Infinity":18,"s:424:27:426:Infinity":175,"b:425:10:425:Infinity:426:10:426:Infinity":19,"s:427:24:427:Infinity":176,"b:427:24:427:44:427:44:427:Infinity":20,"s:429:8:433:Infinity":177,"b:430:12:430:Infinity:431:12:433:Infinity":21,"b:432:14:432:Infinity:433:14:433:Infinity":22,"s:435:6:437:Infinity":178,"b:436:10:436:Infinity:437:10:437:Infinity":23,"s:438:6:438:Infinity":179,"s:441:4:441:Infinity":180,"s:444:2:446:Infinity":181,"f:445:40:445:50":30,"s:445:50:445:80":182,"s:447:2:447:Infinity":183,"s:450:2:457:Infinity":184,"f:451:63:451:69":31,"s:452:6:452:Infinity":185,"s:453:6:453:Infinity":186,"s:454:6:454:Infinity":187,"s:455:6:455:Infinity":188,"s:460:8:460:Infinity":189,"s:461:26:461:Infinity":190,"b:462:2:510:Infinity:464:9:510:Infinity":24,"s:462:2:510:Infinity":191,"s:463:4:463:Infinity":192,"s:465:26:465:Infinity":193,"s:466:27:466:Infinity":194,"s:467:4:471:Infinity":195,"s:468:6:468:Infinity":196,"s:470:6:470:Infinity":197,"s:473:22:473:Infinity":198,"s:474:22:474:Infinity":199,"s:476:4:509:Infinity":200,"s:478:28:480:Infinity":201,"s:483:27:488:Infinity":202,"s:490:27:494:Infinity":203,"f:490:27:490:33":32,"s:491:8:491:Infinity":204,"s:492:8:492:Infinity":205,"s:493:8:493:Infinity":206,"s:496:6:496:Infinity":207,"s:497:6:497:Infinity":208,"s:498:6:498:Infinity":209,"s:500:6:500:Infinity":210,"s:501:6:501:Infinity":211,"s:503:6:503:Infinity":212,"s:504:6:504:Infinity":213,"s:505:6:505:Infinity":214,"s:506:6:506:Infinity":215,"s:508:6:508:Infinity":216,"s:513:2:576:Infinity":217,"f:514:68:514:69":33,"s:515:20:520:Infinity":218,"s:522:6:568:Infinity":219,"b:568:34:568:78:568:78:568:79":25,"s:580:2:580:Infinity":220,"f:583:16:583:35":34,"b:584:2:587:Infinity:undefined:undefined:undefined:undefined":26,"s:584:2:587:Infinity":221,"s:585:4:585:Infinity":222,"s:586:4:586:Infinity":223,"f:592:15:592:34":35,"s:593:14:593:Infinity":224,"s:595:2:616:Infinity":225,"s:596:16:596:Infinity":226,"s:597:19:597:Infinity":227,"b:599:4:612:Infinity:undefined:undefined:undefined:undefined":27,"s:599:4:612:Infinity":228,"s:600:22:603:Infinity":229,"s:604:21:604:Infinity":230,"b:604:38:604:49:604:49:604:53":28,"b:605:6:611:Infinity:609:13:611:Infinity":29,"s:605:6:611:Infinity":231,"s:606:22:606:Infinity":232,"s:607:8:607:Infinity":233,"s:608:8:608:Infinity":234,"s:610:8:610:Infinity":235,"s:614:4:614:Infinity":236,"s:615:4:615:Infinity":237,"f:619:9:619:Infinity":36,"s:623:2:631:Infinity":238,"b:624:4:626:Infinity:undefined:undefined:undefined:undefined":30,"s:624:4:626:Infinity":239,"s:625:6:625:Infinity":240,"b:627:4:630:Infinity:undefined:undefined:undefined:undefined":31,"s:627:4:630:Infinity":241,"b:627:8:627:24:627:24:627:49":32,"s:628:20:628:Infinity":242,"b:629:6:629:Infinity:undefined:undefined:undefined:undefined":33,"s:629:6:629:Infinity":243,"s:629:17:629:Infinity":244,"s:632:2:632:Infinity":245}}}
,"/mnt/c/Users/송용준/Desktop/Dev/projectmanager/vibereport-extension/src/markdownPlugin.ts": {"path":"/mnt/c/Users/송용준/Desktop/Dev/projectmanager/vibereport-extension/src/markdownPlugin.ts","statementMap":{"0":{"start":{"line":11,"column":4},"end":{"line":33,"column":null}},"1":{"start":{"line":13,"column":33},"end":{"line":13,"column":null}},"2":{"start":{"line":15,"column":12},"end":{"line":29,"column":null}},"3":{"start":{"line":16,"column":30},"end":{"line":16,"column":null}},"4":{"start":{"line":18,"column":16},"end":{"line":22,"column":null}},"5":{"start":{"line":21,"column":20},"end":{"line":21,"column":null}},"6":{"start":{"line":25,"column":16},"end":{"line":27,"column":null}},"7":{"start":{"line":26,"column":20},"end":{"line":26,"column":null}},"8":{"start":{"line":28,"column":16},"end":{"line":28,"column":null}},"9":{"start":{"line":31,"column":12},"end":{"line":31,"column":null}}},"fnMap":{"0":{"name":"activate","decl":{"start":{"line":10,"column":16},"end":{"line":10,"column":27}},"loc":{"start":{"line":10,"column":27},"end":{"line":34,"column":null}},"line":10},"1":{"name":"(anonymous_1)","decl":{"start":{"line":12,"column":8},"end":{"line":12,"column":25}},"loc":{"start":{"line":12,"column":41},"end":{"line":32,"column":null}},"line":12},"2":{"name":"(anonymous_2)","decl":{"start":{"line":15,"column":38},"end":{"line":15,"column":39}},"loc":{"start":{"line":15,"column":75},"end":{"line":29,"column":null}},"line":15}},"branchMap":{"0":{"loc":{"start":{"line":18,"column":16},"end":{"line":22,"column":null}},"type":"if","locations":[{"start":{"line":18,"column":16},"end":{"line":22,"column":null}},{"start":{},"end":{}}],"line":18},"1":{"loc":{"start":{"line":25,"column":16},"end":{"line":27,"column":null}},"type":"if","locations":[{"start":{"line":25,"column":16},"end":{"line":27,"column":null}},{"start":{},"end":{}}],"line":25}},"s":{"0":1,"1":1,"2":1,"3":2,"4":2,"5":1,"6":1,"7":1,"8":0,"9":1},"f":{"0":1,"1":1,"2":2},"b":{"0":[1,1],"1":[1,0]},"meta":{"lastBranch":2,"lastFunction":3,"lastStatement":10,"seen":{"f:10:16:10:27":0,"s:11:4:33:Infinity":0,"f:12:8:12:25":1,"s:13:33:13:Infinity":1,"s:15:12:29:Infinity":2,"f:15:38:15:39":2,"s:16:30:16:Infinity":3,"b:18:16:22:Infinity:undefined:undefined:undefined:undefined":0,"s:18:16:22:Infinity":4,"s:21:20:21:Infinity":5,"b:25:16:27:Infinity:undefined:undefined:undefined:undefined":1,"s:25:16:27:Infinity":6,"s:26:20:26:Infinity":7,"s:28:16:28:Infinity":8,"s:31:12:31:Infinity":9}}}
,"/mnt/c/Users/송용준/Desktop/Dev/projectmanager/vibereport-extension/src/commands/cleanHistory.ts": {"path":"/mnt/c/Users/송용준/Desktop/Dev/projectmanager/vibereport-extension/src/commands/cleanHistory.ts","statementMap":{"0":{"start":{"line":19,"column":8},"end":{"line":19,"column":null}},"1":{"start":{"line":20,"column":8},"end":{"line":20,"column":null}},"2":{"start":{"line":25,"column":30},"end":{"line":25,"column":null}},"3":{"start":{"line":26,"column":8},"end":{"line":28,"column":null}},"4":{"start":{"line":27,"column":12},"end":{"line":27,"column":null}},"5":{"start":{"line":31,"column":29},"end":{"line":36,"column":null}},"6":{"start":{"line":38,"column":8},"end":{"line":41,"column":null}},"7":{"start":{"line":39,"column":12},"end":{"line":39,"column":null}},"8":{"start":{"line":40,"column":12},"end":{"line":40,"column":null}},"9":{"start":{"line":43,"column":8},"end":{"line":67,"column":null}},"10":{"start":{"line":44,"column":18},"end":{"line":44,"column":null}},"11":{"start":{"line":45,"column":27},"end":{"line":45,"column":null}},"12":{"start":{"line":46,"column":12},"end":{"line":54,"column":null}},"13":{"start":{"line":47,"column":16},"end":{"line":47,"column":null}},"14":{"start":{"line":49,"column":16},"end":{"line":51,"column":null}},"15":{"start":{"line":52,"column":16},"end":{"line":52,"column":null}},"16":{"start":{"line":53,"column":16},"end":{"line":53,"column":null}},"17":{"start":{"line":56,"column":12},"end":{"line":56,"column":null}},"18":{"start":{"line":58,"column":12},"end":{"line":58,"column":null}},"19":{"start":{"line":59,"column":12},"end":{"line":59,"column":null}},"20":{"start":{"line":62,"column":12},"end":{"line":62,"column":null}},"21":{"start":{"line":64,"column":28},"end":{"line":64,"column":null}},"22":{"start":{"line":65,"column":12},"end":{"line":65,"column":null}},"23":{"start":{"line":66,"column":12},"end":{"line":66,"column":null}},"24":{"start":{"line":71,"column":14},"end":{"line":71,"column":null}},"25":{"start":{"line":72,"column":8},"end":{"line":72,"column":null}}},"fnMap":{"0":{"name":"(anonymous_0)","decl":{"start":{"line":18,"column":4},"end":{"line":18,"column":16}},"loc":{"start":{"line":18,"column":53},"end":{"line":21,"column":null}},"line":18},"1":{"name":"(anonymous_1)","decl":{"start":{"line":23,"column":10},"end":{"line":23,"column":35}},"loc":{"start":{"line":23,"column":35},"end":{"line":68,"column":null}},"line":23},"2":{"name":"(anonymous_2)","decl":{"start":{"line":70,"column":12},"end":{"line":70,"column":16}},"loc":{"start":{"line":70,"column":39},"end":{"line":73,"column":null}},"line":70}},"branchMap":{"0":{"loc":{"start":{"line":26,"column":8},"end":{"line":28,"column":null}},"type":"if","locations":[{"start":{"line":26,"column":8},"end":{"line":28,"column":null}},{"start":{},"end":{}}],"line":26},"1":{"loc":{"start":{"line":38,"column":8},"end":{"line":41,"column":null}},"type":"if","locations":[{"start":{"line":38,"column":8},"end":{"line":41,"column":null}},{"start":{},"end":{}}],"line":38},"2":{"loc":{"start":{"line":64,"column":28},"end":{"line":64,"column":null}},"type":"cond-expr","locations":[{"start":{"line":64,"column":53},"end":{"line":64,"column":69}},{"start":{"line":64,"column":69},"end":{"line":64,"column":null}}],"line":64}},"s":{"0":4,"1":4,"2":4,"3":4,"4":1,"5":3,"6":3,"7":1,"8":1,"9":2,"10":2,"11":2,"12":2,"13":2,"14":0,"15":0,"16":0,"17":2,"18":1,"19":1,"20":1,"21":1,"22":1,"23":1,"24":3,"25":3},"f":{"0":4,"1":4,"2":3},"b":{"0":[1,3],"1":[1,2],"2":[1,0]},"meta":{"lastBranch":3,"lastFunction":3,"lastStatement":26,"seen":{"f:18:4:18:16":0,"s:19:8:19:Infinity":0,"s:20:8:20:Infinity":1,"f:23:10:23:35":1,"s:25:30:25:Infinity":2,"b:26:8:28:Infinity:undefined:undefined:undefined:undefined":0,"s:26:8:28:Infinity":3,"s:27:12:27:Infinity":4,"s:31:29:36:Infinity":5,"b:38:8:41:Infinity:undefined:undefined:undefined:undefined":1,"s:38:8:41:Infinity":6,"s:39:12:39:Infinity":7,"s:40:12:40:Infinity":8,"s:43:8:67:Infinity":9,"s:44:18:44:Infinity":10,"s:45:27:45:Infinity":11,"s:46:12:54:Infinity":12,"s:47:16:47:Infinity":13,"s:49:16:51:Infinity":14,"s:52:16:52:Infinity":15,"s:53:16:53:Infinity":16,"s:56:12:56:Infinity":17,"s:58:12:58:Infinity":18,"s:59:12:59:Infinity":19,"s:62:12:62:Infinity":20,"s:64:28:64:Infinity":21,"b:64:53:64:69:64:69:64:Infinity":2,"s:65:12:65:Infinity":22,"s:66:12:66:Infinity":23,"f:70:12:70:16":2,"s:71:14:71:Infinity":24,"s:72:8:72:Infinity":25}}}
,"/mnt/c/Users/송용준/Desktop/Dev/projectmanager/vibereport-extension/src/commands/generatePrompt.ts": {"path":"/mnt/c/Users/송용준/Desktop/Dev/projectmanager/vibereport-extension/src/commands/generatePrompt.ts","statementMap":{"0":{"start":{"line":50,"column":4},"end":{"line":50,"column":null}},"1":{"start":{"line":57,"column":26},"end":{"line":57,"column":null}},"2":{"start":{"line":58,"column":4},"end":{"line":61,"column":null}},"3":{"start":{"line":59,"column":6},"end":{"line":59,"column":null}},"4":{"start":{"line":60,"column":6},"end":{"line":60,"column":null}},"5":{"start":{"line":62,"column":10},"end":{"line":62,"column":null}},"6":{"start":{"line":64,"column":19},"end":{"line":64,"column":null}},"7":{"start":{"line":65,"column":4},"end":{"line":73,"column":null}},"8":{"start":{"line":66,"column":6},"end":{"line":66,"column":null}},"9":{"start":{"line":68,"column":6},"end":{"line":70,"column":null}},"10":{"start":{"line":71,"column":6},"end":{"line":71,"column":null}},"11":{"start":{"line":72,"column":6},"end":{"line":72,"column":null}},"12":{"start":{"line":75,"column":23},"end":{"line":75,"column":null}},"13":{"start":{"line":78,"column":44},"end":{"line":78,"column":null}},"14":{"start":{"line":79,"column":39},"end":{"line":79,"column":null}},"15":{"start":{"line":81,"column":4},"end":{"line":90,"column":null}},"16":{"start":{"line":82,"column":28},"end":{"line":82,"column":null}},"17":{"start":{"line":83,"column":6},"end":{"line":83,"column":null}},"18":{"start":{"line":84,"column":6},"end":{"line":84,"column":null}},"19":{"start":{"line":86,"column":6},"end":{"line":88,"column":null}},"20":{"start":{"line":89,"column":6},"end":{"line":89,"column":null}},"21":{"start":{"line":92,"column":4},"end":{"line":97,"column":null}},"22":{"start":{"line":93,"column":6},"end":{"line":95,"column":null}},"23":{"start":{"line":96,"column":6},"end":{"line":96,"column":null}},"24":{"start":{"line":100,"column":4},"end":{"line":100,"column":null}},"25":{"start":{"line":112,"column":81},"end":{"line":112,"column":null}},"26":{"start":{"line":115,"column":27},"end":{"line":115,"column":null}},"27":{"start":{"line":115,"column":47},"end":{"line":115,"column":66}},"28":{"start":{"line":116,"column":26},"end":{"line":120,"column":null}},"29":{"start":{"line":117,"column":6},"end":{"line":117,"column":null}},"30":{"start":{"line":117,"column":68},"end":{"line":117,"column":null}},"31":{"start":{"line":118,"column":6},"end":{"line":118,"column":null}},"32":{"start":{"line":118,"column":68},"end":{"line":118,"column":null}},"33":{"start":{"line":119,"column":6},"end":{"line":119,"column":null}},"34":{"start":{"line":122,"column":4},"end":{"line":129,"column":null}},"35":{"start":{"line":123,"column":6},"end":{"line":128,"column":null}},"36":{"start":{"line":132,"column":28},"end":{"line":132,"column":null}},"37":{"start":{"line":132,"column":51},"end":{"line":132,"column":72}},"38":{"start":{"line":133,"column":27},"end":{"line":137,"column":null}},"39":{"start":{"line":134,"column":6},"end":{"line":134,"column":null}},"40":{"start":{"line":134,"column":68},"end":{"line":134,"column":null}},"41":{"start":{"line":135,"column":6},"end":{"line":135,"column":null}},"42":{"start":{"line":135,"column":68},"end":{"line":135,"column":null}},"43":{"start":{"line":136,"column":6},"end":{"line":136,"column":null}},"44":{"start":{"line":139,"column":4},"end":{"line":147,"column":null}},"45":{"start":{"line":140,"column":6},"end":{"line":146,"column":null}},"46":{"start":{"line":149,"column":4},"end":{"line":156,"column":null}},"47":{"start":{"line":150,"column":6},"end":{"line":155,"column":null}},"48":{"start":{"line":158,"column":21},"end":{"line":165,"column":null}},"49":{"start":{"line":159,"column":36},"end":{"line":159,"column":84}},"50":{"start":{"line":167,"column":4},"end":{"line":167,"column":null}},"51":{"start":{"line":167,"column":44},"end":{"line":167,"column":null}},"52":{"start":{"line":170,"column":31},"end":{"line":170,"column":null}},"53":{"start":{"line":171,"column":30},"end":{"line":171,"column":null}},"54":{"start":{"line":173,"column":4},"end":{"line":183,"column":null}},"55":{"start":{"line":174,"column":27},"end":{"line":174,"column":null}},"56":{"start":{"line":176,"column":6},"end":{"line":182,"column":null}},"57":{"start":{"line":177,"column":8},"end":{"line":177,"column":null}},"58":{"start":{"line":178,"column":8},"end":{"line":178,"column":null}},"59":{"start":{"line":180,"column":8},"end":{"line":180,"column":null}},"60":{"start":{"line":181,"column":8},"end":{"line":181,"column":null}},"61":{"start":{"line":186,"column":28},"end":{"line":186,"column":null}},"62":{"start":{"line":187,"column":4},"end":{"line":187,"column":null}},"63":{"start":{"line":189,"column":21},"end":{"line":189,"column":null}},"64":{"start":{"line":190,"column":21},"end":{"line":190,"column":null}},"65":{"start":{"line":192,"column":22},"end":{"line":194,"column":null}},"66":{"start":{"line":196,"column":19},"end":{"line":200,"column":null}},"67":{"start":{"line":202,"column":4},"end":{"line":207,"column":null}},"68":{"start":{"line":203,"column":6},"end":{"line":203,"column":null}},"69":{"start":{"line":204,"column":4},"end":{"line":207,"column":null}},"70":{"start":{"line":205,"column":18},"end":{"line":205,"column":null}},"71":{"start":{"line":206,"column":6},"end":{"line":206,"column":null}},"72":{"start":{"line":209,"column":4},"end":{"line":209,"column":null}},"73":{"start":{"line":218,"column":4},"end":{"line":220,"column":null}},"74":{"start":{"line":219,"column":6},"end":{"line":219,"column":null}},"75":{"start":{"line":223,"column":4},"end":{"line":237,"column":null}},"76":{"start":{"line":253,"column":4},"end":{"line":253,"column":null}},"77":{"start":{"line":260,"column":38},"end":{"line":260,"column":null}},"78":{"start":{"line":263,"column":22},"end":{"line":263,"column":null}},"79":{"start":{"line":267,"column":27},"end":{"line":267,"column":null}},"80":{"start":{"line":269,"column":4},"end":{"line":282,"column":null}},"81":{"start":{"line":270,"column":31},"end":{"line":270,"column":null}},"82":{"start":{"line":272,"column":25},"end":{"line":272,"column":null}},"83":{"start":{"line":274,"column":6},"end":{"line":281,"column":null}},"84":{"start":{"line":275,"column":25},"end":{"line":275,"column":null}},"85":{"start":{"line":276,"column":27},"end":{"line":276,"column":null}},"86":{"start":{"line":277,"column":57},"end":{"line":277,"column":null}},"87":{"start":{"line":278,"column":8},"end":{"line":279,"column":null}},"88":{"start":{"line":278,"column":33},"end":{"line":278,"column":null}},"89":{"start":{"line":278,"column":42},"end":{"line":279,"column":null}},"90":{"start":{"line":279,"column":37},"end":{"line":279,"column":null}},"91":{"start":{"line":280,"column":8},"end":{"line":280,"column":null}},"92":{"start":{"line":286,"column":26},"end":{"line":286,"column":null}},"93":{"start":{"line":289,"column":4},"end":{"line":310,"column":null}},"94":{"start":{"line":290,"column":23},"end":{"line":290,"column":null}},"95":{"start":{"line":291,"column":20},"end":{"line":291,"column":null}},"96":{"start":{"line":292,"column":29},"end":{"line":292,"column":null}},"97":{"start":{"line":293,"column":26},"end":{"line":293,"column":null}},"98":{"start":{"line":296,"column":28},"end":{"line":298,"column":null}},"99":{"start":{"line":299,"column":23},"end":{"line":299,"column":null}},"100":{"start":{"line":301,"column":21},"end":{"line":301,"column":null}},"101":{"start":{"line":303,"column":6},"end":{"line":309,"column":null}},"102":{"start":{"line":312,"column":4},"end":{"line":312,"column":null}},"103":{"start":{"line":320,"column":38},"end":{"line":320,"column":null}},"104":{"start":{"line":323,"column":22},"end":{"line":323,"column":null}},"105":{"start":{"line":324,"column":27},"end":{"line":324,"column":null}},"106":{"start":{"line":326,"column":4},"end":{"line":349,"column":null}},"107":{"start":{"line":327,"column":31},"end":{"line":327,"column":null}},"108":{"start":{"line":329,"column":20},"end":{"line":329,"column":null}},"109":{"start":{"line":330,"column":6},"end":{"line":348,"column":null}},"110":{"start":{"line":332,"column":8},"end":{"line":332,"column":null}},"111":{"start":{"line":332,"column":42},"end":{"line":332,"column":null}},"112":{"start":{"line":335,"column":25},"end":{"line":335,"column":null}},"113":{"start":{"line":336,"column":8},"end":{"line":336,"column":null}},"114":{"start":{"line":336,"column":23},"end":{"line":336,"column":null}},"115":{"start":{"line":338,"column":22},"end":{"line":338,"column":null}},"116":{"start":{"line":341,"column":28},"end":{"line":341,"column":null}},"117":{"start":{"line":342,"column":57},"end":{"line":342,"column":null}},"118":{"start":{"line":343,"column":8},"end":{"line":346,"column":null}},"119":{"start":{"line":344,"column":10},"end":{"line":345,"column":null}},"120":{"start":{"line":344,"column":39},"end":{"line":344,"column":null}},"121":{"start":{"line":344,"column":48},"end":{"line":345,"column":null}},"122":{"start":{"line":345,"column":43},"end":{"line":345,"column":null}},"123":{"start":{"line":347,"column":8},"end":{"line":347,"column":null}},"124":{"start":{"line":351,"column":4},"end":{"line":351,"column":null}},"125":{"start":{"line":355,"column":26},"end":{"line":355,"column":null}},"126":{"start":{"line":358,"column":4},"end":{"line":360,"column":null}},"127":{"start":{"line":359,"column":6},"end":{"line":359,"column":null}},"128":{"start":{"line":363,"column":4},"end":{"line":369,"column":null}},"129":{"start":{"line":364,"column":29},"end":{"line":364,"column":null}},"130":{"start":{"line":365,"column":6},"end":{"line":368,"column":null}},"131":{"start":{"line":366,"column":8},"end":{"line":366,"column":null}},"132":{"start":{"line":367,"column":8},"end":{"line":367,"column":null}},"133":{"start":{"line":371,"column":4},"end":{"line":374,"column":null}},"134":{"start":{"line":372,"column":6},"end":{"line":372,"column":null}},"135":{"start":{"line":373,"column":6},"end":{"line":373,"column":null}},"136":{"start":{"line":376,"column":23},"end":{"line":376,"column":null}},"137":{"start":{"line":380,"column":23},"end":{"line":380,"column":null}},"138":{"start":{"line":383,"column":4},"end":{"line":415,"column":null}},"139":{"start":{"line":384,"column":20},"end":{"line":384,"column":null}},"140":{"start":{"line":385,"column":20},"end":{"line":388,"column":null}},"141":{"start":{"line":389,"column":29},"end":{"line":389,"column":null}},"142":{"start":{"line":392,"column":28},"end":{"line":392,"column":null}},"143":{"start":{"line":393,"column":23},"end":{"line":393,"column":null}},"144":{"start":{"line":396,"column":31},"end":{"line":396,"column":null}},"145":{"start":{"line":397,"column":26},"end":{"line":397,"column":null}},"146":{"start":{"line":400,"column":21},"end":{"line":400,"column":null}},"147":{"start":{"line":403,"column":26},"end":{"line":403,"column":null}},"148":{"start":{"line":405,"column":6},"end":{"line":405,"column":null}},"149":{"start":{"line":407,"column":6},"end":{"line":414,"column":null}},"150":{"start":{"line":417,"column":4},"end":{"line":417,"column":null}},"151":{"start":{"line":419,"column":4},"end":{"line":419,"column":null}},"152":{"start":{"line":426,"column":38},"end":{"line":426,"column":null}},"153":{"start":{"line":429,"column":28},"end":{"line":429,"column":null}},"154":{"start":{"line":430,"column":4},"end":{"line":432,"column":null}},"155":{"start":{"line":431,"column":6},"end":{"line":431,"column":null}},"156":{"start":{"line":434,"column":23},"end":{"line":434,"column":null}},"157":{"start":{"line":437,"column":23},"end":{"line":437,"column":null}},"158":{"start":{"line":440,"column":4},"end":{"line":464,"column":null}},"159":{"start":{"line":441,"column":20},"end":{"line":441,"column":null}},"160":{"start":{"line":442,"column":20},"end":{"line":442,"column":null}},"161":{"start":{"line":443,"column":29},"end":{"line":443,"column":null}},"162":{"start":{"line":446,"column":28},"end":{"line":446,"column":null}},"163":{"start":{"line":447,"column":23},"end":{"line":447,"column":null}},"164":{"start":{"line":450,"column":31},"end":{"line":450,"column":null}},"165":{"start":{"line":451,"column":26},"end":{"line":451,"column":null}},"166":{"start":{"line":454,"column":26},"end":{"line":454,"column":null}},"167":{"start":{"line":456,"column":6},"end":{"line":463,"column":null}},"168":{"start":{"line":466,"column":4},"end":{"line":466,"column":null}},"169":{"start":{"line":470,"column":4},"end":{"line":474,"column":null}},"170":{"start":{"line":471,"column":22},"end":{"line":471,"column":null}},"171":{"start":{"line":472,"column":26},"end":{"line":472,"column":null}},"172":{"start":{"line":473,"column":19},"end":{"line":473,"column":null}},"173":{"start":{"line":478,"column":4},"end":{"line":482,"column":null}},"174":{"start":{"line":479,"column":22},"end":{"line":479,"column":null}},"175":{"start":{"line":480,"column":26},"end":{"line":480,"column":null}},"176":{"start":{"line":481,"column":19},"end":{"line":481,"column":null}},"177":{"start":{"line":486,"column":4},"end":{"line":486,"column":null}}},"fnMap":{"0":{"name":"(anonymous_0)","decl":{"start":{"line":49,"column":2},"end":{"line":49,"column":14}},"loc":{"start":{"line":49,"column":51},"end":{"line":51,"column":null}},"line":49},"1":{"name":"(anonymous_1)","decl":{"start":{"line":56,"column":8},"end":{"line":56,"column":33}},"loc":{"start":{"line":56,"column":33},"end":{"line":101,"column":null}},"line":56},"2":{"name":"(anonymous_2)","decl":{"start":{"line":106,"column":16},"end":{"line":106,"column":null}},"loc":{"start":{"line":110,"column":19},"end":{"line":210,"column":null}},"line":110},"3":{"name":"(anonymous_3)","decl":{"start":{"line":115,"column":42},"end":{"line":115,"column":47}},"loc":{"start":{"line":115,"column":47},"end":{"line":115,"column":66}},"line":115},"4":{"name":"(anonymous_4)","decl":{"start":{"line":116,"column":51},"end":{"line":116,"column":52}},"loc":{"start":{"line":116,"column":61},"end":{"line":120,"column":5}},"line":116},"5":{"name":"(anonymous_5)","decl":{"start":{"line":132,"column":44},"end":{"line":132,"column":51}},"loc":{"start":{"line":132,"column":51},"end":{"line":132,"column":72}},"line":132},"6":{"name":"(anonymous_6)","decl":{"start":{"line":133,"column":53},"end":{"line":133,"column":54}},"loc":{"start":{"line":133,"column":63},"end":{"line":137,"column":5}},"line":133},"7":{"name":"(anonymous_7)","decl":{"start":{"line":159,"column":28},"end":{"line":159,"column":36}},"loc":{"start":{"line":159,"column":36},"end":{"line":159,"column":84}},"line":159},"8":{"name":"(anonymous_8)","decl":{"start":{"line":216,"column":10},"end":{"line":216,"column":28}},"loc":{"start":{"line":216,"column":59},"end":{"line":247,"column":null}},"line":216},"9":{"name":"(anonymous_9)","decl":{"start":{"line":252,"column":16},"end":{"line":252,"column":37}},"loc":{"start":{"line":252,"column":99},"end":{"line":254,"column":null}},"line":252},"10":{"name":"(anonymous_10)","decl":{"start":{"line":259,"column":10},"end":{"line":259,"column":31}},"loc":{"start":{"line":259,"column":66},"end":{"line":313,"column":null}},"line":259},"11":{"name":"(anonymous_11)","decl":{"start":{"line":319,"column":10},"end":{"line":319,"column":45}},"loc":{"start":{"line":319,"column":82},"end":{"line":420,"column":null}},"line":319},"12":{"name":"(anonymous_12)","decl":{"start":{"line":425,"column":10},"end":{"line":425,"column":33}},"loc":{"start":{"line":425,"column":70},"end":{"line":467,"column":null}},"line":425},"13":{"name":"(anonymous_13)","decl":{"start":{"line":469,"column":10},"end":{"line":469,"column":24}},"loc":{"start":{"line":469,"column":76},"end":{"line":475,"column":null}},"line":469},"14":{"name":"(anonymous_14)","decl":{"start":{"line":477,"column":10},"end":{"line":477,"column":24}},"loc":{"start":{"line":477,"column":76},"end":{"line":483,"column":null}},"line":477},"15":{"name":"(anonymous_15)","decl":{"start":{"line":485,"column":10},"end":{"line":485,"column":14}},"loc":{"start":{"line":485,"column":37},"end":{"line":487,"column":null}},"line":485}},"branchMap":{"0":{"loc":{"start":{"line":58,"column":4},"end":{"line":61,"column":null}},"type":"if","locations":[{"start":{"line":58,"column":4},"end":{"line":61,"column":null}},{"start":{},"end":{}}],"line":58},"1":{"loc":{"start":{"line":92,"column":4},"end":{"line":97,"column":null}},"type":"if","locations":[{"start":{"line":92,"column":4},"end":{"line":97,"column":null}},{"start":{},"end":{}}],"line":92},"2":{"loc":{"start":{"line":92,"column":8},"end":{"line":92,"column":63}},"type":"binary-expr","locations":[{"start":{"line":92,"column":8},"end":{"line":92,"column":40}},{"start":{"line":92,"column":40},"end":{"line":92,"column":63}}],"line":92},"3":{"loc":{"start":{"line":117,"column":6},"end":{"line":117,"column":null}},"type":"if","locations":[{"start":{"line":117,"column":6},"end":{"line":117,"column":null}},{"start":{},"end":{}}],"line":117},"4":{"loc":{"start":{"line":117,"column":10},"end":{"line":117,"column":68}},"type":"binary-expr","locations":[{"start":{"line":117,"column":10},"end":{"line":117,"column":40}},{"start":{"line":117,"column":40},"end":{"line":117,"column":68}}],"line":117},"5":{"loc":{"start":{"line":118,"column":6},"end":{"line":118,"column":null}},"type":"if","locations":[{"start":{"line":118,"column":6},"end":{"line":118,"column":null}},{"start":{},"end":{}}],"line":118},"6":{"loc":{"start":{"line":118,"column":10},"end":{"line":118,"column":68}},"type":"binary-expr","locations":[{"start":{"line":118,"column":10},"end":{"line":118,"column":40}},{"start":{"line":118,"column":40},"end":{"line":118,"column":68}}],"line":118},"7":{"loc":{"start":{"line":134,"column":6},"end":{"line":134,"column":null}},"type":"if","locations":[{"start":{"line":134,"column":6},"end":{"line":134,"column":null}},{"start":{},"end":{}}],"line":134},"8":{"loc":{"start":{"line":134,"column":10},"end":{"line":134,"column":68}},"type":"binary-expr","locations":[{"start":{"line":134,"column":10},"end":{"line":134,"column":40}},{"start":{"line":134,"column":40},"end":{"line":134,"column":68}}],"line":134},"9":{"loc":{"start":{"line":135,"column":6},"end":{"line":135,"column":null}},"type":"if","locations":[{"start":{"line":135,"column":6},"end":{"line":135,"column":null}},{"start":{},"end":{}}],"line":135},"10":{"loc":{"start":{"line":135,"column":10},"end":{"line":135,"column":68}},"type":"binary-expr","locations":[{"start":{"line":135,"column":10},"end":{"line":135,"column":40}},{"start":{"line":135,"column":40},"end":{"line":135,"column":68}}],"line":135},"11":{"loc":{"start":{"line":139,"column":4},"end":{"line":147,"column":null}},"type":"if","locations":[{"start":{"line":139,"column":4},"end":{"line":147,"column":null}},{"start":{},"end":{}}],"line":139},"12":{"loc":{"start":{"line":139,"column":8},"end":{"line":139,"column":64}},"type":"binary-expr","locations":[{"start":{"line":139,"column":8},"end":{"line":139,"column":37}},{"start":{"line":139,"column":37},"end":{"line":139,"column":64}}],"line":139},"13":{"loc":{"start":{"line":167,"column":4},"end":{"line":167,"column":null}},"type":"if","locations":[{"start":{"line":167,"column":4},"end":{"line":167,"column":null}},{"start":{},"end":{}}],"line":167},"14":{"loc":{"start":{"line":167,"column":8},"end":{"line":167,"column":44}},"type":"binary-expr","locations":[{"start":{"line":167,"column":8},"end":{"line":167,"column":21}},{"start":{"line":167,"column":21},"end":{"line":167,"column":44}}],"line":167},"15":{"loc":{"start":{"line":176,"column":6},"end":{"line":182,"column":null}},"type":"if","locations":[{"start":{"line":176,"column":6},"end":{"line":182,"column":null}},{"start":{"line":179,"column":13},"end":{"line":182,"column":null}}],"line":176},"16":{"loc":{"start":{"line":192,"column":22},"end":{"line":194,"column":null}},"type":"cond-expr","locations":[{"start":{"line":193,"column":8},"end":{"line":193,"column":null}},{"start":{"line":194,"column":8},"end":{"line":194,"column":null}}],"line":192},"17":{"loc":{"start":{"line":194,"column":66},"end":{"line":194,"column":97}},"type":"cond-expr","locations":[{"start":{"line":194,"column":87},"end":{"line":194,"column":95}},{"start":{"line":194,"column":95},"end":{"line":194,"column":97}}],"line":194},"18":{"loc":{"start":{"line":202,"column":4},"end":{"line":207,"column":null}},"type":"if","locations":[{"start":{"line":202,"column":4},"end":{"line":207,"column":null}},{"start":{"line":204,"column":4},"end":{"line":207,"column":null}}],"line":202},"19":{"loc":{"start":{"line":204,"column":4},"end":{"line":207,"column":null}},"type":"if","locations":[{"start":{"line":204,"column":4},"end":{"line":207,"column":null}},{"start":{},"end":{}}],"line":204},"20":{"loc":{"start":{"line":218,"column":4},"end":{"line":220,"column":null}},"type":"if","locations":[{"start":{"line":218,"column":4},"end":{"line":220,"column":null}},{"start":{},"end":{}}],"line":218},"21":{"loc":{"start":{"line":269,"column":4},"end":{"line":282,"column":null}},"type":"if","locations":[{"start":{"line":269,"column":4},"end":{"line":282,"column":null}},{"start":{},"end":{}}],"line":269},"22":{"loc":{"start":{"line":278,"column":8},"end":{"line":279,"column":null}},"type":"if","locations":[{"start":{"line":278,"column":8},"end":{"line":279,"column":null}},{"start":{"line":278,"column":42},"end":{"line":279,"column":null}}],"line":278},"23":{"loc":{"start":{"line":278,"column":42},"end":{"line":279,"column":null}},"type":"if","locations":[{"start":{"line":278,"column":42},"end":{"line":279,"column":null}},{"start":{},"end":{}}],"line":278},"24":{"loc":{"start":{"line":296,"column":28},"end":{"line":298,"column":null}},"type":"binary-expr","locations":[{"start":{"line":296,"column":28},"end":{"line":296,"column":null}},{"start":{"line":297,"column":8},"end":{"line":297,"column":null}},{"start":{"line":298,"column":8},"end":{"line":298,"column":null}}],"line":296},"25":{"loc":{"start":{"line":299,"column":23},"end":{"line":299,"column":null}},"type":"cond-expr","locations":[{"start":{"line":299,"column":39},"end":{"line":299,"column":72}},{"start":{"line":299,"column":72},"end":{"line":299,"column":null}}],"line":299},"26":{"loc":{"start":{"line":301,"column":21},"end":{"line":301,"column":null}},"type":"binary-expr","locations":[{"start":{"line":301,"column":21},"end":{"line":301,"column":48}},{"start":{"line":301,"column":48},"end":{"line":301,"column":null}}],"line":301},"27":{"loc":{"start":{"line":326,"column":4},"end":{"line":349,"column":null}},"type":"if","locations":[{"start":{"line":326,"column":4},"end":{"line":349,"column":null}},{"start":{},"end":{}}],"line":326},"28":{"loc":{"start":{"line":332,"column":8},"end":{"line":332,"column":null}},"type":"if","locations":[{"start":{"line":332,"column":8},"end":{"line":332,"column":null}},{"start":{},"end":{}}],"line":332},"29":{"loc":{"start":{"line":336,"column":8},"end":{"line":336,"column":null}},"type":"if","locations":[{"start":{"line":336,"column":8},"end":{"line":336,"column":null}},{"start":{},"end":{}}],"line":336},"30":{"loc":{"start":{"line":343,"column":8},"end":{"line":346,"column":null}},"type":"if","locations":[{"start":{"line":343,"column":8},"end":{"line":346,"column":null}},{"start":{},"end":{}}],"line":343},"31":{"loc":{"start":{"line":344,"column":10},"end":{"line":345,"column":null}},"type":"if","locations":[{"start":{"line":344,"column":10},"end":{"line":345,"column":null}},{"start":{"line":344,"column":48},"end":{"line":345,"column":null}}],"line":344},"32":{"loc":{"start":{"line":344,"column":48},"end":{"line":345,"column":null}},"type":"if","locations":[{"start":{"line":344,"column":48},"end":{"line":345,"column":null}},{"start":{},"end":{}}],"line":344},"33":{"loc":{"start":{"line":358,"column":4},"end":{"line":360,"column":null}},"type":"if","locations":[{"start":{"line":358,"column":4},"end":{"line":360,"column":null}},{"start":{},"end":{}}],"line":358},"34":{"loc":{"start":{"line":363,"column":4},"end":{"line":369,"column":null}},"type":"if","locations":[{"start":{"line":363,"column":4},"end":{"line":369,"column":null}},{"start":{},"end":{}}],"line":363},"35":{"loc":{"start":{"line":365,"column":6},"end":{"line":368,"column":null}},"type":"if","locations":[{"start":{"line":365,"column":6},"end":{"line":368,"column":null}},{"start":{},"end":{}}],"line":365},"36":{"loc":{"start":{"line":371,"column":4},"end":{"line":374,"column":null}},"type":"if","locations":[{"start":{"line":371,"column":4},"end":{"line":374,"column":null}},{"start":{},"end":{}}],"line":371},"37":{"loc":{"start":{"line":393,"column":23},"end":{"line":393,"column":null}},"type":"cond-expr","locations":[{"start":{"line":393,"column":39},"end":{"line":393,"column":65}},{"start":{"line":393,"column":65},"end":{"line":393,"column":null}}],"line":393},"38":{"loc":{"start":{"line":397,"column":26},"end":{"line":397,"column":null}},"type":"cond-expr","locations":[{"start":{"line":397,"column":45},"end":{"line":397,"column":74}},{"start":{"line":397,"column":74},"end":{"line":397,"column":null}}],"line":397},"39":{"loc":{"start":{"line":400,"column":21},"end":{"line":400,"column":null}},"type":"binary-expr","locations":[{"start":{"line":400,"column":21},"end":{"line":400,"column":45}},{"start":{"line":400,"column":45},"end":{"line":400,"column":null}}],"line":400},"40":{"loc":{"start":{"line":430,"column":4},"end":{"line":432,"column":null}},"type":"if","locations":[{"start":{"line":430,"column":4},"end":{"line":432,"column":null}},{"start":{},"end":{}}],"line":430},"41":{"loc":{"start":{"line":447,"column":23},"end":{"line":447,"column":null}},"type":"cond-expr","locations":[{"start":{"line":447,"column":39},"end":{"line":447,"column":65}},{"start":{"line":447,"column":65},"end":{"line":447,"column":null}}],"line":447},"42":{"loc":{"start":{"line":451,"column":26},"end":{"line":451,"column":null}},"type":"cond-expr","locations":[{"start":{"line":451,"column":45},"end":{"line":451,"column":74}},{"start":{"line":451,"column":74},"end":{"line":451,"column":null}}],"line":451},"43":{"loc":{"start":{"line":470,"column":4},"end":{"line":474,"column":null}},"type":"switch","locations":[{"start":{"line":471,"column":6},"end":{"line":471,"column":null}},{"start":{"line":472,"column":6},"end":{"line":472,"column":null}},{"start":{"line":473,"column":6},"end":{"line":473,"column":null}}],"line":470},"44":{"loc":{"start":{"line":478,"column":4},"end":{"line":482,"column":null}},"type":"switch","locations":[{"start":{"line":479,"column":6},"end":{"line":479,"column":null}},{"start":{"line":480,"column":6},"end":{"line":480,"column":null}},{"start":{"line":481,"column":6},"end":{"line":481,"column":null}}],"line":478}},"s":{"0":10,"1":10,"2":10,"3":2,"4":2,"5":8,"6":8,"7":8,"8":8,"9":0,"10":0,"11":0,"12":8,"13":8,"14":8,"15":8,"16":8,"17":7,"18":7,"19":1,"20":1,"21":7,"22":1,"23":1,"24":6,"25":6,"26":6,"27":8,"28":6,"29":0,"30":0,"31":0,"32":0,"33":0,"34":6,"35":6,"36":6,"37":0,"38":6,"39":0,"40":0,"41":0,"42":0,"43":0,"44":6,"45":0,"46":6,"47":0,"48":6,"49":6,"50":6,"51":3,"52":3,"53":3,"54":3,"55":3,"56":3,"57":3,"58":3,"59":0,"60":0,"61":3,"62":3,"63":3,"64":3,"65":3,"66":6,"67":3,"68":1,"69":2,"70":1,"71":1,"72":3,"73":0,"74":0,"75":0,"76":0,"77":7,"78":7,"79":7,"80":7,"81":6,"82":6,"83":6,"84":8,"85":8,"86":8,"87":8,"88":0,"89":8,"90":2,"91":8,"92":7,"93":7,"94":8,"95":8,"96":8,"97":8,"98":8,"99":8,"100":8,"101":8,"102":7,"103":7,"104":7,"105":7,"106":7,"107":6,"108":6,"109":6,"110":42,"111":22,"112":20,"113":20,"114":20,"115":0,"116":0,"117":0,"118":0,"119":0,"120":0,"121":0,"122":0,"123":0,"124":7,"125":7,"126":7,"127":7,"128":7,"129":7,"130":7,"131":0,"132":0,"133":7,"134":7,"135":7,"136":0,"137":0,"138":0,"139":0,"140":0,"141":0,"142":0,"143":0,"144":0,"145":0,"146":0,"147":0,"148":0,"149":0,"150":0,"151":0,"152":0,"153":0,"154":0,"155":0,"156":0,"157":0,"158":0,"159":0,"160":0,"161":0,"162":0,"163":0,"164":0,"165":0,"166":0,"167":0,"168":0,"169":6,"170":6,"171":0,"172":0,"173":6,"174":6,"175":0,"176":0,"177":19},"f":{"0":10,"1":10,"2":6,"3":8,"4":0,"5":0,"6":0,"7":6,"8":0,"9":0,"10":7,"11":7,"12":0,"13":6,"14":6,"15":19},"b":{"0":[2,8],"1":[1,6],"2":[7,1],"3":[0,0],"4":[0,0],"5":[0,0],"6":[0,0],"7":[0,0],"8":[0,0],"9":[0,0],"10":[0,0],"11":[0,6],"12":[6,0],"13":[3,3],"14":[6,3],"15":[3,0],"16":[3,0],"17":[0,0],"18":[1,2],"19":[1,1],"20":[0,0],"21":[6,1],"22":[0,8],"23":[2,6],"24":[8,8,6],"25":[2,6],"26":[8,0],"27":[6,1],"28":[22,20],"29":[20,0],"30":[0,0],"31":[0,0],"32":[
[...]
5":31,"s:329:63:329:82":122,"b:330:6:335:Infinity:undefined:undefined:undefined:undefined":22,"s:330:6:335:Infinity":123,"s:331:24:331:Infinity":124,"s:332:8:332:Infinity":125,"s:333:8:333:Infinity":126,"s:334:8:334:Infinity":127,"s:337:24:337:Infinity":128,"s:338:6:348:Infinity":129,"b:339:8:339:Infinity:undefined:undefined:undefined:undefined":23,"s:339:8:339:Infinity":130,"s:339:31:339:Infinity":131,"s:340:20:340:Infinity":132,"b:341:8:346:Infinity:undefined:undefined:undefined:undefined":24,"s:341:8:346:Infinity":133,"s:342:26:342:Infinity":134,"s:343:10:343:Infinity":135,"s:344:10:344:Infinity":136,"s:345:10:345:Infinity":137,"s:347:8:347:Infinity":138,"s:350:21:350:Infinity":139,"s:352:25:352:Infinity":140,"s:353:6:368:Infinity":141,"b:354:8:354:Infinity:undefined:undefined:undefined:undefined":25,"s:354:8:354:Infinity":142,"s:354:33:354:Infinity":143,"s:355:22:355:Infinity":144,"s:357:27:362:Infinity":145,"b:364:8:367:Infinity:undefined:undefined:undefined:undefined":26,"s:364:8:367:Infinity":146,"s:365:10:365:Infinity":147,"s:366:10:366:Infinity":148,"b:370:6:375:Infinity:373:13:375:Infinity":27,"s:370:6:375:Infinity":149,"s:371:8:371:Infinity":150,"s:372:8:372:Infinity":151,"s:374:8:374:Infinity":152,"s:376:6:376:Infinity":153,"s:378:6:378:Infinity":154,"s:379:6:379:Infinity":155,"f:389:16:389:53":32,"b:390:4:390:Infinity:undefined:undefined:undefined:undefined":28,"s:390:4:390:Infinity":156,"s:390:21:390:Infinity":157,"s:392:19:392:Infinity":158,"s:393:21:412:Infinity":159,"s:414:4:417:Infinity":160,"f:423:16:423:49":33,"s:424:19:424:Infinity":161,"s:426:21:445:Infinity":162,"s:447:20:447:Infinity":163,"s:448:23:448:Infinity":164,"s:449:4:459:Infinity":165,"s:450:25:455:Infinity":166,"b:456:6:458:Infinity:undefined:undefined:undefined:undefined":29,"s:456:6:458:Infinity":167,"s:457:8:457:Infinity":168,"b:461:4:465:Infinity:463:11:465:Infinity":30,"s:461:4:465:Infinity":169,"s:462:6:462:Infinity":170,"s:464:6:464:Infinity":171,"s:466:4:466:Infinity":172,"f:472:15:472:40":34,"s:473:4:473:Infinity":173,"f:479:16:479:47":35,"b:480:4:480:Infinity:undefined:undefined:undefined:undefined":31,"s:480:4:480:Infinity":174,"s:480:21:480:Infinity":175,"s:481:4:481:Infinity":176,"f:487:10:487:35":36,"s:488:18:488:Infinity":177,"s:489:22:489:Infinity":178,"b:489:22:489:55:489:55:489:Infinity":32,"s:491:4:823:Infinity":179,"f:943:10:943:14":37,"s:944:4:944:Infinity":180}}}
,"/mnt/c/Users/송용준/Desktop/Dev/projectmanager/vibereport-extension/src/views/SummaryViewProvider.ts": {"path":"/mnt/c/Users/송용준/Desktop/Dev/projectmanager/vibereport-extension/src/views/SummaryViewProvider.ts","statementMap":{"0":{"start":{"line":19,"column":36},"end":{"line":19,"column":null}},"1":{"start":{"line":29,"column":4},"end":{"line":29,"column":null}},"2":{"start":{"line":30,"column":4},"end":{"line":30,"column":null}},"3":{"start":{"line":31,"column":4},"end":{"line":31,"column":null}},"4":{"start":{"line":35,"column":4},"end":{"line":35,"column":null}},"5":{"start":{"line":36,"column":4},"end":{"line":36,"column":null}},"6":{"start":{"line":40,"column":4},"end":{"line":42,"column":null}},"7":{"start":{"line":41,"column":6},"end":{"line":41,"column":null}},"8":{"start":{"line":44,"column":4},"end":{"line":46,"column":null}},"9":{"start":{"line":45,"column":6},"end":{"line":45,"column":null}},"10":{"start":{"line":50,"column":15},"end":{"line":50,"column":null}},"11":{"start":{"line":51,"column":21},"end":{"line":51,"column":null}},"12":{"start":{"line":52,"column":4},"end":{"line":54,"column":null}},"13":{"start":{"line":52,"column":17},"end":{"line":52,"column":20}},"14":{"start":{"line":53,"column":6},"end":{"line":53,"column":null}},"15":{"start":{"line":55,"column":4},"end":{"line":55,"column":null}},"16":{"start":{"line":63,"column":4},"end":{"line":63,"column":null}},"17":{"start":{"line":65,"column":4},"end":{"line":68,"column":null}},"18":{"start":{"line":71,"column":4},"end":{"line":92,"column":null}},"19":{"start":{"line":72,"column":6},"end":{"line":91,"column":null}},"20":{"start":{"line":74,"column":10},"end":{"line":74,"column":null}},"21":{"start":{"line":75,"column":10},"end":{"line":75,"column":null}},"22":{"start":{"line":77,"column":10},"end":{"line":77,"column":null}},"23":{"start":{"line":78,"column":10},"end":{"line":78,"column":null}},"24":{"start":{"line":80,"column":10},"end":{"line":80,"column":null}},"25":{"start":{"line":81,"column":10},"end":{"line":81,"column":null}},"26":{"start":{"line":83,"column":10},"end":{"line":83,"column":null}},"27":{"start":{"line":84,"column":10},"end":{"line":84,"column":null}},"28":{"start":{"line":86,"column":10},"end":{"line":86,"column":null}},"29":{"start":{"line":87,"column":10},"end":{"line":87,"column":null}},"30":{"start":{"line":89,"column":10},"end":{"line":89,"column":null}},"31":{"start":{"line":90,"column":10},"end":{"line":90,"column":null}},"32":{"start":{"line":94,"column":4},"end":{"line":94,"column":null}},"33":{"start":{"line":98,"column":4},"end":{"line":98,"column":null}},"34":{"start":{"line":102,"column":4},"end":{"line":104,"column":null}},"35":{"start":{"line":103,"column":6},"end":{"line":103,"column":null}},"36":{"start":{"line":106,"column":4},"end":{"line":113,"column":null}},"37":{"start":{"line":107,"column":20},"end":{"line":107,"column":null}},"38":{"start":{"line":108,"column":6},"end":{"line":108,"column":null}},"39":{"start":{"line":110,"column":6},"end":{"line":110,"column":null}},"40":{"start":{"line":112,"column":6},"end":{"line":112,"column":null}},"41":{"start":{"line":117,"column":10},"end":{"line":117,"column":null}},"42":{"start":{"line":118,"column":4},"end":{"line":121,"column":null}},"43":{"start":{"line":119,"column":6},"end":{"line":119,"column":null}},"44":{"start":{"line":120,"column":6},"end":{"line":120,"column":null}},"45":{"start":{"line":123,"column":10},"end":{"line":123,"column":null}},"46":{"start":{"line":125,"column":19},"end":{"line":125,"column":null}},"47":{"start":{"line":126,"column":4},"end":{"line":130,"column":null}},"48":{"start":{"line":127,"column":6},"end":{"line":127,"column":null}},"49":{"start":{"line":129,"column":6},"end":{"line":129,"column":null}},"50":{"start":{"line":132,"column":4},"end":{"line":132,"column":null}},"51":{"start":{"line":136,"column":18},"end":{"line":136,"column":null}},"52":{"start":{"line":137,"column":22},"end":{"line":137,"column":null}},"53":{"start":{"line":139,"column":26},"end":{"line":139,"column":null}},"54":{"start":{"line":140,"column":25},"end":{"line":140,"column":null}},"55":{"start":{"line":141,"column":23},"end":{"line":143,"column":null}},"56":{"start":{"line":144,"column":24},"end":{"line":144,"column":null}},"57":{"start":{"line":146,"column":23},"end":{"line":146,"column":null}},"58":{"start":{"line":147,"column":35},"end":{"line":147,"column":null}},"59":{"start":{"line":148,"column":35},"end":{"line":148,"column":null}},"60":{"start":{"line":149,"column":25},"end":{"line":151,"column":null}},"61":{"start":{"line":152,"column":22},"end":{"line":154,"column":null}},"62":{"start":{"line":156,"column":6},"end":{"line":160,"column":null}},"63":{"start":{"line":161,"column":27},"end":{"line":163,"column":null}},"64":{"start":{"line":165,"column":24},"end":{"line":165,"column":null}},"65":{"start":{"line":167,"column":6},"end":{"line":173,"column":null}},"66":{"start":{"line":175,"column":4},"end":{"line":316,"column":null}}},"fnMap":{"0":{"name":"(anonymous_0)","decl":{"start":{"line":28,"column":2},"end":{"line":28,"column":14}},"loc":{"start":{"line":28,"column":77},"end":{"line":32,"column":null}},"line":28},"1":{"name":"(anonymous_1)","decl":{"start":{"line":34,"column":9},"end":{"line":34,"column":29}},"loc":{"start":{"line":34,"column":61},"end":{"line":37,"column":null}},"line":34},"2":{"name":"(anonymous_2)","decl":{"start":{"line":39,"column":10},"end":{"line":39,"column":44}},"loc":{"start":{"line":39,"column":44},"end":{"line":47,"column":null}},"line":39},"3":{"name":"(anonymous_3)","decl":{"start":{"line":44,"column":45},"end":{"line":44,"column":51}},"loc":{"start":{"line":44,"column":51},"end":{"line":46,"column":7}},"line":44},"4":{"name":"(anonymous_4)","decl":{"start":{"line":49,"column":10},"end":{"line":49,"column":29}},"loc":{"start":{"line":49,"column":29},"end":{"line":56,"column":null}},"line":49},"5":{"name":"(anonymous_5)","decl":{"start":{"line":58,"column":9},"end":{"line":58,"column":null}},"loc":{"start":{"line":62,"column":10},"end":{"line":95,"column":null}},"line":62},"6":{"name":"(anonymous_6)","decl":{"start":{"line":71,"column":44},"end":{"line":71,"column":51}},"loc":{"start":{"line":71,"column":63},"end":{"line":92,"column":5}},"line":71},"7":{"name":"(anonymous_7)","decl":{"start":{"line":97,"column":15},"end":{"line":97,"column":40}},"loc":{"start":{"line":97,"column":40},"end":{"line":99,"column":null}},"line":97},"8":{"name":"(anonymous_8)","decl":{"start":{"line":101,"column":16},"end":{"line":101,"column":47}},"loc":{"start":{"line":101,"column":47},"end":{"line":114,"column":null}},"line":101},"9":{"name":"(anonymous_9)","decl":{"start":{"line":116,"column":16},"end":{"line":116,"column":61}},"loc":{"start":{"line":116,"column":61},"end":{"line":133,"column":null}},"line":116},"10":{"name":"(anonymous_10)","decl":{"start":{"line":135,"column":10},"end":{"line":135,"column":25}},"loc":{"start":{"line":135,"column":64},"end":{"line":345,"column":null}},"line":135}},"branchMap":{"0":{"loc":{"start":{"line":40,"column":4},"end":{"line":42,"column":null}},"type":"if","locations":[{"start":{"line":40,"column":4},"end":{"line":42,"column":null}},{"start":{},"end":{}}],"line":40},"1":{"loc":{"start":{"line":72,"column":6},"end":{"line":91,"column":null}},"type":"switch","locations":[{"start":{"line":73,"column":8},"end":{"line":75,"column":null}},{"start":{"line":76,"column":8},"end":{"line":78,"column":null}},{"start":{"line":79,"column":8},"end":{"line":81,"column":null}},{"start":{"line":82,"column":8},"end":{"line":84,"column":null}},{"start":{"line":85,"column":8},"end":{"line":87,"column":null}},{"start":{"line":88,"column":8},"end":{"line":90,"column":null}}],"line":72},"2":{"loc":{"start":{"line":102,"column":4},"end":{"line":104,"column":null}},"type":"if","locations":[{"start":{"line":102,"column":4},"end":{"line":104,"column":null}},{"start":{},"end":{}}],"line":102},"3":{"loc":{"start":{"line":117,"column":10},"end":{"line":117,"column":null}},"type":"binary-expr","locations":[{"start":{"line":117,"column":10},"end":{"line":117,"column":60}},{"start":{"line":117,"column":55},"end":{"line":117,"column":null}}],"line":117},"4":{"loc":{"start":{"line":118,"column":4},"end":{"line":121,"column":null}},"type":"if","locations":[{"start":{"line":118,"column":4},"end":{"line":121,"column":null}},{"start":{},"end":{}}],"line":118},"5":{"loc":{"start":{"line":137,"column":22},"end":{"line":137,"column":null}},"type":"binary-expr","locations":[{"start":{"line":137,"column":22},"end":{"line":137,"column":55}},{"start":{"line":137,"column":55},"end":{"line":137,"column":null}}],"line":137},"6":{"loc":{"start":{"line":139,"column":26},"end":{"line":139,"column":null}},"type":"binary-expr","locations":[{"start":{"line":139,"column":26},"end":{"line":139,"column":52}},{"start":{"line":139,"column":52},"end":{"line":139,"column":null}}],"line":139},"7":{"loc":{"start":{"line":140,"column":25},"end":{"line":140,"column":null}},"type":"binary-expr","locations":[{"start":{"line":140,"column":25},"end":{"line":140,"column":62}},{"start":{"line":140,"column":62},"end":{"line":140,"column":null}}],"line":140},"8":{"loc":{"start":{"line":141,"column":23},"end":{"line":143,"column":null}},"type":"cond-expr","locations":[{"start":{"line":141,"column":30},"end":{"line":142,"column":null}},{"start":{"line":143,"column":8},"end":{"line":143,"column":null}}],"line":141},"9":{"loc":{"start":{"line":144,"column":24},"end":{"line":144,"column":null}},"type":"binary-expr","locations":[{"start":{"line":144,"column":24},"end":{"line":144,"column":60}},{"start":{"line":144,"column":60},"end":{"line":144,"column":null}}],"line":144},"10":{"loc":{"start":{"line":147,"column":35},"end":{"line":147,"column":null}},"type":"cond-expr","locations":[{"start":{"line":147,"column":57},"end":{"line":147,"column":64}},{"start":{"line":147,"column":64},"end":{"line":147,"column":null}}],"line":147},"11":{"loc":{"start":{"line":148,"column":35},"end":{"line":148,"column":null}},"type":"cond-expr","locations":[{"start":{"line":148,"column":59},"end":{"line":148,"column":68}},{"start":{"line":148,"column":68},"end":{"line":148,"column":null}}],"line":148},"12":{"loc":{"start":{"line":149,"column":25},"end":{"line":151,"column":null}},"type":"cond-expr","locations":[{"start":{"line":150,"column":8},"end":{"line":150,"column":null}},{"start":{"line":151,"column":8},"end":{"line":151,"column":null}}],"line":149},"13":{"loc":{"start":{"line":152,"column":22},"end":{"line":154,"column":null}},"type":"cond-expr","locations":[{"start":{"line":152,"column":34},"end":{"line":153,"column":null}},{"start":{"line":154,"column":8},"end":{"line":154,"column":null}}],"line":152},"14":{"loc":{"start":{"line":156,"column":6},"end":{"line":160,"column":null}},"type":"cond-expr","locations":[{"start":{"line":157,"column":10},"end":{"line":157,"column":null}},{"start":{"line":158,"column":10},"end":{"line":160,"column":null}}],"line":156},"15":{"loc":{"start":{"line":158,"column":10},"end":{"line":160,"column":null}},"type":"cond-expr","locations":[{"start":{"line":159,"column":12},"end":{"line":159,"column":null}},{"start":{"line":160,"column":12},"end":{"line":160,"column":null}}],"line":158},"16":{"loc":{"start":{"line":161,"column":27},"end":{"line":163,"column":null}},"type":"cond-expr","locations":[{"start":{"line":162,"column":8},"end":{"line":162,"column":null}},{"start":{"line":163,"column":8},"end":{"line":163,"column":null}}],"line":161},"17":{"loc":{"start":{"line":167,"column":6},"end":{"line":173,"column":null}},"type":"cond-expr","locations":[{"start":{"line":168,"column":10},"end":{"line":172,"column":null}},{"start":{"line":173,"column":10},"end":{"line":173,"column":null}}],"line":167},"18":{"loc":{"start":{"line":167,"column":6},"end":{"line":167,"column":null}},"type":"binary-expr","locations":[{"start":{"line":167,"column":6},"end":{"line":167,"column":60}},{"start":{"line":167,"column":60},"end":{"line":167,"column":null}}],"line":167},"19":{"loc":{"start":{"line":169,"column":17},"end":{"line":169,"column":null}},"type":"binary-expr","locations":[{"start":{"line":169,"column":17},"end":{"line":169,"column":55}},{"start":{"line":169,"column":55},"end":{"line":169,"column":null}}],"line":169},"20":{"loc":{"start":{"line":170,"column":19},"end":{"line":170,"column":null}},"type":"binary-expr","locations":[{"start":{"line":170,"column":19},"end":{"line":170,"column":59}},{"start":{"line":170,"column":59},"end":{"line":170,"column":null}}],"line":170},"21":{"loc":{"start":{"line":262,"column":4},"end":{"line":283,"column":null}},"type":"cond-expr","locations":[{"start":{"line":262,"column":12},"end":{"line":282,"column":null}},{"start":{"line":283,"column":6},"end":{"line":283,"column":null}}],"line":262},"22":{"loc":{"start":{"line":278,"column":6},"end":{"line":282,"column":10}},"type":"cond-expr","locations":[{"start":{"line":278,"column":20},"end":{"line":280,"column":null}},{"start":{"line":282,"column":8},"end":{"line":282,"column":10}}],"line":278},"23":{"loc":{"start":{"line":289,"column":4},"end":{"line":293,"column":8}},"type":"cond-expr","locations":[{"start":{"line":289,"column":21},"end":{"line":291,"column":null}},{"start":{"line":293,"column":6},"end":{"line":293,"column":8}}],"line":289}},"s":{"0":1,"1":2,"2":2,"3":2,"4":0,"5":0,"6":0,"7":0,"8":0,"9":0,"10":3,"11":3,"12":3,"13":3,"14":96,"15":3,"16":2,"17":2,"18":2,"19":0,"20":0,"21":0,"22":0,"23":0,"24":0,"25":0,"26":0,"27":0,"28":0,"29":0,"30":0,"31":0,"32":2,"33":1,"34":3,"35":0,"36":3,"37":3,"38":3,"39":0,"40":0,"41":3,"42":3,"43":0,"44":0,"45":3,"46":3,"47":3,"48":3,"49":0,"50":3,"51":3,"52":3,"53":3,"54":3,"55":3,"56":3,"57":3,"58":3,"59":3,"60":3,"61":3,"62":3,"63":3,"64":3,"65":3,"66":3},"f":{"0":2,"1":0,"2":0,"3":0,"4":3,"5":2,"6":0,"7":1,"8":3,"9":3,"10":3},"b":{"0":[0,0],"1":[0,0,0,0,0,0],"2":[0,3],"3":[3,3],"4":[0,3],"5":[3,3],"6":[3,3],"7":[3,3],"8":[3,0],"9":[3,0],"10":[0,3],"11":[0,3],"12":[0,3],"13":[0,3],"14":[0,3],"15":[0,3],"16":[0,3],"17":[0,3],"18":[3,0],"19":[0,0],"20":[0,0],"21":[3,0],"22":[0,3],"23":[0,3]},"meta":{"lastBranch":24,"lastFunction":11,"lastStatement":67,"seen":{"s:19:36:19:Infinity":0,"f:28:2:28:14":0,"s:29:4:29:Infinity":1,"s:30:4:30:Infinity":2,"s:31:4:31:Infinity":3,"f:34:9:34:29":1,"s:35:4:35:Infinity":4,"s:36:4:36:Infinity":5,"f:39:10:39:44":2,"b:40:4:42:Infinity:undefined:undefined:undefined:undefined":0,"s:40:4:42:Infinity":6,"s:41:6:41:Infinity":7,"s:44:4:46:Infinity":8,"f:44:45:44:51":3,"s:45:6:45:Infinity":9,"f:49:10:49:29":4,"s:50:15:50:Infinity":10,"s:51:21:51:Infinity":11,"s:52:4:54:Infinity":12,"s:52:17:52:20":13,"s:53:6:53:Infinity":14,"s:55:4:55:Infinity":15,"f:58:9:58:Infinity":5,"s:63:4:63:Infinity":16,"s:65:4:68:Infinity":17,"s:71:4:92:Infinity":18,"f:71:44:71:51":6,"b:73:8:75:Infinity:76:8:78:Infinity:79:8:81:Infinity:82:8:84:Infinity:85:8:87:Infinity:88:8:90:Infinity":1,"s:72:6:91:Infinity":19,"s:74:10:74:Infinity":20,"s:75:10:75:Infinity":21,"s:77:10:77:Infinity":22,"s:78:10:78:Infinity":23,"s:80:10:80:Infinity":24,"s:81:10:81:Infinity":25,"s:83:10:83:Infinity":26,"s:84:10:84:Infinity":27,"s:86:10:86:Infinity":28,"s:87:10:87:Infinity":29,"s:89:10:89:Infinity":30,"s:90:10:90:Infinity":31,"s:94:4:94:Infinity":32,"f:97:15:97:40":7,"s:98:4:98:Infinity":33,"f:101:16:101:47":8,"b:102:4:104:Infinity:undefined:undefined:undefined:undefined":2,"s:102:4:104:Infinity":34,"s:103:6:103:Infinity":35,"s:106:4:113:Infinity":36,"s:107:20:107:Infinity":37,"s:108:6:108:Infinity":38,"s:110:6:110:Infinity":39,"s:112:6:112:Infinity":40,"f:116:16:116:61":9,"s:117:10:117:Infinity":41,"b:117:10:117:60:117:55:117:Infinity":3,"b:118:4:121:Infinity:undefined:undefined:undefined:undefined":4,"s:118:4:121:Infinity":42,"s:119:6:119:Infinity":43,"s:120:6:120:Infinity":44,"s:123:10:123:Infinity":45,"s:125:19:125:Infinity":46,"s:126:4:130:Infinity":47,"s:127:6:127:Infinity":48,"s:129:6:129:Infinity":49,"s:132:4:132:Infinity":50,"f:135:10:135:25":10,"s:136:18:136:Infinity":51,"s:137:22:137:Infinity":52,"b:137:22:137:55:137:55:137:Infinity":5,"s:139:26:139:Infinity":53,"b:139:26:139:52:139:52:139:Infinity":6,"s:140:25:140:Infinity":54,"b:140:25:140:62:140:62:140:Infinity":7,"s:141:23:143:Infinity":55,"b:141:30:142:Infinity:143:8:143:Infinity":8,"s:144:24:144:Infinity":56,"b:144:24:144:60:144:60:144:Infinity":9,"s:146:23:146:Infinity":57,"s:147:35:147:Infinity":58,"b:147:57:147:64:147:64:147:Infinity":10,"s:148:35:148:Infinity":59,"b:148:59:148:68:148:68:148:Infinity":11,"s:149:25:151:Infinity":60,"b:150:8:150:Infinity:151:8:151:Infinity":12,"s:152:22:154:Infinity":61,"b:152:34:153:Infinity:154:8:154:Infinity":13,"s:156:6:160:Infinity":62,"b:157:10:157:Infinity:158:10:160:Infinity":14,"b:159:12:159:Infinity:160:12:160:Infinity":15,"s:161:27:163:Infinity":63,"b:162:8:162:Infinity:163:8:163:Infinity":16,"s:165:24:165:Infinity":64,"s:167:6:173:Infinity":65,"b:168:10:172:Infinity:173:10:173:Infinity":17,"b:167:6:167:60:167:60:167:Infinity":18,"b:169:17:169:55:169:55:169:Infinity":19,"b:170:19:170:59:170:59:170:Infinity":20,"s:175:4:316:Infinity":66,"b:262:12:282:Infinity:283:6:283:Infinity":21,"b:278:20:280:Infinity:282:8:282:10":22,"b:289:21:291:Infinity:293:6:293:8":23}}}
,"/mnt/c/Users/송용준/Desktop/Dev/projectmanager/vibereport-extension/src/views/index.ts": {"path":"/mnt/c/Users/송용준/Desktop/Dev/projectmanager/vibereport-extension/src/views/index.ts","statementMap":{},"fnMap":{},"branchMap":{},"s":{},"f":{},"b":{},"meta":{"lastBranch":0,"lastFunction":0,"lastStatement":0,"seen":{}}}
}
